mode: atomic
codeberg.org/snonux/hexai/cmd/hexai/main.go:14.13,17.18 3 0
codeberg.org/snonux/hexai/cmd/hexai/main.go:17.18,20.3 2 0
codeberg.org/snonux/hexai/cmd/hexai/main.go:22.2,22.104 1 0
codeberg.org/snonux/hexai/cmd/hexai/main.go:22.104,24.3 1 0
codeberg.org/snonux/hexai/cmd/hexai-lsp/main.go:13.13,17.18 4 0
codeberg.org/snonux/hexai/cmd/hexai-lsp/main.go:17.18,20.3 2 0
codeberg.org/snonux/hexai/cmd/hexai-lsp/main.go:22.2,22.79 1 0
codeberg.org/snonux/hexai/cmd/hexai-lsp/main.go:22.79,24.3 1 0
codeberg.org/snonux/hexai/cmd/hexai/main.go:14.13,17.18 3 0
codeberg.org/snonux/hexai/cmd/hexai/main.go:17.18,20.3 2 0
codeberg.org/snonux/hexai/cmd/hexai/main.go:22.2,22.104 1 0
codeberg.org/snonux/hexai/cmd/hexai/main.go:22.104,24.3 1 0
codeberg.org/snonux/hexai/cmd/hexai-lsp/main.go:13.13,17.18 4 0
codeberg.org/snonux/hexai/cmd/hexai-lsp/main.go:17.18,20.3 2 0
codeberg.org/snonux/hexai/cmd/hexai-lsp/main.go:22.2,22.79 1 0
codeberg.org/snonux/hexai/cmd/hexai-lsp/main.go:22.79,24.3 1 0
codeberg.org/snonux/hexai/internal/appconfig/config.go:62.29,85.2 2 5
codeberg.org/snonux/hexai/internal/appconfig/config.go:89.35,91.22 2 4
codeberg.org/snonux/hexai/internal/appconfig/config.go:91.22,93.6 1 1
codeberg.org/snonux/hexai/internal/appconfig/config.go:95.5,96.19 2 3
codeberg.org/snonux/hexai/internal/appconfig/config.go:96.19,99.6 1 0
codeberg.org/snonux/hexai/internal/appconfig/config.go:99.11,100.91 1 3
codeberg.org/snonux/hexai/internal/appconfig/config.go:100.91,102.10 1 2
codeberg.org/snonux/hexai/internal/appconfig/config.go:108.5,108.53 1 3
codeberg.org/snonux/hexai/internal/appconfig/config.go:108.53,110.6 1 1
codeberg.org/snonux/hexai/internal/appconfig/config.go:111.5,111.15 1 3
codeberg.org/snonux/hexai/internal/appconfig/config.go:115.66,117.16 2 4
codeberg.org/snonux/hexai/internal/appconfig/config.go:117.16,118.43 1 1
codeberg.org/snonux/hexai/internal/appconfig/config.go:118.43,120.4 1 0
codeberg.org/snonux/hexai/internal/appconfig/config.go:121.3,121.18 1 1
codeberg.org/snonux/hexai/internal/appconfig/config.go:123.2,127.45 4 3
codeberg.org/snonux/hexai/internal/appconfig/config.go:127.45,128.20 1 1
codeberg.org/snonux/hexai/internal/appconfig/config.go:128.20,130.4 1 1
codeberg.org/snonux/hexai/internal/appconfig/config.go:131.3,131.18 1 1
codeberg.org/snonux/hexai/internal/appconfig/config.go:133.2,133.22 1 2
codeberg.org/snonux/hexai/internal/appconfig/config.go:136.37,139.2 2 3
codeberg.org/snonux/hexai/internal/appconfig/config.go:142.39,143.25 1 3
codeberg.org/snonux/hexai/internal/appconfig/config.go:143.25,145.3 1 3
codeberg.org/snonux/hexai/internal/appconfig/config.go:146.2,146.56 1 3
codeberg.org/snonux/hexai/internal/appconfig/config.go:146.56,148.3 1 3
codeberg.org/snonux/hexai/internal/appconfig/config.go:149.2,149.34 1 3
codeberg.org/snonux/hexai/internal/appconfig/config.go:149.34,151.3 1 3
codeberg.org/snonux/hexai/internal/appconfig/config.go:152.2,152.32 1 3
codeberg.org/snonux/hexai/internal/appconfig/config.go:152.32,154.3 1 3
codeberg.org/snonux/hexai/internal/appconfig/config.go:155.2,155.32 1 3
codeberg.org/snonux/hexai/internal/appconfig/config.go:155.32,157.3 1 3
codeberg.org/snonux/hexai/internal/appconfig/config.go:158.5,158.39 1 3
codeberg.org/snonux/hexai/internal/appconfig/config.go:158.39,160.6 1 3
codeberg.org/snonux/hexai/internal/appconfig/config.go:161.5,161.41 1 3
codeberg.org/snonux/hexai/internal/appconfig/config.go:161.41,163.6 1 3
codeberg.org/snonux/hexai/internal/appconfig/config.go:164.5,164.39 1 3
codeberg.org/snonux/hexai/internal/appconfig/config.go:164.39,164.94 1 3
codeberg.org/snonux/hexai/internal/appconfig/config.go:165.5,165.39 1 3
codeberg.org/snonux/hexai/internal/appconfig/config.go:165.39,165.94 1 3
codeberg.org/snonux/hexai/internal/appconfig/config.go:166.5,166.41 1 3
codeberg.org/snonux/hexai/internal/appconfig/config.go:166.41,168.6 1 3
codeberg.org/snonux/hexai/internal/appconfig/config.go:169.5,169.58 1 3
codeberg.org/snonux/hexai/internal/appconfig/config.go:169.58,171.6 1 0
codeberg.org/snonux/hexai/internal/appconfig/config.go:172.5,172.59 1 3
codeberg.org/snonux/hexai/internal/appconfig/config.go:172.59,174.6 1 0
codeberg.org/snonux/hexai/internal/appconfig/config.go:175.5,175.58 1 3
codeberg.org/snonux/hexai/internal/appconfig/config.go:175.58,177.6 1 0
codeberg.org/snonux/hexai/internal/appconfig/config.go:178.5,178.36 1 3
codeberg.org/snonux/hexai/internal/appconfig/config.go:178.36,180.6 1 0
codeberg.org/snonux/hexai/internal/appconfig/config.go:181.5,181.56 1 3
codeberg.org/snonux/hexai/internal/appconfig/config.go:181.56,183.6 1 3
codeberg.org/snonux/hexai/internal/appconfig/config.go:187.47,188.58 1 3
codeberg.org/snonux/hexai/internal/appconfig/config.go:188.58,190.3 1 3
codeberg.org/snonux/hexai/internal/appconfig/config.go:191.2,191.56 1 3
codeberg.org/snonux/hexai/internal/appconfig/config.go:191.56,193.3 1 3
codeberg.org/snonux/hexai/internal/appconfig/config.go:194.2,194.36 1 3
codeberg.org/snonux/hexai/internal/appconfig/config.go:194.36,196.3 1 3
codeberg.org/snonux/hexai/internal/appconfig/config.go:197.2,197.58 1 3
codeberg.org/snonux/hexai/internal/appconfig/config.go:197.58,199.3 1 3
codeberg.org/snonux/hexai/internal/appconfig/config.go:200.2,200.56 1 3
codeberg.org/snonux/hexai/internal/appconfig/config.go:200.56,202.3 1 3
codeberg.org/snonux/hexai/internal/appconfig/config.go:203.2,203.36 1 3
codeberg.org/snonux/hexai/internal/appconfig/config.go:203.36,205.3 1 3
codeberg.org/snonux/hexai/internal/appconfig/config.go:206.2,206.59 1 3
codeberg.org/snonux/hexai/internal/appconfig/config.go:206.59,208.3 1 3
codeberg.org/snonux/hexai/internal/appconfig/config.go:209.2,209.57 1 3
codeberg.org/snonux/hexai/internal/appconfig/config.go:209.57,211.3 1 3
codeberg.org/snonux/hexai/internal/appconfig/config.go:212.2,212.37 1 3
codeberg.org/snonux/hexai/internal/appconfig/config.go:212.37,214.3 1 3
codeberg.org/snonux/hexai/internal/appconfig/config.go:217.38,219.72 2 4
codeberg.org/snonux/hexai/internal/appconfig/config.go:219.72,221.3 1 4
codeberg.org/snonux/hexai/internal/appconfig/config.go:221.8,223.17 2 0
codeberg.org/snonux/hexai/internal/appconfig/config.go:223.17,225.4 1 0
codeberg.org/snonux/hexai/internal/appconfig/config.go:226.3,226.70 1 0
codeberg.org/snonux/hexai/internal/appconfig/config.go:228.5,228.27 1 4
codeberg.org/snonux/hexai/internal/appconfig/config.go:235.43,240.37 3 3
codeberg.org/snonux/hexai/internal/appconfig/config.go:240.37,240.79 1 72
codeberg.org/snonux/hexai/internal/appconfig/config.go:241.5,241.44 1 3
codeberg.org/snonux/hexai/internal/appconfig/config.go:241.44,243.20 2 21
codeberg.org/snonux/hexai/internal/appconfig/config.go:243.20,243.39 1 14
codeberg.org/snonux/hexai/internal/appconfig/config.go:244.9,245.23 2 7
codeberg.org/snonux/hexai/internal/appconfig/config.go:245.23,245.42 1 0
codeberg.org/snonux/hexai/internal/appconfig/config.go:245.42,245.85 1 0
codeberg.org/snonux/hexai/internal/appconfig/config.go:245.88,245.103 1 0
codeberg.org/snonux/hexai/internal/appconfig/config.go:246.9,246.23 1 7
codeberg.org/snonux/hexai/internal/appconfig/config.go:248.5,248.54 1 3
codeberg.org/snonux/hexai/internal/appconfig/config.go:248.54,250.20 2 12
codeberg.org/snonux/hexai/internal/appconfig/config.go:250.20,250.41 1 8
codeberg.org/snonux/hexai/internal/appconfig/config.go:251.9,252.23 2 4
codeberg.org/snonux/hexai/internal/appconfig/config.go:252.23,253.30 1 0
codeberg.org/snonux/hexai/internal/appconfig/config.go:253.30,253.73 1 0
codeberg.org/snonux/hexai/internal/appconfig/config.go:254.13,254.30 1 0
codeberg.org/snonux/hexai/internal/appconfig/config.go:256.9,256.24 1 4
codeberg.org/snonux/hexai/internal/appconfig/config.go:259.5,259.50 1 3
codeberg.org/snonux/hexai/internal/appconfig/config.go:259.50,261.6 2 1
codeberg.org/snonux/hexai/internal/appconfig/config.go:262.5,262.51 1 3
codeberg.org/snonux/hexai/internal/appconfig/config.go:262.51,264.6 2 1
codeberg.org/snonux/hexai/internal/appconfig/config.go:265.5,265.60 1 3
codeberg.org/snonux/hexai/internal/appconfig/config.go:265.60,267.6 2 1
codeberg.org/snonux/hexai/internal/appconfig/config.go:268.5,268.58 1 3
codeberg.org/snonux/hexai/internal/appconfig/config.go:268.58,270.6 2 1
codeberg.org/snonux/hexai/internal/appconfig/config.go:271.5,271.57 1 3
codeberg.org/snonux/hexai/internal/appconfig/config.go:271.57,273.6 2 1
codeberg.org/snonux/hexai/internal/appconfig/config.go:274.5,274.64 1 3
codeberg.org/snonux/hexai/internal/appconfig/config.go:274.64,276.6 2 1
codeberg.org/snonux/hexai/internal/appconfig/config.go:277.5,277.62 1 3
codeberg.org/snonux/hexai/internal/appconfig/config.go:277.62,279.6 2 1
codeberg.org/snonux/hexai/internal/appconfig/config.go:280.5,280.62 1 3
codeberg.org/snonux/hexai/internal/appconfig/config.go:280.62,282.6 2 1
codeberg.org/snonux/hexai/internal/appconfig/config.go:283.5,283.63 1 3
codeberg.org/snonux/hexai/internal/appconfig/config.go:283.63,285.6 2 1
codeberg.org/snonux/hexai/internal/appconfig/config.go:286.5,286.57 1 3
codeberg.org/snonux/hexai/internal/appconfig/config.go:286.57,289.33 3 1
codeberg.org/snonux/hexai/internal/appconfig/config.go:289.33,290.51 1 3
codeberg.org/snonux/hexai/internal/appconfig/config.go:290.51,292.14 1 3
codeberg.org/snonux/hexai/internal/appconfig/config.go:294.9,294.19 1 1
codeberg.org/snonux/hexai/internal/appconfig/config.go:296.5,296.50 1 3
codeberg.org/snonux/hexai/internal/appconfig/config.go:296.50,296.84 2 0
codeberg.org/snonux/hexai/internal/appconfig/config.go:297.5,297.51 1 3
codeberg.org/snonux/hexai/internal/appconfig/config.go:297.51,297.86 2 0
codeberg.org/snonux/hexai/internal/appconfig/config.go:298.5,298.50 1 3
codeberg.org/snonux/hexai/internal/appconfig/config.go:298.50,298.84 2 0
codeberg.org/snonux/hexai/internal/appconfig/config.go:299.5,299.52 1 3
codeberg.org/snonux/hexai/internal/appconfig/config.go:299.52,302.33 3 0
codeberg.org/snonux/hexai/internal/appconfig/config.go:302.33,303.51 1 0
codeberg.org/snonux/hexai/internal/appconfig/config.go:303.51,305.14 1 0
codeberg.org/snonux/hexai/internal/appconfig/config.go:307.9,307.19 1 0
codeberg.org/snonux/hexai/internal/appconfig/config.go:309.5,309.47 1 3
codeberg.org/snonux/hexai/internal/appconfig/config.go:309.47,311.6 2 1
codeberg.org/snonux/hexai/internal/appconfig/config.go:314.5,314.54 1 3
codeberg.org/snonux/hexai/internal/appconfig/config.go:314.54,314.91 2 1
codeberg.org/snonux/hexai/internal/appconfig/config.go:315.5,315.51 1 3
codeberg.org/snonux/hexai/internal/appconfig/config.go:315.51,315.86 2 1
codeberg.org/snonux/hexai/internal/appconfig/config.go:316.5,316.63 1 3
codeberg.org/snonux/hexai/internal/appconfig/config.go:316.63,316.104 2 1
codeberg.org/snonux/hexai/internal/appconfig/config.go:318.5,318.54 1 3
codeberg.org/snonux/hexai/internal/appconfig/config.go:318.54,318.91 2 1
codeberg.org/snonux/hexai/internal/appconfig/config.go:319.5,319.51 1 3
codeberg.org/snonux/hexai/internal/appconfig/config.go:319.51,319.86 2 1
codeberg.org/snonux/hexai/internal/appconfig/config.go:320.5,320.63 1 3
codeberg.org/snonux/hexai/internal/appconfig/config.go:320.63,320.104 2 1
codeberg.org/snonux/hexai/internal/appconfig/config.go:322.5,322.55 1 3
codeberg.org/snonux/hexai/internal/appconfig/config.go:322.55,322.93 2 1
codeberg.org/snonux/hexai/internal/appconfig/config.go:323.5,323.52 1 3
codeberg.org/snonux/hexai/internal/appconfig/config.go:323.52,323.88 2 1
codeberg.org/snonux/hexai/internal/appconfig/config.go:324.5,324.64 1 3
codeberg.org/snonux/hexai/internal/appconfig/config.go:324.64,324.106 2 1
codeberg.org/snonux/hexai/internal/appconfig/config.go:326.5,326.13 1 3
codeberg.org/snonux/hexai/internal/appconfig/config.go:326.13,328.6 1 2
codeberg.org/snonux/hexai/internal/appconfig/config.go:329.5,329.16 1 1
codeberg.org/snonux/hexai/internal/hexaicli/run.go:22.95,27.19 4 0
codeberg.org/snonux/hexai/internal/hexaicli/run.go:27.19,30.6 2 0
codeberg.org/snonux/hexai/internal/hexaicli/run.go:32.2,32.64 1 0
codeberg.org/snonux/hexai/internal/hexaicli/run.go:37.124,39.16 2 0
codeberg.org/snonux/hexai/internal/hexaicli/run.go:39.16,42.3 2 0
codeberg.org/snonux/hexai/internal/hexaicli/run.go:43.2,45.74 3 0
codeberg.org/snonux/hexai/internal/hexaicli/run.go:45.74,48.3 2 0
codeberg.org/snonux/hexai/internal/hexaicli/run.go:49.2,49.12 1 0
codeberg.org/snonux/hexai/internal/hexaicli/run.go:53.64,55.82 2 0
codeberg.org/snonux/hexai/internal/hexaicli/run.go:55.82,58.3 2 0
codeberg.org/snonux/hexai/internal/hexaicli/run.go:59.2,60.9 2 0
codeberg.org/snonux/hexai/internal/hexaicli/run.go:61.40,62.59 1 0
codeberg.org/snonux/hexai/internal/hexaicli/run.go:63.23,64.24 1 0
codeberg.org/snonux/hexai/internal/hexaicli/run.go:65.21,66.22 1 0
codeberg.org/snonux/hexai/internal/hexaicli/run.go:67.10,68.91 1 0
codeberg.org/snonux/hexai/internal/hexaicli/run.go:73.65,88.39 3 0
codeberg.org/snonux/hexai/internal/hexaicli/run.go:88.39,90.6 1 0
codeberg.org/snonux/hexai/internal/hexaicli/run.go:92.5,93.39 2 0
codeberg.org/snonux/hexai/internal/hexaicli/run.go:93.39,95.6 1 0
codeberg.org/snonux/hexai/internal/hexaicli/run.go:96.5,96.51 1 0
codeberg.org/snonux/hexai/internal/hexaicli/run.go:100.48,103.40 3 0
codeberg.org/snonux/hexai/internal/hexaicli/run.go:103.40,105.3 1 0
codeberg.org/snonux/hexai/internal/hexaicli/run.go:106.2,109.3 1 0
codeberg.org/snonux/hexai/internal/hexaicli/run.go:113.125,116.40 3 0
codeberg.org/snonux/hexai/internal/hexaicli/run.go:116.40,118.56 2 0
codeberg.org/snonux/hexai/internal/hexaicli/run.go:118.56,121.4 2 0
codeberg.org/snonux/hexai/internal/hexaicli/run.go:121.18,123.4 1 0
codeberg.org/snonux/hexai/internal/hexaicli/run.go:124.3,124.22 1 0
codeberg.org/snonux/hexai/internal/hexaicli/run.go:125.8,127.17 2 0
codeberg.org/snonux/hexai/internal/hexaicli/run.go:127.17,129.4 1 0
codeberg.org/snonux/hexai/internal/hexaicli/run.go:130.3,131.26 2 0
codeberg.org/snonux/hexai/internal/hexaicli/run.go:133.2,136.12 3 0
codeberg.org/snonux/hexai/internal/hexaicli/run.go:140.59,142.2 1 0
codeberg.org/snonux/hexai/internal/hexailsp/run.go:25.85,27.38 2 0
codeberg.org/snonux/hexai/internal/hexailsp/run.go:27.38,29.17 2 0
codeberg.org/snonux/hexai/internal/hexailsp/run.go:29.17,31.4 1 0
codeberg.org/snonux/hexai/internal/hexailsp/run.go:32.3,33.22 2 0
codeberg.org/snonux/hexai/internal/hexailsp/run.go:35.2,37.70 3 0
codeberg.org/snonux/hexai/internal/hexailsp/run.go:42.159,49.37 6 0
codeberg.org/snonux/hexai/internal/hexailsp/run.go:49.37,51.3 1 0
codeberg.org/snonux/hexai/internal/hexailsp/run.go:52.2,52.12 1 0
codeberg.org/snonux/hexai/internal/hexailsp/run.go:57.49,59.30 2 0
codeberg.org/snonux/hexai/internal/hexailsp/run.go:59.30,61.3 1 0
codeberg.org/snonux/hexai/internal/hexailsp/run.go:64.72,65.19 1 0
codeberg.org/snonux/hexai/internal/hexailsp/run.go:65.19,67.3 1 0
codeberg.org/snonux/hexai/internal/hexailsp/run.go:68.2,82.39 3 0
codeberg.org/snonux/hexai/internal/hexailsp/run.go:82.39,84.6 1 0
codeberg.org/snonux/hexai/internal/hexailsp/run.go:86.5,87.39 2 0
codeberg.org/snonux/hexai/internal/hexailsp/run.go:87.39,89.6 1 0
codeberg.org/snonux/hexai/internal/hexailsp/run.go:90.2,90.67 1 0
codeberg.org/snonux/hexai/internal/hexailsp/run.go:90.67,93.3 2 0
codeberg.org/snonux/hexai/internal/hexailsp/run.go:93.8,96.3 2 0
codeberg.org/snonux/hexai/internal/hexailsp/run.go:99.57,100.20 1 0
codeberg.org/snonux/hexai/internal/hexailsp/run.go:100.20,102.3 1 0
codeberg.org/snonux/hexai/internal/hexailsp/run.go:103.2,103.97 1 0
codeberg.org/snonux/hexai/internal/hexailsp/run.go:103.97,105.3 1 0
codeberg.org/snonux/hexai/internal/hexailsp/run.go:108.97,126.2 1 0
codeberg.org/snonux/hexai/internal/llm/copilot.go:66.77,67.38 1 0
codeberg.org/snonux/hexai/internal/llm/copilot.go:67.38,69.3 1 0
codeberg.org/snonux/hexai/internal/llm/copilot.go:70.2,70.36 1 0
codeberg.org/snonux/hexai/internal/llm/copilot.go:70.36,74.3 1 0
codeberg.org/snonux/hexai/internal/llm/copilot.go:75.2,82.3 1 0
codeberg.org/snonux/hexai/internal/llm/copilot.go:85.109,86.39 1 0
codeberg.org/snonux/hexai/internal/llm/copilot.go:86.39,88.3 1 0
codeberg.org/snonux/hexai/internal/llm/copilot.go:90.2,90.45 1 0
codeberg.org/snonux/hexai/internal/llm/copilot.go:90.45,92.3 1 0
codeberg.org/snonux/hexai/internal/llm/copilot.go:93.2,94.27 2 0
codeberg.org/snonux/hexai/internal/llm/copilot.go:94.27,96.3 1 0
codeberg.org/snonux/hexai/internal/llm/copilot.go:97.2,97.19 1 0
codeberg.org/snonux/hexai/internal/llm/copilot.go:97.19,99.3 1 0
codeberg.org/snonux/hexai/internal/llm/copilot.go:100.2,102.29 3 0
codeberg.org/snonux/hexai/internal/llm/copilot.go:102.29,104.3 1 0
codeberg.org/snonux/hexai/internal/llm/copilot.go:105.2,109.16 4 0
codeberg.org/snonux/hexai/internal/llm/copilot.go:109.16,112.3 2 0
codeberg.org/snonux/hexai/internal/llm/copilot.go:114.2,117.16 4 0
codeberg.org/snonux/hexai/internal/llm/copilot.go:117.16,120.3 2 0
codeberg.org/snonux/hexai/internal/llm/copilot.go:121.2,122.57 2 0
codeberg.org/snonux/hexai/internal/llm/copilot.go:122.57,124.3 1 0
codeberg.org/snonux/hexai/internal/llm/copilot.go:125.2,126.16 2 0
codeberg.org/snonux/hexai/internal/llm/copilot.go:126.16,128.3 1 0
codeberg.org/snonux/hexai/internal/llm/copilot.go:129.2,129.27 1 0
codeberg.org/snonux/hexai/internal/llm/copilot.go:129.27,132.3 2 0
codeberg.org/snonux/hexai/internal/llm/copilot.go:133.2,135.21 3 0
codeberg.org/snonux/hexai/internal/llm/copilot.go:139.46,139.66 1 0
codeberg.org/snonux/hexai/internal/llm/copilot.go:140.46,140.71 1 0
codeberg.org/snonux/hexai/internal/llm/copilot.go:143.102,146.29 3 0
codeberg.org/snonux/hexai/internal/llm/copilot.go:146.29,148.3 1 0
codeberg.org/snonux/hexai/internal/llm/copilot.go:149.2,149.24 1 0
codeberg.org/snonux/hexai/internal/llm/copilot.go:149.24,151.3 1 0
codeberg.org/snonux/hexai/internal/llm/copilot.go:151.8,151.31 1 0
codeberg.org/snonux/hexai/internal/llm/copilot.go:151.31,154.3 2 0
codeberg.org/snonux/hexai/internal/llm/copilot.go:155.2,155.21 1 0
codeberg.org/snonux/hexai/internal/llm/copilot.go:155.21,157.3 1 0
codeberg.org/snonux/hexai/internal/llm/copilot.go:158.2,158.21 1 0
codeberg.org/snonux/hexai/internal/llm/copilot.go:158.21,160.3 1 0
codeberg.org/snonux/hexai/internal/llm/copilot.go:161.2,161.12 1 0
codeberg.org/snonux/hexai/internal/llm/copilot.go:164.130,166.19 2 0
codeberg.org/snonux/hexai/internal/llm/copilot.go:166.19,166.38 1 0
codeberg.org/snonux/hexai/internal/llm/copilot.go:167.5,167.31 1 0
codeberg.org/snonux/hexai/internal/llm/copilot.go:167.31,167.55 1 0
codeberg.org/snonux/hexai/internal/llm/copilot.go:168.5,168.32 1 0
codeberg.org/snonux/hexai/internal/llm/copilot.go:171.70,172.53 1 0
codeberg.org/snonux/hexai/internal/llm/copilot.go:172.53,174.3 1 0
codeberg.org/snonux/hexai/internal/llm/copilot.go:175.2,177.74 3 0
codeberg.org/snonux/hexai/internal/llm/copilot.go:177.74,180.3 2 0
codeberg.org/snonux/hexai/internal/llm/copilot.go:181.2,182.69 2 0
codeberg.org/snonux/hexai/internal/llm/copilot.go:185.91,187.64 2 0
codeberg.org/snonux/hexai/internal/llm/copilot.go:187.64,190.3 2 0
codeberg.org/snonux/hexai/internal/llm/copilot.go:191.2,191.17 1 0
codeberg.org/snonux/hexai/internal/llm/copilot.go:200.66,202.85 1 0
codeberg.org/snonux/hexai/internal/llm/copilot.go:202.85,204.6 1 0
codeberg.org/snonux/hexai/internal/llm/copilot.go:205.5,205.42 1 0
codeberg.org/snonux/hexai/internal/llm/copilot.go:205.42,207.6 1 0
codeberg.org/snonux/hexai/internal/llm/copilot.go:208.5,209.19 2 0
codeberg.org/snonux/hexai/internal/llm/copilot.go:209.19,209.33 1 0
codeberg.org/snonux/hexai/internal/llm/copilot.go:210.5,214.19 5 0
codeberg.org/snonux/hexai/internal/llm/copilot.go:214.19,214.33 1 0
codeberg.org/snonux/hexai/internal/llm/copilot.go:215.5,216.56 2 0
codeberg.org/snonux/hexai/internal/llm/copilot.go:216.56,218.6 1 0
codeberg.org/snonux/hexai/internal/llm/copilot.go:219.5,220.67 2 0
codeberg.org/snonux/hexai/internal/llm/copilot.go:220.67,220.81 1 0
codeberg.org/snonux/hexai/internal/llm/copilot.go:221.5,221.43 1 0
codeberg.org/snonux/hexai/internal/llm/copilot.go:221.43,221.95 1 0
codeberg.org/snonux/hexai/internal/llm/copilot.go:223.5,224.21 2 0
codeberg.org/snonux/hexai/internal/llm/copilot.go:224.21,224.63 1 0
codeberg.org/snonux/hexai/internal/llm/copilot.go:225.5,227.15 3 0
codeberg.org/snonux/hexai/internal/llm/copilot.go:232.42,234.23 2 0
codeberg.org/snonux/hexai/internal/llm/copilot.go:234.23,234.45 1 0
codeberg.org/snonux/hexai/internal/llm/copilot.go:235.5,236.19 2 0
codeberg.org/snonux/hexai/internal/llm/copilot.go:236.19,237.65 1 0
codeberg.org/snonux/hexai/internal/llm/copilot.go:237.65,238.57 1 0
codeberg.org/snonux/hexai/internal/llm/copilot.go:238.57,238.83 1 0
codeberg.org/snonux/hexai/internal/llm/copilot.go:240.9,240.27 1 0
codeberg.org/snonux/hexai/internal/llm/copilot.go:242.5,244.25 3 0
codeberg.org/snonux/hexai/internal/llm/copilot.go:244.25,244.47 1 0
codeberg.org/snonux/hexai/internal/llm/copilot.go:245.5,245.37 1 0
codeberg.org/snonux/hexai/internal/llm/copilot.go:248.42,248.100 3 0
codeberg.org/snonux/hexai/internal/llm/copilot.go:252.57,268.2 3 0
codeberg.org/snonux/hexai/internal/llm/copilot.go:270.58,286.2 3 0
codeberg.org/snonux/hexai/internal/llm/copilot.go:288.28,291.22 3 0
codeberg.org/snonux/hexai/internal/llm/copilot.go:291.22,293.6 1 0
codeberg.org/snonux/hexai/internal/llm/copilot.go:294.5,294.21 1 0
codeberg.org/snonux/hexai/internal/llm/copilot.go:300.153,301.42 1 0
codeberg.org/snonux/hexai/internal/llm/copilot.go:301.42,301.95 1 0
codeberg.org/snonux/hexai/internal/llm/copilot.go:302.5,302.48 1 0
codeberg.org/snonux/hexai/internal/llm/copilot.go:302.48,302.67 1 0
codeberg.org/snonux/hexai/internal/llm/copilot.go:303.5,303.15 1 0
codeberg.org/snonux/hexai/internal/llm/copilot.go:303.15,303.24 1 0
codeberg.org/snonux/hexai/internal/llm/copilot.go:304.5,326.19 6 0
codeberg.org/snonux/hexai/internal/llm/copilot.go:326.19,326.38 1 0
codeberg.org/snonux/hexai/internal/llm/copilot.go:327.5,328.56 2 0
codeberg.org/snonux/hexai/internal/llm/copilot.go:328.56,330.6 1 0
codeberg.org/snonux/hexai/internal/llm/copilot.go:332.5,335.30 4 0
codeberg.org/snonux/hexai/internal/llm/copilot.go:335.30,336.45 1 0
codeberg.org/snonux/hexai/internal/llm/copilot.go:336.45,336.55 1 0
codeberg.org/snonux/hexai/internal/llm/copilot.go:337.9,338.94 2 0
codeberg.org/snonux/hexai/internal/llm/copilot.go:338.94,338.104 1 0
codeberg.org/snonux/hexai/internal/llm/copilot.go:339.9,339.40 1 0
codeberg.org/snonux/hexai/internal/llm/copilot.go:339.40,339.72 1 0
codeberg.org/snonux/hexai/internal/llm/copilot.go:341.5,342.28 2 0
codeberg.org/snonux/hexai/internal/llm/copilot.go:342.28,343.66 1 0
codeberg.org/snonux/hexai/internal/llm/copilot.go:343.66,343.90 1 0
codeberg.org/snonux/hexai/internal/llm/copilot.go:345.5,345.20 1 0
codeberg.org/snonux/hexai/internal/llm/ollama.go:44.68,45.38 1 0
codeberg.org/snonux/hexai/internal/llm/ollama.go:45.38,47.3 1 0
codeberg.org/snonux/hexai/internal/llm/ollama.go:48.2,48.36 1 0
codeberg.org/snonux/hexai/internal/llm/ollama.go:48.36,50.3 1 0
codeberg.org/snonux/hexai/internal/llm/ollama.go:51.2,57.3 1 0
codeberg.org/snonux/hexai/internal/llm/ollama.go:60.108,62.27 2 0
codeberg.org/snonux/hexai/internal/llm/ollama.go:62.27,64.3 1 0
codeberg.org/snonux/hexai/internal/llm/ollama.go:65.2,65.19 1 0
codeberg.org/snonux/hexai/internal/llm/ollama.go:65.19,67.3 1 0
codeberg.org/snonux/hexai/internal/llm/ollama.go:69.2,73.16 5 0
codeberg.org/snonux/hexai/internal/llm/ollama.go:73.16,75.3 1 0
codeberg.org/snonux/hexai/internal/llm/ollama.go:77.2,80.16 4 0
codeberg.org/snonux/hexai/internal/llm/ollama.go:80.16,83.3 2 0
codeberg.org/snonux/hexai/internal/llm/ollama.go:84.2,85.56 2 0
codeberg.org/snonux/hexai/internal/llm/ollama.go:85.56,87.3 1 0
codeberg.org/snonux/hexai/internal/llm/ollama.go:89.2,90.64 2 0
codeberg.org/snonux/hexai/internal/llm/ollama.go:90.64,93.3 2 0
codeberg.org/snonux/hexai/internal/llm/ollama.go:94.2,94.50 1 0
codeberg.org/snonux/hexai/internal/llm/ollama.go:94.50,97.3 2 0
codeberg.org/snonux/hexai/internal/llm/ollama.go:98.2,100.21 3 0
codeberg.org/snonux/hexai/internal/llm/ollama.go:104.45,104.64 1 0
codeberg.org/snonux/hexai/internal/llm/ollama.go:105.45,105.70 1 0
codeberg.org/snonux/hexai/internal/llm/ollama.go:108.126,110.27 2 0
codeberg.org/snonux/hexai/internal/llm/ollama.go:110.27,112.3 1 0
codeberg.org/snonux/hexai/internal/llm/ollama.go:113.2,113.19 1 0
codeberg.org/snonux/hexai/internal/llm/ollama.go:113.19,115.3 1 0
codeberg.org/snonux/hexai/internal/llm/ollama.go:117.2,121.16 5 0
codeberg.org/snonux/hexai/internal/llm/ollama.go:121.16,123.3 1 0
codeberg.org/snonux/hexai/internal/llm/ollama.go:125.2,128.16 4 0
codeberg.org/snonux/hexai/internal/llm/ollama.go:128.16,131.3 2 0
codeberg.org/snonux/hexai/internal/llm/ollama.go:132.2,133.56 2 0
codeberg.org/snonux/hexai/internal/llm/ollama.go:133.56,135.3 1 0
codeberg.org/snonux/hexai/internal/llm/ollama.go:137.2,138.6 2 0
codeberg.org/snonux/hexai/internal/llm/ollama.go:138.6,140.41 2 0
codeberg.org/snonux/hexai/internal/llm/ollama.go:140.41,141.30 1 0
codeberg.org/snonux/hexai/internal/llm/ollama.go:141.30,142.10 1 0
codeberg.org/snonux/hexai/internal/llm/ollama.go:144.4,145.14 2 0
codeberg.org/snonux/hexai/internal/llm/ollama.go:147.3,147.40 1 0
codeberg.org/snonux/hexai/internal/llm/ollama.go:147.40,150.4 2 0
codeberg.org/snonux/hexai/internal/llm/ollama.go:151.3,151.58 1 0
codeberg.org/snonux/hexai/internal/llm/ollama.go:151.58,153.4 1 0
codeberg.org/snonux/hexai/internal/llm/ollama.go:154.3,154.14 1 0
codeberg.org/snonux/hexai/internal/llm/ollama.go:154.14,155.9 1 0
codeberg.org/snonux/hexai/internal/llm/ollama.go:158.2,159.12 2 0
codeberg.org/snonux/hexai/internal/llm/ollama.go:163.76,165.29 2 0
codeberg.org/snonux/hexai/internal/llm/ollama.go:165.29,167.3 1 0
codeberg.org/snonux/hexai/internal/llm/ollama.go:168.2,168.89 1 0
codeberg.org/snonux/hexai/internal/llm/ollama.go:171.109,174.29 3 0
codeberg.org/snonux/hexai/internal/llm/ollama.go:174.29,176.3 1 0
codeberg.org/snonux/hexai/internal/llm/ollama.go:177.2,178.24 2 0
codeberg.org/snonux/hexai/internal/llm/ollama.go:178.24,180.3 1 0
codeberg.org/snonux/hexai/internal/llm/ollama.go:180.8,180.31 1 0
codeberg.org/snonux/hexai/internal/llm/ollama.go:180.31,182.3 1 0
codeberg.org/snonux/hexai/internal/llm/ollama.go:183.2,183.21 1 0
codeberg.org/snonux/hexai/internal/llm/ollama.go:183.21,185.3 1 0
codeberg.org/snonux/hexai/internal/llm/ollama.go:186.2,186.21 1 0
codeberg.org/snonux/hexai/internal/llm/ollama.go:186.21,188.3 1 0
codeberg.org/snonux/hexai/internal/llm/ollama.go:189.2,189.22 1 0
codeberg.org/snonux/hexai/internal/llm/ollama.go:189.22,191.3 1 0
codeberg.org/snonux/hexai/internal/llm/ollama.go:192.2,192.12 1 0
codeberg.org/snonux/hexai/internal/llm/ollama.go:195.100,197.16 2 0
codeberg.org/snonux/hexai/internal/llm/ollama.go:197.16,199.3 1 0
codeberg.org/snonux/hexai/internal/llm/ollama.go:200.2,201.29 2 0
codeberg.org/snonux/hexai/internal/llm/ollama.go:204.69,205.53 1 0
codeberg.org/snonux/hexai/internal/llm/ollama.go:205.53,207.3 1 0
codeberg.org/snonux/hexai/internal/llm/ollama.go:208.2,210.43 3 0
codeberg.org/snonux/hexai/internal/llm/ollama.go:210.43,213.3 2 0
codeberg.org/snonux/hexai/internal/llm/ollama.go:214.2,215.68 2 0
codeberg.org/snonux/hexai/internal/llm/openai.go:78.76,79.38 1 0
codeberg.org/snonux/hexai/internal/llm/openai.go:79.38,81.3 1 0
codeberg.org/snonux/hexai/internal/llm/openai.go:82.2,82.36 1 0
codeberg.org/snonux/hexai/internal/llm/openai.go:82.36,84.3 1 0
codeberg.org/snonux/hexai/internal/llm/openai.go:85.2,92.3 1 0
codeberg.org/snonux/hexai/internal/llm/openai.go:95.108,96.20 1 0
codeberg.org/snonux/hexai/internal/llm/openai.go:96.20,98.3 1 0
codeberg.org/snonux/hexai/internal/llm/openai.go:99.2,100.27 2 0
codeberg.org/snonux/hexai/internal/llm/openai.go:100.27,102.3 1 0
codeberg.org/snonux/hexai/internal/llm/openai.go:103.2,103.19 1 0
codeberg.org/snonux/hexai/internal/llm/openai.go:103.19,105.3 1 0
codeberg.org/snonux/hexai/internal/llm/openai.go:106.2,110.16 5 0
codeberg.org/snonux/hexai/internal/llm/openai.go:110.16,113.3 2 0
codeberg.org/snonux/hexai/internal/llm/openai.go:114.2,119.16 4 0
codeberg.org/snonux/hexai/internal/llm/openai.go:119.16,122.3 2 0
codeberg.org/snonux/hexai/internal/llm/openai.go:123.2,124.56 2 0
codeberg.org/snonux/hexai/internal/llm/openai.go:124.56,126.3 1 0
codeberg.org/snonux/hexai/internal/llm/openai.go:127.2,128.16 2 0
codeberg.org/snonux/hexai/internal/llm/openai.go:128.16,130.3 1 0
codeberg.org/snonux/hexai/internal/llm/openai.go:131.2,131.27 1 0
codeberg.org/snonux/hexai/internal/llm/openai.go:131.27,134.3 2 0
codeberg.org/snonux/hexai/internal/llm/openai.go:135.2,137.21 3 0
codeberg.org/snonux/hexai/internal/llm/openai.go:141.45,141.64 1 0
codeberg.org/snonux/hexai/internal/llm/openai.go:142.45,142.70 1 0
codeberg.org/snonux/hexai/internal/llm/openai.go:146.126,147.20 1 0
codeberg.org/snonux/hexai/internal/llm/openai.go:147.20,149.3 1 0
codeberg.org/snonux/hexai/internal/llm/openai.go:150.2,151.27 2 0
codeberg.org/snonux/hexai/internal/llm/openai.go:151.27,153.3 1 0
codeberg.org/snonux/hexai/internal/llm/openai.go:154.2,154.19 1 0
codeberg.org/snonux/hexai/internal/llm/openai.go:154.19,156.3 1 0
codeberg.org/snonux/hexai/internal/llm/openai.go:157.2,161.16 5 0
codeberg.org/snonux/hexai/internal/llm/openai.go:161.16,164.3 2 0
codeberg.org/snonux/hexai/internal/llm/openai.go:165.2,170.16 4 0
codeberg.org/snonux/hexai/internal/llm/openai.go:170.16,173.3 2 0
codeberg.org/snonux/hexai/internal/llm/openai.go:174.2,175.56 2 0
codeberg.org/snonux/hexai/internal/llm/openai.go:175.56,177.3 1 0
codeberg.org/snonux/hexai/internal/llm/openai.go:179.2,179.64 1 0
codeberg.org/snonux/hexai/internal/llm/openai.go:179.64,181.3 1 0
codeberg.org/snonux/hexai/internal/llm/openai.go:182.2,183.12 2 0
codeberg.org/snonux/hexai/internal/llm/openai.go:187.56,187.104 1 0
codeberg.org/snonux/hexai/internal/llm/openai.go:190.76,192.29 2 0
codeberg.org/snonux/hexai/internal/llm/openai.go:192.29,194.3 1 0
codeberg.org/snonux/hexai/internal/llm/openai.go:195.2,195.89 1 0
codeberg.org/snonux/hexai/internal/llm/openai.go:198.105,201.29 3 0
codeberg.org/snonux/hexai/internal/llm/openai.go:201.29,203.3 1 0
codeberg.org/snonux/hexai/internal/llm/openai.go:204.2,204.24 1 0
codeberg.org/snonux/hexai/internal/llm/openai.go:204.24,206.3 1 0
codeberg.org/snonux/hexai/internal/llm/openai.go:206.8,206.31 1 0
codeberg.org/snonux/hexai/internal/llm/openai.go:206.31,209.3 2 0
codeberg.org/snonux/hexai/internal/llm/openai.go:210.2,210.21 1 0
codeberg.org/snonux/hexai/internal/llm/openai.go:210.21,212.3 1 0
codeberg.org/snonux/hexai/internal/llm/openai.go:213.2,213.21 1 0
codeberg.org/snonux/hexai/internal/llm/openai.go:213.21,215.3 1 0
codeberg.org/snonux/hexai/internal/llm/openai.go:216.2,216.12 1 0
codeberg.org/snonux/hexai/internal/llm/openai.go:219.127,221.16 2 0
codeberg.org/snonux/hexai/internal/llm/openai.go:221.16,223.3 1 0
codeberg.org/snonux/hexai/internal/llm/openai.go:224.2,225.28 2 0
codeberg.org/snonux/hexai/internal/llm/openai.go:225.28,227.3 1 0
codeberg.org/snonux/hexai/internal/llm/openai.go:228.2,228.29 1 0
codeberg.org/snonux/hexai/internal/llm/openai.go:231.152,233.16 2 0
codeberg.org/snonux/hexai/internal/llm/openai.go:233.16,235.3 1 0
codeberg.org/snonux/hexai/internal/llm/openai.go:236.2,238.28 3 0
codeberg.org/snonux/hexai/internal/llm/openai.go:238.28,240.3 1 0
codeberg.org/snonux/hexai/internal/llm/openai.go:241.2,241.29 1 0
codeberg.org/snonux/hexai/internal/llm/openai.go:244.69,245.53 1 0
codeberg.org/snonux/hexai/internal/llm/openai.go:245.53,247.3 1 0
codeberg.org/snonux/hexai/internal/llm/openai.go:248.2,250.55 3 0
codeberg.org/snonux/hexai/internal/llm/openai.go:250.55,253.3 2 0
codeberg.org/snonux/hexai/internal/llm/openai.go:254.2,255.68 2 0
codeberg.org/snonux/hexai/internal/llm/openai.go:258.85,260.64 2 0
codeberg.org/snonux/hexai/internal/llm/openai.go:260.64,263.3 2 0
codeberg.org/snonux/hexai/internal/llm/openai.go:264.2,264.17 1 0
codeberg.org/snonux/hexai/internal/llm/openai.go:267.90,273.21 5 0
codeberg.org/snonux/hexai/internal/llm/openai.go:273.21,275.41 2 0
codeberg.org/snonux/hexai/internal/llm/openai.go:275.41,276.12 1 0
codeberg.org/snonux/hexai/internal/llm/openai.go:278.3,279.45 2 0
codeberg.org/snonux/hexai/internal/llm/openai.go:279.45,280.9 1 0
codeberg.org/snonux/hexai/internal/llm/openai.go:282.3,283.65 2 0
codeberg.org/snonux/hexai/internal/llm/openai.go:283.65,284.12 1 0
codeberg.org/snonux/hexai/internal/llm/openai.go:286.3,286.54 1 0
codeberg.org/snonux/hexai/internal/llm/openai.go:286.54,289.4 2 0
codeberg.org/snonux/hexai/internal/llm/openai.go:290.3,290.36 1 0
codeberg.org/snonux/hexai/internal/llm/openai.go:290.36,291.30 1 0
codeberg.org/snonux/hexai/internal/llm/openai.go:291.30,293.5 1 0
codeberg.org/snonux/hexai/internal/llm/openai.go:296.2,296.38 1 0
codeberg.org/snonux/hexai/internal/llm/openai.go:296.38,299.3 2 0
codeberg.org/snonux/hexai/internal/llm/openai.go:300.2,300.12 1 0
codeberg.org/snonux/hexai/internal/llm/provider.go:58.47,58.73 1 0
codeberg.org/snonux/hexai/internal/llm/provider.go:58.73,58.92 1 0
codeberg.org/snonux/hexai/internal/llm/provider.go:59.47,59.73 1 0
codeberg.org/snonux/hexai/internal/llm/provider.go:59.73,59.94 1 0
codeberg.org/snonux/hexai/internal/llm/provider.go:60.47,60.73 1 0
codeberg.org/snonux/hexai/internal/llm/provider.go:60.73,60.92 1 0
codeberg.org/snonux/hexai/internal/llm/provider.go:61.45,62.26 1 0
codeberg.org/snonux/hexai/internal/llm/provider.go:62.26,62.66 1 0
codeberg.org/snonux/hexai/internal/llm/provider.go:85.84,87.16 2 0
codeberg.org/snonux/hexai/internal/llm/provider.go:87.16,89.6 1 0
codeberg.org/snonux/hexai/internal/llm/provider.go:90.5,90.14 1 0
codeberg.org/snonux/hexai/internal/llm/provider.go:91.19,92.50 1 0
codeberg.org/snonux/hexai/internal/llm/provider.go:92.50,94.10 1 0
codeberg.org/snonux/hexai/internal/llm/provider.go:96.9,96.41 1 0
codeberg.org/snonux/hexai/internal/llm/provider.go:96.41,99.10 2 0
codeberg.org/snonux/hexai/internal/llm/provider.go:100.9,100.103 1 0
codeberg.org/snonux/hexai/internal/llm/provider.go:101.19,102.41 1 0
codeberg.org/snonux/hexai/internal/llm/provider.go:102.41,105.10 2 0
codeberg.org/snonux/hexai/internal/llm/provider.go:106.9,106.89 1 0
codeberg.org/snonux/hexai/internal/llm/provider.go:107.20,108.51 1 0
codeberg.org/snonux/hexai/internal/llm/provider.go:108.51,110.10 1 0
codeberg.org/snonux/hexai/internal/llm/provider.go:111.9,111.42 1 0
codeberg.org/snonux/hexai/internal/llm/provider.go:111.42,114.10 2 0
codeberg.org/snonux/hexai/internal/llm/provider.go:115.9,115.108 1 0
codeberg.org/snonux/hexai/internal/llm/provider.go:116.13,117.61 1 0
codeberg.org/snonux/hexai/internal/llm/util.go:6.47,6.77 1 0
codeberg.org/snonux/hexai/internal/logging/chatlogger.go:9.48,11.2 1 0
codeberg.org/snonux/hexai/internal/logging/chatlogger.go:17.4,19.12 2 0
codeberg.org/snonux/hexai/internal/logging/chatlogger.go:19.12,21.3 1 0
codeberg.org/snonux/hexai/internal/logging/chatlogger.go:22.2,24.29 2 0
codeberg.org/snonux/hexai/internal/logging/chatlogger.go:24.29,27.3 1 0
codeberg.org/snonux/hexai/internal/logging/logging.go:27.26,27.37 1 0
codeberg.org/snonux/hexai/internal/logging/logging.go:30.47,31.16 1 0
codeberg.org/snonux/hexai/internal/logging/logging.go:31.16,33.3 1 0
codeberg.org/snonux/hexai/internal/logging/logging.go:34.2,35.48 2 0
codeberg.org/snonux/hexai/internal/logging/logging.go:43.32,43.55 1 0
codeberg.org/snonux/hexai/internal/logging/logging.go:46.37,47.25 1 0
codeberg.org/snonux/hexai/internal/logging/logging.go:47.25,48.32 1 0
codeberg.org/snonux/hexai/internal/logging/logging.go:48.32,50.4 1 0
codeberg.org/snonux/hexai/internal/logging/logging.go:51.3,51.37 1 0
codeberg.org/snonux/hexai/internal/logging/logging.go:53.2,53.10 1 0
codeberg.org/snonux/hexai/internal/lsp/context.go:15.96,17.14 2 0
codeberg.org/snonux/hexai/internal/lsp/context.go:18.17,19.19 1 0
codeberg.org/snonux/hexai/internal/lsp/context.go:20.16,21.41 1 0
codeberg.org/snonux/hexai/internal/lsp/context.go:22.26,23.14 1 0
codeberg.org/snonux/hexai/internal/lsp/context.go:23.14,25.4 1 0
codeberg.org/snonux/hexai/internal/lsp/context.go:26.3,26.19 1 0
codeberg.org/snonux/hexai/internal/lsp/context.go:27.21,28.38 1 0
codeberg.org/snonux/hexai/internal/lsp/context.go:29.10,31.19 1 0
codeberg.org/snonux/hexai/internal/lsp/context.go:35.65,37.35 2 0
codeberg.org/snonux/hexai/internal/lsp/context.go:37.35,40.3 2 0
codeberg.org/snonux/hexai/internal/lsp/context.go:41.2,44.15 4 0
codeberg.org/snonux/hexai/internal/lsp/context.go:44.15,46.3 1 0
codeberg.org/snonux/hexai/internal/lsp/context.go:47.2,48.13 2 0
codeberg.org/snonux/hexai/internal/lsp/context.go:48.13,50.3 1 0
codeberg.org/snonux/hexai/internal/lsp/context.go:51.2,52.57 2 0
codeberg.org/snonux/hexai/internal/lsp/context.go:55.53,57.14 2 0
codeberg.org/snonux/hexai/internal/lsp/context.go:57.14,60.3 2 0
codeberg.org/snonux/hexai/internal/lsp/context.go:61.2,61.59 1 0
codeberg.org/snonux/hexai/internal/lsp/context.go:66.64,67.20 1 0
codeberg.org/snonux/hexai/internal/lsp/context.go:67.20,69.3 1 0
codeberg.org/snonux/hexai/internal/lsp/context.go:70.2,71.27 2 0
codeberg.org/snonux/hexai/internal/lsp/context.go:71.27,73.3 1 0
codeberg.org/snonux/hexai/internal/lsp/context.go:75.2,76.21 2 0
codeberg.org/snonux/hexai/internal/lsp/context.go:76.21,78.3 1 0
codeberg.org/snonux/hexai/internal/lsp/context.go:79.2,79.53 1 0
codeberg.org/snonux/hexai/internal/lsp/context.go:79.53,81.3 1 0
codeberg.org/snonux/hexai/internal/lsp/context.go:82.2,82.19 1 0
codeberg.org/snonux/hexai/internal/lsp/document.go:15.48,19.2 3 0
codeberg.org/snonux/hexai/internal/lsp/document.go:21.45,25.2 3 0
codeberg.org/snonux/hexai/internal/lsp/document.go:27.33,31.2 3 0
codeberg.org/snonux/hexai/internal/lsp/document.go:33.52,37.2 3 0
codeberg.org/snonux/hexai/internal/lsp/document.go:40.37,43.2 2 0
codeberg.org/snonux/hexai/internal/lsp/document.go:45.96,47.35 2 0
codeberg.org/snonux/hexai/internal/lsp/document.go:47.35,49.3 1 0
codeberg.org/snonux/hexai/internal/lsp/document.go:50.2,51.13 2 0
codeberg.org/snonux/hexai/internal/lsp/document.go:51.13,53.3 1 0
codeberg.org/snonux/hexai/internal/lsp/document.go:54.2,54.25 1 0
codeberg.org/snonux/hexai/internal/lsp/document.go:54.25,56.3 1 0
codeberg.org/snonux/hexai/internal/lsp/document.go:57.2,58.16 2 0
codeberg.org/snonux/hexai/internal/lsp/document.go:58.16,60.3 1 0
codeberg.org/snonux/hexai/internal/lsp/document.go:61.2,61.26 1 0
codeberg.org/snonux/hexai/internal/lsp/document.go:61.26,63.3 1 0
codeberg.org/snonux/hexai/internal/lsp/document.go:64.2,64.28 1 0
codeberg.org/snonux/hexai/internal/lsp/document.go:64.28,66.85 2 0
codeberg.org/snonux/hexai/internal/lsp/document.go:66.85,68.9 2 0
codeberg.org/snonux/hexai/internal/lsp/document.go:71.2,71.8 1 0
codeberg.org/snonux/hexai/internal/lsp/document.go:78.71,80.35 2 0
codeberg.org/snonux/hexai/internal/lsp/document.go:80.35,82.3 1 0
codeberg.org/snonux/hexai/internal/lsp/document.go:83.2,84.13 2 0
codeberg.org/snonux/hexai/internal/lsp/document.go:84.13,86.3 1 0
codeberg.org/snonux/hexai/internal/lsp/document.go:87.2,87.25 1 0
codeberg.org/snonux/hexai/internal/lsp/document.go:87.25,89.3 1 0
codeberg.org/snonux/hexai/internal/lsp/document.go:91.2,92.28 2 0
codeberg.org/snonux/hexai/internal/lsp/document.go:92.28,93.44 1 0
codeberg.org/snonux/hexai/internal/lsp/document.go:93.44,95.9 2 0
codeberg.org/snonux/hexai/internal/lsp/document.go:98.3,98.40 1 0
codeberg.org/snonux/hexai/internal/lsp/document.go:98.40,99.9 1 0
codeberg.org/snonux/hexai/internal/lsp/document.go:102.2,102.20 1 0
codeberg.org/snonux/hexai/internal/lsp/document.go:102.20,104.3 1 0
codeberg.org/snonux/hexai/internal/lsp/document.go:106.2,106.35 1 0
codeberg.org/snonux/hexai/internal/lsp/document.go:106.35,109.17 3 0
codeberg.org/snonux/hexai/internal/lsp/document.go:109.17,110.15 1 0
codeberg.org/snonux/hexai/internal/lsp/document.go:110.15,112.5 1 0
codeberg.org/snonux/hexai/internal/lsp/document.go:114.4,114.29 1 0
codeberg.org/snonux/hexai/internal/lsp/document.go:114.29,116.5 1 0
codeberg.org/snonux/hexai/internal/lsp/document.go:119.2,119.13 1 0
codeberg.org/snonux/hexai/internal/lsp/document.go:122.46,123.28 1 0
codeberg.org/snonux/hexai/internal/lsp/document.go:123.28,124.29 1 0
codeberg.org/snonux/hexai/internal/lsp/document.go:124.29,126.4 1 0
codeberg.org/snonux/hexai/internal/lsp/document.go:128.2,128.14 1 0
codeberg.org/snonux/hexai/internal/lsp/document.go:131.31,133.18 2 0
codeberg.org/snonux/hexai/internal/lsp/document.go:133.18,135.3 1 0
codeberg.org/snonux/hexai/internal/lsp/document.go:136.2,136.10 1 0
codeberg.org/snonux/hexai/internal/lsp/document.go:139.33,141.49 2 0
codeberg.org/snonux/hexai/internal/lsp/document.go:141.49,143.3 1 0
codeberg.org/snonux/hexai/internal/lsp/document.go:144.2,144.10 1 0
codeberg.org/snonux/hexai/internal/lsp/handlers.go:10.38,11.41 1 0
codeberg.org/snonux/hexai/internal/lsp/handlers.go:11.41,14.3 2 0
codeberg.org/snonux/hexai/internal/lsp/handlers.go:15.2,15.22 1 0
codeberg.org/snonux/hexai/internal/lsp/handlers.go:15.22,17.3 1 0
codeberg.org/snonux/hexai/internal/lsp/handlers.go:28.60,30.31 2 0
codeberg.org/snonux/hexai/internal/lsp/handlers.go:30.31,31.99 1 0
codeberg.org/snonux/hexai/internal/lsp/handlers.go:31.99,34.4 2 0
codeberg.org/snonux/hexai/internal/lsp/handlers.go:36.2,36.16 1 0
codeberg.org/snonux/hexai/internal/lsp/handlers.go:48.86,54.53 3 0
codeberg.org/snonux/hexai/internal/lsp/handlers.go:54.53,56.3 1 0
codeberg.org/snonux/hexai/internal/lsp/handlers.go:57.2,57.44 1 0
codeberg.org/snonux/hexai/internal/lsp/handlers.go:57.44,58.51 1 0
codeberg.org/snonux/hexai/internal/lsp/handlers.go:58.51,63.4 4 0
codeberg.org/snonux/hexai/internal/lsp/handlers.go:65.2,65.46 1 0
codeberg.org/snonux/hexai/internal/lsp/handlers.go:65.46,66.52 1 0
codeberg.org/snonux/hexai/internal/lsp/handlers.go:66.52,71.4 4 0
codeberg.org/snonux/hexai/internal/lsp/handlers.go:73.2,73.44 1 0
codeberg.org/snonux/hexai/internal/lsp/handlers.go:73.44,75.3 1 0
codeberg.org/snonux/hexai/internal/lsp/handlers.go:76.2,76.43 1 0
codeberg.org/snonux/hexai/internal/lsp/handlers.go:76.43,78.3 1 0
codeberg.org/snonux/hexai/internal/lsp/handlers.go:79.2,79.44 1 0
codeberg.org/snonux/hexai/internal/lsp/handlers.go:79.44,81.3 1 0
codeberg.org/snonux/hexai/internal/lsp/handlers.go:82.2,82.21 1 0
codeberg.org/snonux/hexai/internal/lsp/handlers.go:82.21,84.3 1 0
codeberg.org/snonux/hexai/internal/lsp/handlers.go:86.2,87.30 2 0
codeberg.org/snonux/hexai/internal/lsp/handlers.go:87.30,88.63 1 0
codeberg.org/snonux/hexai/internal/lsp/handlers.go:88.63,90.4 1 0
codeberg.org/snonux/hexai/internal/lsp/handlers.go:92.2,93.33 2 0
codeberg.org/snonux/hexai/internal/lsp/handlers.go:117.72,120.2 2 0
codeberg.org/snonux/hexai/internal/lsp/handlers.go:191.151,194.24 2 0
codeberg.org/snonux/hexai/internal/lsp/handlers.go:194.24,196.3 1 0
codeberg.org/snonux/hexai/internal/lsp/handlers.go:197.2,199.24 3 0
codeberg.org/snonux/hexai/internal/lsp/handlers.go:199.24,201.3 1 0
codeberg.org/snonux/hexai/internal/lsp/handlers.go:202.2,204.24 3 0
codeberg.org/snonux/hexai/internal/lsp/handlers.go:204.24,207.3 2 0
codeberg.org/snonux/hexai/internal/lsp/handlers.go:208.2,209.32 2 0
codeberg.org/snonux/hexai/internal/lsp/handlers.go:209.32,211.3 1 0
codeberg.org/snonux/hexai/internal/lsp/handlers.go:212.2,213.14 2 0
codeberg.org/snonux/hexai/internal/lsp/handlers.go:213.14,215.3 1 0
codeberg.org/snonux/hexai/internal/lsp/handlers.go:217.2,231.12 1 0
codeberg.org/snonux/hexai/internal/lsp/handlers.go:234.64,238.9 4 0
codeberg.org/snonux/hexai/internal/lsp/handlers.go:238.9,240.3 1 0
codeberg.org/snonux/hexai/internal/lsp/handlers.go:242.2,243.16 2 0
codeberg.org/snonux/hexai/internal/lsp/handlers.go:246.56,249.24 3 0
codeberg.org/snonux/hexai/internal/lsp/handlers.go:249.24,251.3 1 0
codeberg.org/snonux/hexai/internal/lsp/handlers.go:252.2,252.44 1 0
codeberg.org/snonux/hexai/internal/lsp/handlers.go:252.44,255.33 3 0
codeberg.org/snonux/hexai/internal/lsp/handlers.go:255.33,260.4 3 0
codeberg.org/snonux/hexai/internal/lsp/handlers.go:261.3,261.9 1 0
codeberg.org/snonux/hexai/internal/lsp/handlers.go:264.2,265.29 2 0
codeberg.org/snonux/hexai/internal/lsp/handlers.go:268.51,272.37 2 0
codeberg.org/snonux/hexai/internal/lsp/handlers.go:272.37,273.15 1 0
codeberg.org/snonux/hexai/internal/lsp/handlers.go:273.15,275.9 2 0
codeberg.org/snonux/hexai/internal/lsp/handlers.go:278.2,278.14 1 0
codeberg.org/snonux/hexai/internal/lsp/handlers.go:278.14,280.3 1 0
codeberg.org/snonux/hexai/internal/lsp/handlers.go:281.2,281.50 1 0
codeberg.org/snonux/hexai/internal/lsp/handlers.go:288.74,290.22 1 0
codeberg.org/snonux/hexai/internal/lsp/handlers.go:290.22,295.49 2 0
codeberg.org/snonux/hexai/internal/lsp/handlers.go:295.49,297.4 1 0
codeberg.org/snonux/hexai/internal/lsp/handlers.go:297.9,300.4 2 0
codeberg.org/snonux/hexai/internal/lsp/handlers.go:303.9,303.126 1 0
codeberg.org/snonux/hexai/internal/lsp/handlers.go:303.126,305.10 1 0
codeberg.org/snonux/hexai/internal/lsp/handlers.go:307.9,307.33 1 0
codeberg.org/snonux/hexai/internal/lsp/handlers.go:307.33,309.10 1 0
codeberg.org/snonux/hexai/internal/lsp/handlers.go:311.3,311.27 1 0
codeberg.org/snonux/hexai/internal/lsp/handlers.go:311.27,312.34 1 0
codeberg.org/snonux/hexai/internal/lsp/handlers.go:312.34,313.38 1 0
codeberg.org/snonux/hexai/internal/lsp/handlers.go:313.38,314.35 1 0
codeberg.org/snonux/hexai/internal/lsp/handlers.go:314.35,316.7 1 0
codeberg.org/snonux/hexai/internal/lsp/handlers.go:318.5,318.17 1 0
codeberg.org/snonux/hexai/internal/lsp/handlers.go:321.4,321.16 1 0
codeberg.org/snonux/hexai/internal/lsp/handlers.go:326.2,327.36 2 0
codeberg.org/snonux/hexai/internal/lsp/handlers.go:327.36,329.3 1 0
codeberg.org/snonux/hexai/internal/lsp/handlers.go:331.5,331.122 1 0
codeberg.org/snonux/hexai/internal/lsp/handlers.go:331.122,333.6 1 0
codeberg.org/snonux/hexai/internal/lsp/handlers.go:334.2,335.35 2 0
codeberg.org/snonux/hexai/internal/lsp/handlers.go:335.35,336.14 1 0
codeberg.org/snonux/hexai/internal/lsp/handlers.go:336.14,338.4 1 0
codeberg.org/snonux/hexai/internal/lsp/handlers.go:340.2,340.14 1 0
codeberg.org/snonux/hexai/internal/lsp/handlers.go:343.137,348.24 5 0
codeberg.org/snonux/hexai/internal/lsp/handlers.go:348.24,350.3 1 0
codeberg.org/snonux/hexai/internal/lsp/handlers.go:351.2,361.4 1 0
codeberg.org/snonux/hexai/internal/lsp/handlers.go:436.74,445.2 1 0
codeberg.org/snonux/hexai/internal/lsp/handlers_codeaction.go:16.48,18.55 2 0
codeberg.org/snonux/hexai/internal/lsp/handlers_codeaction.go:18.55,19.23 1 0
codeberg.org/snonux/hexai/internal/lsp/handlers_codeaction.go:19.23,21.4 1 0
codeberg.org/snonux/hexai/internal/lsp/handlers_codeaction.go:22.3,22.9 1 0
codeberg.org/snonux/hexai/internal/lsp/handlers_codeaction.go:24.2,25.57 2 0
codeberg.org/snonux/hexai/internal/lsp/handlers_codeaction.go:25.57,26.23 1 0
codeberg.org/snonux/hexai/internal/lsp/handlers_codeaction.go:26.23,28.4 1 0
codeberg.org/snonux/hexai/internal/lsp/handlers_codeaction.go:29.3,29.9 1 0
codeberg.org/snonux/hexai/internal/lsp/handlers_codeaction.go:31.5,34.56 3 0
codeberg.org/snonux/hexai/internal/lsp/handlers_codeaction.go:34.56,36.6 1 0
codeberg.org/snonux/hexai/internal/lsp/handlers_codeaction.go:37.5,37.60 1 0
codeberg.org/snonux/hexai/internal/lsp/handlers_codeaction.go:37.60,39.6 1 0
codeberg.org/snonux/hexai/internal/lsp/handlers_codeaction.go:40.5,40.57 1 0
codeberg.org/snonux/hexai/internal/lsp/handlers_codeaction.go:40.57,42.6 1 0
codeberg.org/snonux/hexai/internal/lsp/handlers_codeaction.go:43.5,43.54 1 0
codeberg.org/snonux/hexai/internal/lsp/handlers_codeaction.go:43.54,45.6 1 0
codeberg.org/snonux/hexai/internal/lsp/handlers_codeaction.go:46.5,46.25 1 0
codeberg.org/snonux/hexai/internal/lsp/handlers_codeaction.go:46.25,48.6 1 0
codeberg.org/snonux/hexai/internal/lsp/handlers_codeaction.go:51.85,52.85 1 0
codeberg.org/snonux/hexai/internal/lsp/handlers_codeaction.go:52.85,63.3 4 0
codeberg.org/snonux/hexai/internal/lsp/handlers_codeaction.go:64.2,64.12 1 0
codeberg.org/snonux/hexai/internal/lsp/handlers_codeaction.go:67.89,69.21 2 0
codeberg.org/snonux/hexai/internal/lsp/handlers_codeaction.go:69.21,71.3 1 0
codeberg.org/snonux/hexai/internal/lsp/handlers_codeaction.go:72.2,81.12 4 0
codeberg.org/snonux/hexai/internal/lsp/handlers_codeaction.go:84.70,85.45 1 0
codeberg.org/snonux/hexai/internal/lsp/handlers_codeaction.go:85.45,87.3 1 0
codeberg.org/snonux/hexai/internal/lsp/handlers_codeaction.go:88.2,96.58 2 0
codeberg.org/snonux/hexai/internal/lsp/handlers_codeaction.go:96.58,98.3 1 0
codeberg.org/snonux/hexai/internal/lsp/handlers_codeaction.go:99.5,99.25 1 0
codeberg.org/snonux/hexai/internal/lsp/handlers_codeaction.go:100.20,107.72 7 0
codeberg.org/snonux/hexai/internal/lsp/handlers_codeaction.go:107.72,108.66 1 0
codeberg.org/snonux/hexai/internal/lsp/handlers_codeaction.go:108.66,112.5 3 0
codeberg.org/snonux/hexai/internal/lsp/handlers_codeaction.go:113.9,115.4 1 0
codeberg.org/snonux/hexai/internal/lsp/handlers_codeaction.go:116.24,120.43 4 0
codeberg.org/snonux/hexai/internal/lsp/handlers_codeaction.go:120.43,121.24 1 0
codeberg.org/snonux/hexai/internal/lsp/handlers_codeaction.go:121.24,123.5 1 0
codeberg.org/snonux/hexai/internal/lsp/handlers_codeaction.go:123.10,125.5 1 0
codeberg.org/snonux/hexai/internal/lsp/handlers_codeaction.go:127.3,133.72 7 0
codeberg.org/snonux/hexai/internal/lsp/handlers_codeaction.go:133.72,134.66 1 0
codeberg.org/snonux/hexai/internal/lsp/handlers_codeaction.go:134.66,138.5 3 0
codeberg.org/snonux/hexai/internal/lsp/handlers_codeaction.go:139.9,141.4 1 0
codeberg.org/snonux/hexai/internal/lsp/handlers_codeaction.go:142.21,149.78 7 0
codeberg.org/snonux/hexai/internal/lsp/handlers_codeaction.go:149.78,150.75 1 0
codeberg.org/snonux/hexai/internal/lsp/handlers_codeaction.go:150.75,154.14 3 0
codeberg.org/snonux/hexai/internal/lsp/handlers_codeaction.go:155.15,157.10 1 0
codeberg.org/snonux/hexai/internal/lsp/handlers_codeaction.go:158.20,159.98 1 0
codeberg.org/snonux/hexai/internal/lsp/handlers_codeaction.go:159.98,167.10 4 0
codeberg.org/snonux/hexai/internal/lsp/handlers_codeaction.go:169.5,169.21 1 0
codeberg.org/snonux/hexai/internal/lsp/handlers_codeaction.go:172.55,174.56 2 0
codeberg.org/snonux/hexai/internal/lsp/handlers_codeaction.go:174.56,175.23 1 0
codeberg.org/snonux/hexai/internal/lsp/handlers_codeaction.go:175.23,177.4 1 0
codeberg.org/snonux/hexai/internal/lsp/handlers_codeaction.go:178.3,178.9 1 0
codeberg.org/snonux/hexai/internal/lsp/handlers_codeaction.go:180.2,180.49 1 0
codeberg.org/snonux/hexai/internal/lsp/handlers_codeaction.go:180.49,183.3 2 0
codeberg.org/snonux/hexai/internal/lsp/handlers_codeaction.go:184.2,184.26 1 0
codeberg.org/snonux/hexai/internal/lsp/handlers_codeaction.go:190.85,191.22 1 0
codeberg.org/snonux/hexai/internal/lsp/handlers_codeaction.go:191.22,193.3 1 0
codeberg.org/snonux/hexai/internal/lsp/handlers_codeaction.go:194.2,195.53 2 0
codeberg.org/snonux/hexai/internal/lsp/handlers_codeaction.go:195.53,197.3 1 0
codeberg.org/snonux/hexai/internal/lsp/handlers_codeaction.go:198.2,198.31 1 0
codeberg.org/snonux/hexai/internal/lsp/handlers_codeaction.go:198.31,200.3 1 0
codeberg.org/snonux/hexai/internal/lsp/handlers_codeaction.go:201.2,202.36 2 0
codeberg.org/snonux/hexai/internal/lsp/handlers_codeaction.go:202.36,203.34 1 0
codeberg.org/snonux/hexai/internal/lsp/handlers_codeaction.go:203.34,205.4 1 0
codeberg.org/snonux/hexai/internal/lsp/handlers_codeaction.go:207.2,207.12 1 0
codeberg.org/snonux/hexai/internal/lsp/handlers_codeaction.go:211.37,213.32 1 0
codeberg.org/snonux/hexai/internal/lsp/handlers_codeaction.go:213.32,215.3 1 0
codeberg.org/snonux/hexai/internal/lsp/handlers_codeaction.go:216.2,216.32 1 0
codeberg.org/snonux/hexai/internal/lsp/handlers_codeaction.go:216.32,218.3 1 0
codeberg.org/snonux/hexai/internal/lsp/handlers_codeaction.go:220.2,220.29 1 0
codeberg.org/snonux/hexai/internal/lsp/handlers_codeaction.go:220.29,222.3 1 0
codeberg.org/snonux/hexai/internal/lsp/handlers_codeaction.go:224.2,224.29 1 0
codeberg.org/snonux/hexai/internal/lsp/handlers_codeaction.go:224.29,226.3 1 0
codeberg.org/snonux/hexai/internal/lsp/handlers_codeaction.go:227.2,227.13 1 0
codeberg.org/snonux/hexai/internal/lsp/handlers_codeaction.go:230.34,231.22 1 0
codeberg.org/snonux/hexai/internal/lsp/handlers_codeaction.go:231.22,233.3 1 0
codeberg.org/snonux/hexai/internal/lsp/handlers_codeaction.go:234.2,234.34 1 0
codeberg.org/snonux/hexai/internal/lsp/handlers_codeaction.go:237.37,238.22 1 0
codeberg.org/snonux/hexai/internal/lsp/handlers_codeaction.go:238.22,240.3 1 0
codeberg.org/snonux/hexai/internal/lsp/handlers_codeaction.go:241.2,241.34 1 0
codeberg.org/snonux/hexai/internal/lsp/handlers_codeaction.go:246.76,248.83 2 0
codeberg.org/snonux/hexai/internal/lsp/handlers_codeaction.go:248.83,250.6 1 0
codeberg.org/snonux/hexai/internal/lsp/handlers_codeaction.go:252.5,252.74 1 0
codeberg.org/snonux/hexai/internal/lsp/handlers_codeaction.go:252.74,254.6 1 0
codeberg.org/snonux/hexai/internal/lsp/handlers_codeaction.go:256.5,257.44 2 0
codeberg.org/snonux/hexai/internal/lsp/handlers_codeaction.go:257.44,259.6 1 0
codeberg.org/snonux/hexai/internal/lsp/handlers_codeaction.go:260.5,267.15 4 0
codeberg.org/snonux/hexai/internal/lsp/handlers_codeaction.go:271.86,272.27 1 0
codeberg.org/snonux/hexai/internal/lsp/handlers_codeaction.go:272.27,274.6 1 0
codeberg.org/snonux/hexai/internal/lsp/handlers_codeaction.go:275.5,275.37 1 0
codeberg.org/snonux/hexai/internal/lsp/handlers_codeaction.go:275.37,277.6 1 0
codeberg.org/snonux/hexai/internal/lsp/handlers_codeaction.go:278.5,286.15 4 0
codeberg.org/snonux/hexai/internal/lsp/handlers_codeaction.go:289.95,291.79 2 0
codeberg.org/snonux/hexai/internal/lsp/handlers_codeaction.go:291.79,293.6 1 0
codeberg.org/snonux/hexai/internal/lsp/handlers_codeaction.go:295.5,296.24 2 0
codeberg.org/snonux/hexai/internal/lsp/handlers_codeaction.go:296.24,298.6 1 0
codeberg.org/snonux/hexai/internal/lsp/handlers_codeaction.go:299.5,301.39 3 0
codeberg.org/snonux/hexai/internal/lsp/handlers_codeaction.go:301.39,303.6 1 0
codeberg.org/snonux/hexai/internal/lsp/handlers_codeaction.go:304.5,306.42 3 0
codeberg.org/snonux/hexai/internal/lsp/handlers_codeaction.go:306.42,308.6 1 0
codeberg.org/snonux/hexai/internal/lsp/handlers_codeaction.go:310.5,314.29 3 0
codeberg.org/snonux/hexai/internal/lsp/handlers_codeaction.go:314.29,320.28 4 0
codeberg.org/snonux/hexai/internal/lsp/handlers_codeaction.go:320.28,323.10 2 0
codeberg.org/snonux/hexai/internal/lsp/handlers_codeaction.go:324.9,326.108 2 0
codeberg.org/snonux/hexai/internal/lsp/handlers_codeaction.go:326.108,328.10 1 0
codeberg.org/snonux/hexai/internal/lsp/handlers_codeaction.go:329.9,336.46 6 0
codeberg.org/snonux/hexai/internal/lsp/handlers_codeaction.go:336.46,336.62 1 0
codeberg.org/snonux/hexai/internal/lsp/handlers_codeaction.go:337.9,339.25 2 0
codeberg.org/snonux/hexai/internal/lsp/handlers_codeaction.go:339.25,339.59 1 0
codeberg.org/snonux/hexai/internal/lsp/handlers_codeaction.go:340.9,341.39 2 0
codeberg.org/snonux/hexai/internal/lsp/handlers_codeaction.go:344.5,345.18 2 0
codeberg.org/snonux/hexai/internal/lsp/handlers_codeaction.go:345.18,345.61 1 0
codeberg.org/snonux/hexai/internal/lsp/handlers_codeaction.go:346.5,361.16 13 0
codeberg.org/snonux/hexai/internal/lsp/handlers_codeaction.go:361.16,364.6 2 0
codeberg.org/snonux/hexai/internal/lsp/handlers_codeaction.go:365.5,366.35 2 0
codeberg.org/snonux/hexai/internal/lsp/handlers_codeaction.go:370.62,371.42 1 0
codeberg.org/snonux/hexai/internal/lsp/handlers_codeaction.go:371.42,373.6 1 0
codeberg.org/snonux/hexai/internal/lsp/handlers_codeaction.go:374.5,376.19 3 0
codeberg.org/snonux/hexai/internal/lsp/handlers_codeaction.go:376.19,378.6 1 0
codeberg.org/snonux/hexai/internal/lsp/handlers_codeaction.go:379.5,380.32 2 0
codeberg.org/snonux/hexai/internal/lsp/handlers_codeaction.go:383.35,384.44 1 0
codeberg.org/snonux/hexai/internal/lsp/handlers_codeaction.go:384.44,386.6 1 0
codeberg.org/snonux/hexai/internal/lsp/handlers_codeaction.go:387.5,387.17 1 0
codeberg.org/snonux/hexai/internal/lsp/handlers_codeaction.go:391.48,392.30 1 0
codeberg.org/snonux/hexai/internal/lsp/handlers_codeaction.go:392.30,394.45 2 0
codeberg.org/snonux/hexai/internal/lsp/handlers_codeaction.go:394.45,397.54 2 0
codeberg.org/snonux/hexai/internal/lsp/handlers_codeaction.go:397.54,397.73 1 0
codeberg.org/snonux/hexai/internal/lsp/handlers_codeaction.go:398.13,398.55 1 0
codeberg.org/snonux/hexai/internal/lsp/handlers_codeaction.go:398.55,398.74 1 0
codeberg.org/snonux/hexai/internal/lsp/handlers_codeaction.go:399.13,399.55 1 0
codeberg.org/snonux/hexai/internal/lsp/handlers_codeaction.go:399.55,399.93 1 0
codeberg.org/snonux/hexai/internal/lsp/handlers_codeaction.go:400.13,400.24 1 0
codeberg.org/snonux/hexai/internal/lsp/handlers_codeaction.go:403.5,403.14 1 0
codeberg.org/snonux/hexai/internal/lsp/handlers_codeaction.go:407.63,408.16 1 0
codeberg.org/snonux/hexai/internal/lsp/handlers_codeaction.go:408.16,408.27 1 0
codeberg.org/snonux/hexai/internal/lsp/handlers_codeaction.go:409.5,409.26 1 0
codeberg.org/snonux/hexai/internal/lsp/handlers_codeaction.go:409.26,409.48 1 0
codeberg.org/snonux/hexai/internal/lsp/handlers_codeaction.go:411.5,412.31 2 0
codeberg.org/snonux/hexai/internal/lsp/handlers_codeaction.go:412.31,413.48 1 0
codeberg.org/snonux/hexai/internal/lsp/handlers_codeaction.go:413.48,415.18 2 0
codeberg.org/snonux/hexai/internal/lsp/handlers_codeaction.go:417.9,417.44 1 0
codeberg.org/snonux/hexai/internal/lsp/handlers_codeaction.go:417.44,418.18 1 0
codeberg.org/snonux/hexai/internal/lsp/handlers_codeaction.go:421.5,421.20 1 0
codeberg.org/snonux/hexai/internal/lsp/handlers_codeaction.go:421.20,421.37 1 0
codeberg.org/snonux/hexai/internal/lsp/handlers_codeaction.go:423.5,425.41 3 0
codeberg.org/snonux/hexai/internal/lsp/handlers_codeaction.go:425.41,427.38 2 0
codeberg.org/snonux/hexai/internal/lsp/handlers_codeaction.go:427.38,428.26 1 0
codeberg.org/snonux/hexai/internal/lsp/handlers_codeaction.go:429.22,431.32 2 0
codeberg.org/snonux/hexai/internal/lsp/handlers_codeaction.go:432.22,433.30 1 0
codeberg.org/snonux/hexai/internal/lsp/handlers_codeaction.go:433.30,433.41 1 0
codeberg.org/snonux/hexai/internal/lsp/handlers_codeaction.go:434.17,434.43 1 0
codeberg.org/snonux/hexai/internal/lsp/handlers_codeaction.go:434.43,436.18 1 0
codeberg.org/snonux/hexai/internal/lsp/handlers_codeaction.go:441.5,441.18 1 0
codeberg.org/snonux/hexai/internal/lsp/handlers_codeaction.go:441.18,443.6 1 0
codeberg.org/snonux/hexai/internal/lsp/handlers_codeaction.go:444.5,444.21 1 0
codeberg.org/snonux/hexai/internal/lsp/handlers_codeaction.go:448.65,449.27 1 0
codeberg.org/snonux/hexai/internal/lsp/handlers_codeaction.go:449.27,456.77 7 0
codeberg.org/snonux/hexai/internal/lsp/handlers_codeaction.go:456.77,458.30 2 0
codeberg.org/snonux/hexai/internal/lsp/handlers_codeaction.go:458.30,458.48 1 0
codeberg.org/snonux/hexai/internal/lsp/handlers_codeaction.go:459.15,461.10 1 0
codeberg.org/snonux/hexai/internal/lsp/handlers_codeaction.go:464.5,465.19 2 0
codeberg.org/snonux/hexai/internal/lsp/handlers_codeaction.go:465.19,465.40 1 0
codeberg.org/snonux/hexai/internal/lsp/handlers_codeaction.go:466.5,466.118 1 0
codeberg.org/snonux/hexai/internal/lsp/handlers_codeaction.go:470.43,474.42 3 0
codeberg.org/snonux/hexai/internal/lsp/handlers_codeaction.go:474.42,474.55 1 0
codeberg.org/snonux/hexai/internal/lsp/handlers_codeaction.go:475.5,477.37 2 0
codeberg.org/snonux/hexai/internal/lsp/handlers_codeaction.go:477.37,479.69 1 0
codeberg.org/snonux/hexai/internal/lsp/handlers_codeaction.go:479.69,481.10 1 0
codeberg.org/snonux/hexai/internal/lsp/handlers_codeaction.go:484.5,484.45 1 0
codeberg.org/snonux/hexai/internal/lsp/handlers_codeaction.go:484.45,486.6 1 0
codeberg.org/snonux/hexai/internal/lsp/handlers_codeaction.go:487.5,487.14 1 0
codeberg.org/snonux/hexai/internal/lsp/handlers_codeaction.go:490.37,491.19 1 0
codeberg.org/snonux/hexai/internal/lsp/handlers_codeaction.go:491.19,491.34 1 0
codeberg.org/snonux/hexai/internal/lsp/handlers_codeaction.go:492.5,493.35 2 0
codeberg.org/snonux/hexai/internal/lsp/handlers_codeaction.go:493.35,495.6 1 0
codeberg.org/snonux/hexai/internal/lsp/handlers_codeaction.go:496.5,496.21 1 0
codeberg.org/snonux/hexai/internal/lsp/handlers_completion.go:14.48,17.55 3 0
codeberg.org/snonux/hexai/internal/lsp/handlers_completion.go:17.55,24.19 5 0
codeberg.org/snonux/hexai/internal/lsp/handlers_completion.go:24.19,26.4 1 0
codeberg.org/snonux/hexai/internal/lsp/handlers_completion.go:27.3,27.25 1 0
codeberg.org/snonux/hexai/internal/lsp/handlers_completion.go:27.25,31.10 4 0
codeberg.org/snonux/hexai/internal/lsp/handlers_completion.go:31.10,34.5 2 0
codeberg.org/snonux/hexai/internal/lsp/handlers_completion.go:37.2,38.73 2 0
codeberg.org/snonux/hexai/internal/lsp/handlers_completion.go:43.67,44.22 1 0
codeberg.org/snonux/hexai/internal/lsp/handlers_completion.go:44.22,46.3 1 0
codeberg.org/snonux/hexai/internal/lsp/handlers_completion.go:47.2,51.48 2 0
codeberg.org/snonux/hexai/internal/lsp/handlers_completion.go:51.48,53.3 1 0
codeberg.org/snonux/hexai/internal/lsp/handlers_completion.go:53.8,56.3 2 0
codeberg.org/snonux/hexai/internal/lsp/handlers_completion.go:57.2,57.46 1 0
codeberg.org/snonux/hexai/internal/lsp/handlers_completion.go:62.99,65.2 1 0
codeberg.org/snonux/hexai/internal/lsp/handlers_completion.go:67.98,70.2 1 0
codeberg.org/snonux/hexai/internal/lsp/handlers_completion.go:72.160,77.52 4 0
codeberg.org/snonux/hexai/internal/lsp/handlers_completion.go:77.52,80.3 2 0
codeberg.org/snonux/hexai/internal/lsp/handlers_completion.go:81.2,81.51 1 0
codeberg.org/snonux/hexai/internal/lsp/handlers_completion.go:81.51,83.3 1 0
codeberg.org/snonux/hexai/internal/lsp/handlers_completion.go:85.2,90.86 4 0
codeberg.org/snonux/hexai/internal/lsp/handlers_completion.go:90.86,95.3 2 0
codeberg.org/snonux/hexai/internal/lsp/handlers_completion.go:96.5,96.73 1 0
codeberg.org/snonux/hexai/internal/lsp/handlers_completion.go:96.73,99.6 2 0
codeberg.org/snonux/hexai/internal/lsp/handlers_completion.go:101.2,101.83 1 0
codeberg.org/snonux/hexai/internal/lsp/handlers_completion.go:101.83,104.3 2 0
codeberg.org/snonux/hexai/internal/lsp/handlers_completion.go:107.5,107.129 1 0
codeberg.org/snonux/hexai/internal/lsp/handlers_completion.go:107.129,109.6 1 0
codeberg.org/snonux/hexai/internal/lsp/handlers_completion.go:112.2,115.29 3 0
codeberg.org/snonux/hexai/internal/lsp/handlers_completion.go:115.29,117.3 1 0
codeberg.org/snonux/hexai/internal/lsp/handlers_completion.go:118.2,120.32 3 0
codeberg.org/snonux/hexai/internal/lsp/handlers_completion.go:120.32,122.3 1 0
codeberg.org/snonux/hexai/internal/lsp/handlers_completion.go:124.5,125.32 2 0
codeberg.org/snonux/hexai/internal/lsp/handlers_completion.go:125.32,127.6 1 0
codeberg.org/snonux/hexai/internal/lsp/handlers_completion.go:128.5,131.16 3 0
codeberg.org/snonux/hexai/internal/lsp/handlers_completion.go:131.16,135.3 3 0
codeberg.org/snonux/hexai/internal/lsp/handlers_completion.go:136.2,140.19 4 0
codeberg.org/snonux/hexai/internal/lsp/handlers_completion.go:140.19,142.3 1 0
codeberg.org/snonux/hexai/internal/lsp/handlers_completion.go:143.2,144.75 2 0
codeberg.org/snonux/hexai/internal/lsp/handlers_completion.go:148.38,149.16 1 0
codeberg.org/snonux/hexai/internal/lsp/handlers_completion.go:149.16,151.3 1 0
codeberg.org/snonux/hexai/internal/lsp/handlers_completion.go:152.2,155.42 2 0
codeberg.org/snonux/hexai/internal/lsp/handlers_completion.go:155.42,157.3 1 0
codeberg.org/snonux/hexai/internal/lsp/handlers_completion.go:157.8,160.3 2 0
codeberg.org/snonux/hexai/internal/lsp/handlers_completion.go:161.2,161.27 1 0
codeberg.org/snonux/hexai/internal/lsp/handlers_completion.go:165.91,167.27 2 0
codeberg.org/snonux/hexai/internal/lsp/handlers_completion.go:167.27,167.43 1 0
codeberg.org/snonux/hexai/internal/lsp/handlers_completion.go:168.5,168.43 1 0
codeberg.org/snonux/hexai/internal/lsp/handlers_completion.go:168.43,169.41 1 0
codeberg.org/snonux/hexai/internal/lsp/handlers_completion.go:169.41,169.57 1 0
codeberg.org/snonux/hexai/internal/lsp/handlers_completion.go:170.9,171.43 2 0
codeberg.org/snonux/hexai/internal/lsp/handlers_completion.go:171.43,172.27 1 0
codeberg.org/snonux/hexai/internal/lsp/handlers_completion.go:172.27,175.14 2 0
codeberg.org/snonux/hexai/internal/lsp/handlers_completion.go:178.5,178.17 1 0
codeberg.org/snonux/hexai/internal/lsp/handlers_completion.go:182.119,186.24 2 0
codeberg.org/snonux/hexai/internal/lsp/handlers_completion.go:186.24,188.3 1 0
codeberg.org/snonux/hexai/internal/lsp/handlers_completion.go:189.2,190.13 2 0
codeberg.org/snonux/hexai/internal/lsp/handlers_completion.go:190.13,192.68 2 0
codeberg.org/snonux/hexai/internal/lsp/handlers_completion.go:192.68,194.4 1 0
codeberg.org/snonux/hexai/internal/lsp/handlers_completion.go:196.2,196.19 1 0
codeberg.org/snonux/hexai/internal/lsp/handlers_completion.go:196.19,198.3 1 0
codeberg.org/snonux/hexai/internal/lsp/handlers_completion.go:200.2,201.12 2 0
codeberg.org/snonux/hexai/internal/lsp/handlers_completion.go:201.12,203.28 2 0
codeberg.org/snonux/hexai/internal/lsp/handlers_completion.go:203.28,205.12 2 0
codeberg.org/snonux/hexai/internal/lsp/handlers_completion.go:207.3,207.8 1 0
codeberg.org/snonux/hexai/internal/lsp/handlers_completion.go:209.2,211.50 3 0
codeberg.org/snonux/hexai/internal/lsp/handlers_completion.go:211.50,213.3 1 0
codeberg.org/snonux/hexai/internal/lsp/handlers_completion.go:214.2,214.23 1 0
codeberg.org/snonux/hexai/internal/lsp/handlers_completion.go:218.193,220.9 2 0
codeberg.org/snonux/hexai/internal/lsp/handlers_completion.go:220.9,222.3 1 0
codeberg.org/snonux/hexai/internal/lsp/handlers_completion.go:223.2,228.32 6 0
codeberg.org/snonux/hexai/internal/lsp/handlers_completion.go:228.32,230.3 1 0
codeberg.org/snonux/hexai/internal/lsp/handlers_completion.go:231.2,232.24 2 0
codeberg.org/snonux/hexai/internal/lsp/handlers_completion.go:232.24,234.3 1 0
codeberg.org/snonux/hexai/internal/lsp/handlers_completion.go:235.2,241.33 5 0
codeberg.org/snonux/hexai/internal/lsp/handlers_completion.go:241.33,243.6 1 0
codeberg.org/snonux/hexai/internal/lsp/handlers_completion.go:244.5,245.40 2 0
codeberg.org/snonux/hexai/internal/lsp/handlers_completion.go:245.40,247.20 2 0
codeberg.org/snonux/hexai/internal/lsp/handlers_completion.go:247.20,249.21 2 0
codeberg.org/snonux/hexai/internal/lsp/handlers_completion.go:249.21,251.5 1 0
codeberg.org/snonux/hexai/internal/lsp/handlers_completion.go:252.4,252.59 1 0
codeberg.org/snonux/hexai/internal/lsp/handlers_completion.go:252.59,254.21 2 0
codeberg.org/snonux/hexai/internal/lsp/handlers_completion.go:254.21,256.6 1 0
codeberg.org/snonux/hexai/internal/lsp/handlers_completion.go:258.4,258.40 1 0
codeberg.org/snonux/hexai/internal/lsp/handlers_completion.go:258.40,262.5 3 0
codeberg.org/snonux/hexai/internal/lsp/handlers_completion.go:264.8,264.23 1 0
codeberg.org/snonux/hexai/internal/lsp/handlers_completion.go:264.23,266.3 1 0
codeberg.org/snonux/hexai/internal/lsp/handlers_completion.go:267.2,267.19 1 0
codeberg.org/snonux/hexai/internal/lsp/handlers_completion.go:272.55,274.15 2 0
codeberg.org/snonux/hexai/internal/lsp/handlers_completion.go:274.15,276.6 1 0
codeberg.org/snonux/hexai/internal/lsp/handlers_completion.go:277.5,277.9 1 0
codeberg.org/snonux/hexai/internal/lsp/handlers_completion.go:277.9,281.26 4 0
codeberg.org/snonux/hexai/internal/lsp/handlers_completion.go:281.26,283.10 1 0
codeberg.org/snonux/hexai/internal/lsp/handlers_completion.go:284.9,285.23 2 0
codeberg.org/snonux/hexai/internal/lsp/handlers_completion.go:285.23,287.10 1 0
codeberg.org/snonux/hexai/internal/lsp/handlers_completion.go:288.9,290.16 3 0
codeberg.org/snonux/hexai/internal/lsp/handlers_completion.go:291.27,293.19 2 0
codeberg.org/snonux/hexai/internal/lsp/handlers_completion.go:294.24,294.24 0 0
codeberg.org/snonux/hexai/internal/lsp/handlers_completion.go:302.60,304.22 2 0
codeberg.org/snonux/hexai/internal/lsp/handlers_completion.go:304.22,306.6 1 0
codeberg.org/snonux/hexai/internal/lsp/handlers_completion.go:307.5,308.9 2 0
codeberg.org/snonux/hexai/internal/lsp/handlers_completion.go:308.9,312.29 4 0
codeberg.org/snonux/hexai/internal/lsp/handlers_completion.go:312.29,316.20 4 0
codeberg.org/snonux/hexai/internal/lsp/handlers_completion.go:317.31,319.29 2 0
codeberg.org/snonux/hexai/internal/lsp/handlers_completion.go:320.28,322.25 1 0
codeberg.org/snonux/hexai/internal/lsp/handlers_completion.go:326.9,328.20 3 0
codeberg.org/snonux/hexai/internal/lsp/handlers_completion.go:333.177,339.33 3 0
codeberg.org/snonux/hexai/internal/lsp/handlers_completion.go:339.33,341.3 1 0
codeberg.org/snonux/hexai/internal/lsp/handlers_completion.go:342.2,342.18 1 0
codeberg.org/snonux/hexai/internal/lsp/handlers_completion.go:342.18,344.3 1 0
codeberg.org/snonux/hexai/internal/lsp/handlers_completion.go:345.2,345.17 1 0
codeberg.org/snonux/hexai/internal/lsp/handlers_completion.go:349.101,351.57 2 0
codeberg.org/snonux/hexai/internal/lsp/handlers_completion.go:351.57,352.78 1 0
codeberg.org/snonux/hexai/internal/lsp/handlers_completion.go:352.78,354.4 1 0
codeberg.org/snonux/hexai/internal/lsp/handlers_completion.go:356.2,356.19 1 0
codeberg.org/snonux/hexai/internal/lsp/handlers_completion.go:356.19,358.3 1 0
codeberg.org/snonux/hexai/internal/lsp/handlers_completion.go:359.2,359.19 1 0
codeberg.org/snonux/hexai/internal/lsp/handlers_completion.go:359.19,361.3 1 0
codeberg.org/snonux/hexai/internal/lsp/handlers_completion.go:362.2,362.61 1 0
codeberg.org/snonux/hexai/internal/lsp/handlers_completion.go:362.61,363.57 1 0
codeberg.org/snonux/hexai/internal/lsp/handlers_completion.go:363.57,365.4 1 0
codeberg.org/snonux/hexai/internal/lsp/handlers_completion.go:367.2,367.16 1 0
codeberg.org/snonux/hexai/internal/lsp/handlers_document.go:18.45,20.55 2 0
codeberg.org/snonux/hexai/internal/lsp/handlers_document.go:20.55,23.3 2 0
codeberg.org/snonux/hexai/internal/lsp/handlers_document.go:26.47,28.55 2 0
codeberg.org/snonux/hexai/internal/lsp/handlers_document.go:28.55,29.32 1 0
codeberg.org/snonux/hexai/internal/lsp/handlers_document.go:29.32,31.4 1 0
codeberg.org/snonux/hexai/internal/lsp/handlers_document.go:32.3,34.44 2 0
codeberg.org/snonux/hexai/internal/lsp/handlers_document.go:38.46,40.55 2 0
codeberg.org/snonux/hexai/internal/lsp/handlers_document.go:40.55,43.3 2 0
codeberg.org/snonux/hexai/internal/lsp/handlers_document.go:49.76,51.14 2 0
codeberg.org/snonux/hexai/internal/lsp/handlers_document.go:51.14,53.3 1 0
codeberg.org/snonux/hexai/internal/lsp/handlers_document.go:55.2,56.14 2 0
codeberg.org/snonux/hexai/internal/lsp/handlers_document.go:56.14,58.3 1 0
codeberg.org/snonux/hexai/internal/lsp/handlers_document.go:59.2,59.26 1 0
codeberg.org/snonux/hexai/internal/lsp/handlers_document.go:59.26,61.3 1 0
codeberg.org/snonux/hexai/internal/lsp/handlers_document.go:62.2,63.13 2 0
codeberg.org/snonux/hexai/internal/lsp/handlers_document.go:63.13,65.3 1 0
codeberg.org/snonux/hexai/internal/lsp/handlers_document.go:66.2,66.30 1 0
codeberg.org/snonux/hexai/internal/lsp/handlers_document.go:66.30,68.3 1 0
codeberg.org/snonux/hexai/internal/lsp/handlers_document.go:70.2,71.28 2 0
codeberg.org/snonux/hexai/internal/lsp/handlers_document.go:71.28,74.3 2 0
codeberg.org/snonux/hexai/internal/lsp/handlers_document.go:75.2,80.43 5 0
codeberg.org/snonux/hexai/internal/lsp/handlers_document.go:80.43,83.3 2 0
codeberg.org/snonux/hexai/internal/lsp/handlers_document.go:84.2,84.27 1 0
codeberg.org/snonux/hexai/internal/lsp/handlers_document.go:92.50,93.24 1 0
codeberg.org/snonux/hexai/internal/lsp/handlers_document.go:93.24,95.3 1 0
codeberg.org/snonux/hexai/internal/lsp/handlers_document.go:96.2,97.35 2 0
codeberg.org/snonux/hexai/internal/lsp/handlers_document.go:97.35,99.3 1 0
codeberg.org/snonux/hexai/internal/lsp/handlers_document.go:100.5,100.33 1 0
codeberg.org/snonux/hexai/internal/lsp/handlers_document.go:100.33,103.14 2 0
codeberg.org/snonux/hexai/internal/lsp/handlers_document.go:103.14,104.39 1 0
codeberg.org/snonux/hexai/internal/lsp/handlers_document.go:104.39,106.13 2 0
codeberg.org/snonux/hexai/internal/lsp/handlers_document.go:108.4,108.9 1 0
codeberg.org/snonux/hexai/internal/lsp/handlers_document.go:110.9,110.18 1 0
codeberg.org/snonux/hexai/internal/lsp/handlers_document.go:110.18,111.21 1 0
codeberg.org/snonux/hexai/internal/lsp/handlers_document.go:114.9,114.31 1 0
codeberg.org/snonux/hexai/internal/lsp/handlers_document.go:114.31,115.21 1 0
codeberg.org/snonux/hexai/internal/lsp/handlers_document.go:118.9,118.43 1 0
codeberg.org/snonux/hexai/internal/lsp/handlers_document.go:118.43,119.21 1 0
codeberg.org/snonux/hexai/internal/lsp/handlers_document.go:122.9,122.18 1 0
codeberg.org/snonux/hexai/internal/lsp/handlers_document.go:122.18,122.28 1 0
codeberg.org/snonux/hexai/internal/lsp/handlers_document.go:123.9,125.44 3 0
codeberg.org/snonux/hexai/internal/lsp/handlers_document.go:125.44,126.28 1 0
codeberg.org/snonux/hexai/internal/lsp/handlers_document.go:126.28,126.53 2 0
codeberg.org/snonux/hexai/internal/lsp/handlers_document.go:128.9,128.23 1 0
codeberg.org/snonux/hexai/internal/lsp/handlers_document.go:128.23,128.33 1 0
codeberg.org/snonux/hexai/internal/lsp/handlers_document.go:130.3,131.63 2 0
codeberg.org/snonux/hexai/internal/lsp/handlers_document.go:131.63,133.4 1 0
codeberg.org/snonux/hexai/internal/lsp/handlers_document.go:134.3,134.80 1 0
codeberg.org/snonux/hexai/internal/lsp/handlers_document.go:134.80,135.12 1 0
codeberg.org/snonux/hexai/internal/lsp/handlers_document.go:138.9,141.19 4 0
codeberg.org/snonux/hexai/internal/lsp/handlers_document.go:141.19,142.12 1 0
codeberg.org/snonux/hexai/internal/lsp/handlers_document.go:144.3,146.38 3 0
codeberg.org/snonux/hexai/internal/lsp/handlers_document.go:146.38,156.18 9 0
codeberg.org/snonux/hexai/internal/lsp/handlers_document.go:156.18,159.5 2 0
codeberg.org/snonux/hexai/internal/lsp/handlers_document.go:160.4,161.17 2 0
codeberg.org/snonux/hexai/internal/lsp/handlers_document.go:161.17,163.5 1 0
codeberg.org/snonux/hexai/internal/lsp/handlers_document.go:164.4,164.61 1 0
codeberg.org/snonux/hexai/internal/lsp/handlers_document.go:167.3,167.8 1 0
codeberg.org/snonux/hexai/internal/lsp/handlers_document.go:173.110,175.14 2 0
codeberg.org/snonux/hexai/internal/lsp/handlers_document.go:175.14,177.3 1 0
codeberg.org/snonux/hexai/internal/lsp/handlers_document.go:179.2,190.54 8 0
codeberg.org/snonux/hexai/internal/lsp/handlers_document.go:195.96,197.14 2 0
codeberg.org/snonux/hexai/internal/lsp/handlers_document.go:197.14,199.3 1 0
codeberg.org/snonux/hexai/internal/lsp/handlers_document.go:200.2,203.31 4 0
codeberg.org/snonux/hexai/internal/lsp/handlers_document.go:203.31,204.53 1 0
codeberg.org/snonux/hexai/internal/lsp/handlers_document.go:204.53,206.4 1 0
codeberg.org/snonux/hexai/internal/lsp/handlers_document.go:207.3,207.12 1 0
codeberg.org/snonux/hexai/internal/lsp/handlers_document.go:207.12,208.9 1 0
codeberg.org/snonux/hexai/internal/lsp/handlers_document.go:210.3,210.61 1 0
codeberg.org/snonux/hexai/internal/lsp/handlers_document.go:210.61,211.9 1 0
codeberg.org/snonux/hexai/internal/lsp/handlers_document.go:213.3,214.14 2 0
codeberg.org/snonux/hexai/internal/lsp/handlers_document.go:214.14,216.36 2 0
codeberg.org/snonux/hexai/internal/lsp/handlers_document.go:216.36,219.13 3 0
codeberg.org/snonux/hexai/internal/lsp/handlers_document.go:221.4,221.9 1 0
codeberg.org/snonux/hexai/internal/lsp/handlers_document.go:223.3,223.53 1 0
codeberg.org/snonux/hexai/internal/lsp/handlers_document.go:223.53,225.4 1 0
codeberg.org/snonux/hexai/internal/lsp/handlers_document.go:226.3,226.12 1 0
codeberg.org/snonux/hexai/internal/lsp/handlers_document.go:226.12,227.9 1 0
codeberg.org/snonux/hexai/internal/lsp/handlers_document.go:229.3,232.6 4 0
codeberg.org/snonux/hexai/internal/lsp/handlers_document.go:234.2,235.26 2 0
codeberg.org/snonux/hexai/internal/lsp/handlers_document.go:235.26,236.35 1 0
codeberg.org/snonux/hexai/internal/lsp/handlers_document.go:236.35,238.4 1 0
codeberg.org/snonux/hexai/internal/lsp/handlers_document.go:239.3,239.35 1 0
codeberg.org/snonux/hexai/internal/lsp/handlers_document.go:239.35,241.4 1 0
codeberg.org/snonux/hexai/internal/lsp/handlers_document.go:243.2,244.13 2 0
codeberg.org/snonux/hexai/internal/lsp/handlers_document.go:248.45,250.20 2 0
codeberg.org/snonux/hexai/internal/lsp/handlers_document.go:250.20,252.6 1 0
codeberg.org/snonux/hexai/internal/lsp/handlers_document.go:254.5,254.53 1 0
codeberg.org/snonux/hexai/internal/lsp/handlers_document.go:254.53,256.46 2 0
codeberg.org/snonux/hexai/internal/lsp/handlers_document.go:256.46,257.27 1 0
codeberg.org/snonux/hexai/internal/lsp/handlers_document.go:257.27,259.14 1 0
codeberg.org/snonux/hexai/internal/lsp/handlers_document.go:263.5,263.35 1 0
codeberg.org/snonux/hexai/internal/lsp/handlers_document.go:263.35,265.6 1 0
codeberg.org/snonux/hexai/internal/lsp/handlers_document.go:267.5,268.17 2 0
codeberg.org/snonux/hexai/internal/lsp/handlers_document.go:269.24,270.54 1 0
codeberg.org/snonux/hexai/internal/lsp/handlers_document.go:271.13,272.18 1 0
codeberg.org/snonux/hexai/internal/lsp/handlers_document.go:277.68,284.2 6 0
codeberg.org/snonux/hexai/internal/lsp/handlers_document.go:287.46,294.2 6 0
codeberg.org/snonux/hexai/internal/lsp/handlers_document.go:297.61,312.2 9 0
codeberg.org/snonux/hexai/internal/lsp/handlers_document.go:316.59,317.15 1 0
codeberg.org/snonux/hexai/internal/lsp/handlers_document.go:317.15,320.6 2 0
codeberg.org/snonux/hexai/internal/lsp/handlers_execute.go:8.52,10.58 2 0
codeberg.org/snonux/hexai/internal/lsp/handlers_execute.go:10.58,13.6 2 0
codeberg.org/snonux/hexai/internal/lsp/handlers_execute.go:14.5,14.22 1 0
codeberg.org/snonux/hexai/internal/lsp/handlers_execute.go:15.31,16.34 1 0
codeberg.org/snonux/hexai/internal/lsp/handlers_execute.go:16.34,20.67 3 0
codeberg.org/snonux/hexai/internal/lsp/handlers_execute.go:20.67,22.14 1 0
codeberg.org/snonux/hexai/internal/lsp/handlers_execute.go:23.13,23.26 1 0
codeberg.org/snonux/hexai/internal/lsp/handlers_execute.go:23.26,25.14 1 0
codeberg.org/snonux/hexai/internal/lsp/handlers_execute.go:27.9,28.15 2 0
codeberg.org/snonux/hexai/internal/lsp/handlers_execute.go:29.13,32.15 2 0
codeberg.org/snonux/hexai/internal/lsp/handlers_init.go:10.48,12.24 2 0
codeberg.org/snonux/hexai/internal/lsp/handlers_init.go:12.24,14.3 1 0
codeberg.org/snonux/hexai/internal/lsp/handlers_init.go:15.2,26.27 2 0
codeberg.org/snonux/hexai/internal/lsp/handlers_init.go:29.38,31.2 1 0
codeberg.org/snonux/hexai/internal/lsp/handlers_init.go:33.46,35.2 1 0
codeberg.org/snonux/hexai/internal/lsp/handlers_init.go:37.31,40.2 2 0
codeberg.org/snonux/hexai/internal/lsp/handlers_utils.go:18.55,20.32 2 0
codeberg.org/snonux/hexai/internal/lsp/handlers_utils.go:20.32,22.3 1 0
codeberg.org/snonux/hexai/internal/lsp/handlers_utils.go:23.2,23.13 1 0
codeberg.org/snonux/hexai/internal/lsp/handlers_utils.go:27.41,32.2 4 0
codeberg.org/snonux/hexai/internal/lsp/handlers_utils.go:34.41,39.2 4 0
codeberg.org/snonux/hexai/internal/lsp/handlers_utils.go:41.32,44.23 3 0
codeberg.org/snonux/hexai/internal/lsp/handlers_utils.go:44.23,46.3 1 0
codeberg.org/snonux/hexai/internal/lsp/handlers_utils.go:47.2,48.24 2 0
codeberg.org/snonux/hexai/internal/lsp/handlers_utils.go:48.24,50.3 1 0
codeberg.org/snonux/hexai/internal/lsp/handlers_utils.go:51.2,54.15 4 0
codeberg.org/snonux/hexai/internal/lsp/handlers_utils.go:54.15,56.3 1 0
codeberg.org/snonux/hexai/internal/lsp/handlers_utils.go:57.2,60.211 4 0
codeberg.org/snonux/hexai/internal/lsp/handlers_utils.go:64.51,65.41 1 0
codeberg.org/snonux/hexai/internal/lsp/handlers_utils.go:65.41,67.3 1 0
codeberg.org/snonux/hexai/internal/lsp/handlers_utils.go:68.2,70.71 3 0
codeberg.org/snonux/hexai/internal/lsp/handlers_utils.go:73.110,74.14 1 0
codeberg.org/snonux/hexai/internal/lsp/handlers_utils.go:74.14,78.3 3 0
[...]
codeberg.org/snonux/hexai/internal/lsp/handlers_document.go:317.15,320.6 2 1
codeberg.org/snonux/hexai/internal/lsp/handlers_execute.go:8.52,10.58 2 1
codeberg.org/snonux/hexai/internal/lsp/handlers_execute.go:10.58,13.6 2 0
codeberg.org/snonux/hexai/internal/lsp/handlers_execute.go:14.5,14.22 1 1
codeberg.org/snonux/hexai/internal/lsp/handlers_execute.go:15.31,16.34 1 1
codeberg.org/snonux/hexai/internal/lsp/handlers_execute.go:16.34,20.67 3 1
codeberg.org/snonux/hexai/internal/lsp/handlers_execute.go:20.67,22.14 1 1
codeberg.org/snonux/hexai/internal/lsp/handlers_execute.go:23.13,23.26 1 1
codeberg.org/snonux/hexai/internal/lsp/handlers_execute.go:23.26,25.14 1 1
codeberg.org/snonux/hexai/internal/lsp/handlers_execute.go:27.9,28.15 2 1
codeberg.org/snonux/hexai/internal/lsp/handlers_execute.go:29.13,32.15 2 0
codeberg.org/snonux/hexai/internal/lsp/handlers_init.go:10.48,12.24 2 2
codeberg.org/snonux/hexai/internal/lsp/handlers_init.go:12.24,14.3 1 0
codeberg.org/snonux/hexai/internal/lsp/handlers_init.go:15.2,26.27 2 2
codeberg.org/snonux/hexai/internal/lsp/handlers_init.go:29.38,31.2 1 0
codeberg.org/snonux/hexai/internal/lsp/handlers_init.go:33.46,35.2 1 1
codeberg.org/snonux/hexai/internal/lsp/handlers_init.go:37.31,40.2 2 0
codeberg.org/snonux/hexai/internal/lsp/handlers_utils.go:18.55,20.32 2 11
codeberg.org/snonux/hexai/internal/lsp/handlers_utils.go:20.32,22.3 1 0
codeberg.org/snonux/hexai/internal/lsp/handlers_utils.go:23.2,23.13 1 11
codeberg.org/snonux/hexai/internal/lsp/handlers_utils.go:27.41,32.2 4 7
codeberg.org/snonux/hexai/internal/lsp/handlers_utils.go:34.41,39.2 4 7
codeberg.org/snonux/hexai/internal/lsp/handlers_utils.go:41.32,44.23 3 7
codeberg.org/snonux/hexai/internal/lsp/handlers_utils.go:44.23,46.3 1 7
codeberg.org/snonux/hexai/internal/lsp/handlers_utils.go:47.2,48.24 2 7
codeberg.org/snonux/hexai/internal/lsp/handlers_utils.go:48.24,50.3 1 7
codeberg.org/snonux/hexai/internal/lsp/handlers_utils.go:51.2,54.15 4 7
codeberg.org/snonux/hexai/internal/lsp/handlers_utils.go:54.15,56.3 1 0
codeberg.org/snonux/hexai/internal/lsp/handlers_utils.go:57.2,60.211 4 7
codeberg.org/snonux/hexai/internal/lsp/handlers_utils.go:64.51,65.41 1 11
codeberg.org/snonux/hexai/internal/lsp/handlers_utils.go:65.41,67.3 1 6
codeberg.org/snonux/hexai/internal/lsp/handlers_utils.go:68.2,70.71 3 5
codeberg.org/snonux/hexai/internal/lsp/handlers_utils.go:73.110,74.14 1 13
codeberg.org/snonux/hexai/internal/lsp/handlers_utils.go:74.14,78.3 3 2
codeberg.org/snonux/hexai/internal/lsp/handlers_utils.go:79.2,81.18 3 11
codeberg.org/snonux/hexai/internal/lsp/handlers_utils.go:84.118,85.14 1 15
codeberg.org/snonux/hexai/internal/lsp/handlers_utils.go:85.14,88.16 3 3
codeberg.org/snonux/hexai/internal/lsp/handlers_utils.go:88.16,91.35 3 3
codeberg.org/snonux/hexai/internal/lsp/handlers_utils.go:91.35,93.5 1 3
codeberg.org/snonux/hexai/internal/lsp/handlers_utils.go:94.4,94.36 1 3
codeberg.org/snonux/hexai/internal/lsp/handlers_utils.go:94.36,96.5 1 2
codeberg.org/snonux/hexai/internal/lsp/handlers_utils.go:97.4,99.59 3 3
codeberg.org/snonux/hexai/internal/lsp/handlers_utils.go:99.59,101.5 1 3
codeberg.org/snonux/hexai/internal/lsp/handlers_utils.go:102.4,102.21 1 3
codeberg.org/snonux/hexai/internal/lsp/handlers_utils.go:105.2,108.19 4 12
codeberg.org/snonux/hexai/internal/lsp/handlers_utils.go:111.51,112.23 1 21
codeberg.org/snonux/hexai/internal/lsp/handlers_utils.go:112.23,114.3 1 0
codeberg.org/snonux/hexai/internal/lsp/handlers_utils.go:115.2,115.13 1 21
codeberg.org/snonux/hexai/internal/lsp/handlers_utils.go:115.13,117.100 2 37
codeberg.org/snonux/hexai/internal/lsp/handlers_utils.go:117.100,119.12 2 20
codeberg.org/snonux/hexai/internal/lsp/handlers_utils.go:121.3,121.8 1 17
codeberg.org/snonux/hexai/internal/lsp/handlers_utils.go:123.2,123.11 1 21
codeberg.org/snonux/hexai/internal/lsp/handlers_utils.go:126.32,128.2 1 24
codeberg.org/snonux/hexai/internal/lsp/handlers_utils.go:131.44,132.56 1 18
codeberg.org/snonux/hexai/internal/lsp/handlers_utils.go:132.56,134.6 1 1
codeberg.org/snonux/hexai/internal/lsp/handlers_utils.go:135.5,135.43 1 17
codeberg.org/snonux/hexai/internal/lsp/handlers_utils.go:138.40,140.20 2 2
codeberg.org/snonux/hexai/internal/lsp/handlers_utils.go:140.20,141.40 1 7
codeberg.org/snonux/hexai/internal/lsp/handlers_utils.go:141.40,143.12 2 5
codeberg.org/snonux/hexai/internal/lsp/handlers_utils.go:145.3,145.8 1 2
codeberg.org/snonux/hexai/internal/lsp/handlers_utils.go:147.2,147.12 1 2
codeberg.org/snonux/hexai/internal/lsp/handlers_utils.go:147.12,149.3 1 0
codeberg.org/snonux/hexai/internal/lsp/handlers_utils.go:150.2,150.17 1 2
codeberg.org/snonux/hexai/internal/lsp/handlers_utils.go:153.52,154.38 1 2
codeberg.org/snonux/hexai/internal/lsp/handlers_utils.go:154.38,156.3 1 0
codeberg.org/snonux/hexai/internal/lsp/handlers_utils.go:157.2,158.27 2 2
codeberg.org/snonux/hexai/internal/lsp/handlers_utils.go:158.27,159.34 1 6
codeberg.org/snonux/hexai/internal/lsp/handlers_utils.go:159.34,160.12 1 1
codeberg.org/snonux/hexai/internal/lsp/handlers_utils.go:162.3,162.36 1 5
codeberg.org/snonux/hexai/internal/lsp/handlers_utils.go:162.36,163.12 1 0
codeberg.org/snonux/hexai/internal/lsp/handlers_utils.go:165.3,165.25 1 5
codeberg.org/snonux/hexai/internal/lsp/handlers_utils.go:167.2,167.34 1 2
codeberg.org/snonux/hexai/internal/lsp/handlers_utils.go:175.67,177.25 2 46
codeberg.org/snonux/hexai/internal/lsp/handlers_utils.go:177.25,180.18 2 58
codeberg.org/snonux/hexai/internal/lsp/handlers_utils.go:180.18,182.10 1 27
codeberg.org/snonux/hexai/internal/lsp/handlers_utils.go:183.9,185.80 2 31
codeberg.org/snonux/hexai/internal/lsp/handlers_utils.go:185.80,187.21 2 18
codeberg.org/snonux/hexai/internal/lsp/handlers_utils.go:190.9,191.18 2 13
codeberg.org/snonux/hexai/internal/lsp/handlers_utils.go:191.18,193.10 1 1
codeberg.org/snonux/hexai/internal/lsp/handlers_utils.go:194.9,195.54 2 12
codeberg.org/snonux/hexai/internal/lsp/handlers_utils.go:195.54,197.21 2 1
codeberg.org/snonux/hexai/internal/lsp/handlers_utils.go:199.9,200.24 2 11
codeberg.org/snonux/hexai/internal/lsp/handlers_utils.go:200.24,202.21 2 0
codeberg.org/snonux/hexai/internal/lsp/handlers_utils.go:204.9,205.35 2 11
codeberg.org/snonux/hexai/internal/lsp/handlers_utils.go:207.5,207.27 1 7
codeberg.org/snonux/hexai/internal/lsp/handlers_utils.go:213.46,217.34 3 19
codeberg.org/snonux/hexai/internal/lsp/handlers_utils.go:217.34,219.6 1 16
codeberg.org/snonux/hexai/internal/lsp/handlers_utils.go:220.5,220.37 1 3
codeberg.org/snonux/hexai/internal/lsp/handlers_utils.go:220.37,222.6 1 1
codeberg.org/snonux/hexai/internal/lsp/handlers_utils.go:223.5,223.34 1 2
codeberg.org/snonux/hexai/internal/lsp/handlers_utils.go:223.34,225.38 2 2
codeberg.org/snonux/hexai/internal/lsp/handlers_utils.go:225.38,227.10 1 2
codeberg.org/snonux/hexai/internal/lsp/handlers_utils.go:229.5,229.17 1 0
codeberg.org/snonux/hexai/internal/lsp/handlers_utils.go:233.83,236.102 2 17
codeberg.org/snonux/hexai/internal/lsp/handlers_utils.go:236.102,238.36 2 4
codeberg.org/snonux/hexai/internal/lsp/handlers_utils.go:238.36,240.136 2 4
codeberg.org/snonux/hexai/internal/lsp/handlers_utils.go:240.136,242.5 1 20
codeberg.org/snonux/hexai/internal/lsp/handlers_utils.go:243.4,245.34 3 4
codeberg.org/snonux/hexai/internal/lsp/handlers_utils.go:245.34,247.5 1 4
codeberg.org/snonux/hexai/internal/lsp/handlers_utils.go:251.2,251.65 1 13
codeberg.org/snonux/hexai/internal/lsp/handlers_utils.go:251.65,252.53 1 2
codeberg.org/snonux/hexai/internal/lsp/handlers_utils.go:252.53,254.37 2 2
codeberg.org/snonux/hexai/internal/lsp/handlers_utils.go:254.37,256.137 2 2
codeberg.org/snonux/hexai/internal/lsp/handlers_utils.go:256.137,258.6 1 4
codeberg.org/snonux/hexai/internal/lsp/handlers_utils.go:259.5,261.35 3 2
codeberg.org/snonux/hexai/internal/lsp/handlers_utils.go:261.35,263.6 1 2
codeberg.org/snonux/hexai/internal/lsp/handlers_utils.go:267.2,267.19 1 11
codeberg.org/snonux/hexai/internal/lsp/handlers_utils.go:271.80,272.22 1 17
codeberg.org/snonux/hexai/internal/lsp/handlers_utils.go:272.22,274.3 1 0
codeberg.org/snonux/hexai/internal/lsp/handlers_utils.go:275.2,277.40 3 17
codeberg.org/snonux/hexai/internal/lsp/handlers_utils.go:277.40,279.3 1 5
codeberg.org/snonux/hexai/internal/lsp/handlers_utils.go:280.2,280.34 1 12
codeberg.org/snonux/hexai/internal/lsp/handlers_utils.go:280.34,281.31 1 94
codeberg.org/snonux/hexai/internal/lsp/handlers_utils.go:281.31,282.12 1 75
codeberg.org/snonux/hexai/internal/lsp/handlers_utils.go:284.3,285.16 2 19
codeberg.org/snonux/hexai/internal/lsp/handlers_utils.go:285.16,286.12 1 0
codeberg.org/snonux/hexai/internal/lsp/handlers_utils.go:288.3,288.32 1 19
codeberg.org/snonux/hexai/internal/lsp/handlers_utils.go:288.32,290.4 1 0
codeberg.org/snonux/hexai/internal/lsp/handlers_utils.go:292.2,292.19 1 12
codeberg.org/snonux/hexai/internal/lsp/handlers_utils.go:295.36,297.2 1 94
codeberg.org/snonux/hexai/internal/lsp/handlers_utils.go:300.39,302.13 2 30
codeberg.org/snonux/hexai/internal/lsp/handlers_utils.go:302.13,304.3 1 0
codeberg.org/snonux/hexai/internal/lsp/handlers_utils.go:305.2,307.66 3 30
codeberg.org/snonux/hexai/internal/lsp/handlers_utils.go:307.66,309.3 1 0
codeberg.org/snonux/hexai/internal/lsp/handlers_utils.go:310.2,311.54 2 30
codeberg.org/snonux/hexai/internal/lsp/handlers_utils.go:311.54,313.3 1 0
codeberg.org/snonux/hexai/internal/lsp/handlers_utils.go:314.2,314.51 1 30
codeberg.org/snonux/hexai/internal/lsp/handlers_utils.go:314.51,316.3 1 0
codeberg.org/snonux/hexai/internal/lsp/handlers_utils.go:317.2,319.69 3 30
codeberg.org/snonux/hexai/internal/lsp/handlers_utils.go:319.69,322.3 2 8
codeberg.org/snonux/hexai/internal/lsp/handlers_utils.go:323.2,323.10 1 22
codeberg.org/snonux/hexai/internal/lsp/handlers_utils.go:327.43,329.13 2 10
codeberg.org/snonux/hexai/internal/lsp/handlers_utils.go:329.13,331.3 1 0
codeberg.org/snonux/hexai/internal/lsp/handlers_utils.go:332.2,333.11 2 10
codeberg.org/snonux/hexai/internal/lsp/handlers_utils.go:333.11,335.3 1 2
codeberg.org/snonux/hexai/internal/lsp/handlers_utils.go:336.2,337.14 2 8
codeberg.org/snonux/hexai/internal/lsp/handlers_utils.go:337.14,339.3 1 2
codeberg.org/snonux/hexai/internal/lsp/handlers_utils.go:340.2,341.19 2 6
codeberg.org/snonux/hexai/internal/lsp/handlers_utils.go:345.56,347.89 2 16
codeberg.org/snonux/hexai/internal/lsp/handlers_utils.go:347.89,349.3 1 3
codeberg.org/snonux/hexai/internal/lsp/handlers_utils.go:350.2,350.14 1 13
codeberg.org/snonux/hexai/internal/lsp/handlers_utils.go:354.52,355.32 1 3
codeberg.org/snonux/hexai/internal/lsp/handlers_utils.go:355.32,357.28 2 2
codeberg.org/snonux/hexai/internal/lsp/handlers_utils.go:357.28,359.4 1 0
codeberg.org/snonux/hexai/internal/lsp/handlers_utils.go:360.3,360.34 1 2
codeberg.org/snonux/hexai/internal/lsp/handlers_utils.go:360.34,362.4 1 0
codeberg.org/snonux/hexai/internal/lsp/handlers_utils.go:363.3,363.42 1 2
codeberg.org/snonux/hexai/internal/lsp/handlers_utils.go:363.42,365.4 1 0
codeberg.org/snonux/hexai/internal/lsp/handlers_utils.go:366.3,366.49 1 2
codeberg.org/snonux/hexai/internal/lsp/handlers_utils.go:368.2,371.27 3 1
codeberg.org/snonux/hexai/internal/lsp/handlers_utils.go:371.27,373.3 1 0
codeberg.org/snonux/hexai/internal/lsp/handlers_utils.go:374.2,374.36 1 1
codeberg.org/snonux/hexai/internal/lsp/handlers_utils.go:374.36,376.3 1 0
codeberg.org/snonux/hexai/internal/lsp/handlers_utils.go:377.2,380.49 3 1
codeberg.org/snonux/hexai/internal/lsp/handlers_utils.go:380.49,382.24 2 1
codeberg.org/snonux/hexai/internal/lsp/handlers_utils.go:382.24,384.4 1 1
codeberg.org/snonux/hexai/internal/lsp/handlers_utils.go:387.2,388.25 2 1
codeberg.org/snonux/hexai/internal/lsp/handlers_utils.go:388.25,390.3 1 0
codeberg.org/snonux/hexai/internal/lsp/handlers_utils.go:391.2,391.33 1 1
codeberg.org/snonux/hexai/internal/lsp/handlers_utils.go:391.33,393.3 1 0
codeberg.org/snonux/hexai/internal/lsp/handlers_utils.go:394.2,395.19 2 1
codeberg.org/snonux/hexai/internal/lsp/handlers_utils.go:399.67,401.35 2 11
codeberg.org/snonux/hexai/internal/lsp/handlers_utils.go:401.35,403.3 1 10
codeberg.org/snonux/hexai/internal/lsp/handlers_utils.go:404.2,405.31 2 1
codeberg.org/snonux/hexai/internal/lsp/handlers_utils.go:405.31,407.3 1 4
codeberg.org/snonux/hexai/internal/lsp/handlers_utils.go:408.2,408.14 1 1
codeberg.org/snonux/hexai/internal/lsp/handlers_utils.go:411.69,412.40 1 7
codeberg.org/snonux/hexai/internal/lsp/handlers_utils.go:412.40,414.6 1 3
codeberg.org/snonux/hexai/internal/lsp/handlers_utils.go:415.5,415.50 1 4
codeberg.org/snonux/hexai/internal/lsp/handlers_utils.go:418.50,420.25 2 49
codeberg.org/snonux/hexai/internal/lsp/handlers_utils.go:420.25,424.18 3 50
codeberg.org/snonux/hexai/internal/lsp/handlers_utils.go:424.18,426.10 1 32
codeberg.org/snonux/hexai/internal/lsp/handlers_utils.go:427.9,429.38 3 18
codeberg.org/snonux/hexai/internal/lsp/handlers_utils.go:429.38,431.10 1 6
codeberg.org/snonux/hexai/internal/lsp/handlers_utils.go:432.9,433.52 2 12
codeberg.org/snonux/hexai/internal/lsp/handlers_utils.go:433.52,435.21 2 3
codeberg.org/snonux/hexai/internal/lsp/handlers_utils.go:438.9,439.18 2 9
codeberg.org/snonux/hexai/internal/lsp/handlers_utils.go:439.18,441.10 1 0
codeberg.org/snonux/hexai/internal/lsp/handlers_utils.go:442.9,443.55 2 9
codeberg.org/snonux/hexai/internal/lsp/handlers_utils.go:443.55,445.21 2 1
codeberg.org/snonux/hexai/internal/lsp/handlers_utils.go:447.9,447.20 1 8
codeberg.org/snonux/hexai/internal/lsp/handlers_utils.go:449.5,449.17 1 3
codeberg.org/snonux/hexai/internal/lsp/handlers_utils.go:452.67,455.31 3 5
codeberg.org/snonux/hexai/internal/lsp/handlers_utils.go:455.31,457.18 2 9
codeberg.org/snonux/hexai/internal/lsp/handlers_utils.go:457.18,458.18 1 4
codeberg.org/snonux/hexai/internal/lsp/handlers_utils.go:460.9,462.18 3 5
codeberg.org/snonux/hexai/internal/lsp/handlers_utils.go:462.18,463.18 1 0
codeberg.org/snonux/hexai/internal/lsp/handlers_utils.go:465.9,465.49 1 5
codeberg.org/snonux/hexai/internal/lsp/handlers_utils.go:465.49,467.21 2 0
codeberg.org/snonux/hexai/internal/lsp/handlers_utils.go:469.9,469.40 1 5
codeberg.org/snonux/hexai/internal/lsp/handlers_utils.go:469.40,471.21 2 0
codeberg.org/snonux/hexai/internal/lsp/handlers_utils.go:473.9,474.54 2 5
codeberg.org/snonux/hexai/internal/lsp/handlers_utils.go:474.54,476.21 2 0
codeberg.org/snonux/hexai/internal/lsp/handlers_utils.go:478.9,478.31 1 5
codeberg.org/snonux/hexai/internal/lsp/handlers_utils.go:478.31,480.21 2 0
codeberg.org/snonux/hexai/internal/lsp/handlers_utils.go:482.9,483.56 2 5
codeberg.org/snonux/hexai/internal/lsp/handlers_utils.go:483.56,485.10 1 4
codeberg.org/snonux/hexai/internal/lsp/handlers_utils.go:486.9,487.28 2 5
codeberg.org/snonux/hexai/internal/lsp/handlers_utils.go:489.5,489.17 1 5
codeberg.org/snonux/hexai/internal/lsp/server.go:85.90,88.20 3 3
codeberg.org/snonux/hexai/internal/lsp/server.go:88.20,90.3 1 3
codeberg.org/snonux/hexai/internal/lsp/server.go:91.2,93.23 3 3
codeberg.org/snonux/hexai/internal/lsp/server.go:93.23,95.3 1 3
codeberg.org/snonux/hexai/internal/lsp/server.go:96.2,97.22 2 3
codeberg.org/snonux/hexai/internal/lsp/server.go:97.22,99.3 1 3
codeberg.org/snonux/hexai/internal/lsp/server.go:100.2,101.27 2 3
codeberg.org/snonux/hexai/internal/lsp/server.go:101.27,103.3 1 3
codeberg.org/snonux/hexai/internal/lsp/server.go:104.2,110.38 6 3
codeberg.org/snonux/hexai/internal/lsp/server.go:110.38,113.3 1 3
codeberg.org/snonux/hexai/internal/lsp/server.go:113.8,115.3 1 0
codeberg.org/snonux/hexai/internal/lsp/server.go:116.5,119.38 4 3
codeberg.org/snonux/hexai/internal/lsp/server.go:119.38,121.6 1 0
codeberg.org/snonux/hexai/internal/lsp/server.go:122.5,122.38 1 3
codeberg.org/snonux/hexai/internal/lsp/server.go:122.38,124.6 1 0
codeberg.org/snonux/hexai/internal/lsp/server.go:126.5,126.49 1 3
codeberg.org/snonux/hexai/internal/lsp/server.go:126.49,126.71 1 3
codeberg.org/snonux/hexai/internal/lsp/server.go:126.76,126.111 1 0
codeberg.org/snonux/hexai/internal/lsp/server.go:127.5,127.50 1 3
codeberg.org/snonux/hexai/internal/lsp/server.go:127.50,127.73 1 3
codeberg.org/snonux/hexai/internal/lsp/server.go:127.78,127.115 1 0
codeberg.org/snonux/hexai/internal/lsp/server.go:128.5,128.49 1 3
codeberg.org/snonux/hexai/internal/lsp/server.go:128.49,128.71 1 3
codeberg.org/snonux/hexai/internal/lsp/server.go:128.76,128.111 1 0
codeberg.org/snonux/hexai/internal/lsp/server.go:129.5,129.36 1 3
codeberg.org/snonux/hexai/internal/lsp/server.go:129.36,129.82 1 3
codeberg.org/snonux/hexai/internal/lsp/server.go:129.87,129.149 1 0
codeberg.org/snonux/hexai/internal/lsp/server.go:132.5,132.27 1 3
codeberg.org/snonux/hexai/internal/lsp/server.go:132.27,132.63 1 3
codeberg.org/snonux/hexai/internal/lsp/server.go:133.5,133.28 1 3
codeberg.org/snonux/hexai/internal/lsp/server.go:133.28,133.66 1 3
codeberg.org/snonux/hexai/internal/lsp/server.go:134.5,134.27 1 3
codeberg.org/snonux/hexai/internal/lsp/server.go:134.27,134.63 1 3
codeberg.org/snonux/hexai/internal/lsp/server.go:135.5,135.32 1 3
codeberg.org/snonux/hexai/internal/lsp/server.go:135.32,135.93 1 3
codeberg.org/snonux/hexai/internal/lsp/server.go:137.2,139.46 1 3
codeberg.org/snonux/hexai/internal/lsp/server.go:139.46,139.71 1 0
codeberg.org/snonux/hexai/internal/lsp/server.go:141.46,141.64 1 0
codeberg.org/snonux/hexai/internal/lsp/server.go:150.2,150.10 1 3
codeberg.org/snonux/hexai/internal/lsp/server.go:153.30,154.6 1 0
codeberg.org/snonux/hexai/internal/lsp/server.go:154.6,156.20 2 0
codeberg.org/snonux/hexai/internal/lsp/server.go:156.20,158.4 1 0
codeberg.org/snonux/hexai/internal/lsp/server.go:159.3,159.17 1 0
codeberg.org/snonux/hexai/internal/lsp/server.go:159.17,161.4 1 0
codeberg.org/snonux/hexai/internal/lsp/server.go:162.3,163.52 2 0
codeberg.org/snonux/hexai/internal/lsp/server.go:163.52,165.12 2 0
codeberg.org/snonux/hexai/internal/lsp/server.go:167.3,167.23 1 0
codeberg.org/snonux/hexai/internal/lsp/server.go:167.23,169.12 1 0
codeberg.org/snonux/hexai/internal/lsp/server.go:171.3,172.15 2 0
codeberg.org/snonux/hexai/internal/lsp/server.go:172.15,174.4 1 0
codeberg.org/snonux/hexai/internal/lsp/transport.go:14.48,17.6 3 1
codeberg.org/snonux/hexai/internal/lsp/transport.go:17.6,19.17 2 2
codeberg.org/snonux/hexai/internal/lsp/transport.go:19.17,21.4 1 0
codeberg.org/snonux/hexai/internal/lsp/transport.go:22.3,22.17 1 2
codeberg.org/snonux/hexai/internal/lsp/transport.go:22.17,23.9 1 1
codeberg.org/snonux/hexai/internal/lsp/transport.go:25.3,26.22 2 1
codeberg.org/snonux/hexai/internal/lsp/transport.go:26.22,27.12 1 0
codeberg.org/snonux/hexai/internal/lsp/transport.go:29.3,31.14 3 1
codeberg.org/snonux/hexai/internal/lsp/transport.go:32.25,34.18 2 1
codeberg.org/snonux/hexai/internal/lsp/transport.go:34.18,36.5 1 0
codeberg.org/snonux/hexai/internal/lsp/transport.go:37.4,37.21 1 1
codeberg.org/snonux/hexai/internal/lsp/transport.go:40.2,40.24 1 1
codeberg.org/snonux/hexai/internal/lsp/transport.go:40.24,42.3 1 0
codeberg.org/snonux/hexai/internal/lsp/transport.go:43.2,44.50 2 1
codeberg.org/snonux/hexai/internal/lsp/transport.go:44.50,46.3 1 0
codeberg.org/snonux/hexai/internal/lsp/transport.go:47.2,47.17 1 1
codeberg.org/snonux/hexai/internal/lsp/transport.go:50.38,52.16 2 15
codeberg.org/snonux/hexai/internal/lsp/transport.go:52.16,55.3 2 0
codeberg.org/snonux/hexai/internal/lsp/transport.go:56.2,57.57 2 15
codeberg.org/snonux/hexai/internal/lsp/transport.go:57.57,60.3 2 0
codeberg.org/snonux/hexai/internal/lsp/transport.go:61.2,61.45 1 15
codeberg.org/snonux/hexai/internal/lsp/transport.go:61.45,64.3 2 0
codeberg.org/snonux/hexai/internal/testutil/fixtures.go:4.33,6.2 1 1
codeberg.org/snonux/hexai/internal/testutil/fixtures.go:9.34,11.2 1 1
codeberg.org/snonux/hexai/internal/testutil/fixtures.go:14.43,16.2 1 1
codeberg.org/snonux/hexai/internal/testutil/fixtures.go:19.33,21.2 1 0
codeberg.org/snonux/hexai/internal/testutil/fixtures.go:24.29,26.2 1 0
