mode: atomic
codeberg.org/snonux/hexai/cmd/hexai/main.go:14.13,17.18 3 0
codeberg.org/snonux/hexai/cmd/hexai/main.go:17.18,20.3 2 0
codeberg.org/snonux/hexai/cmd/hexai/main.go:22.2,22.104 1 0
codeberg.org/snonux/hexai/cmd/hexai/main.go:22.104,24.3 1 0
codeberg.org/snonux/hexai/cmd/hexai-lsp/main.go:13.13,17.18 4 0
codeberg.org/snonux/hexai/cmd/hexai-lsp/main.go:17.18,20.3 2 0
codeberg.org/snonux/hexai/cmd/hexai-lsp/main.go:22.2,22.79 1 0
codeberg.org/snonux/hexai/cmd/hexai-lsp/main.go:22.79,24.3 1 0
codeberg.org/snonux/hexai/cmd/hexai/main.go:14.13,17.18 3 0
codeberg.org/snonux/hexai/cmd/hexai/main.go:17.18,20.3 2 0
codeberg.org/snonux/hexai/cmd/hexai/main.go:22.2,22.104 1 0
codeberg.org/snonux/hexai/cmd/hexai/main.go:22.104,24.3 1 0
codeberg.org/snonux/hexai/cmd/hexai-lsp/main.go:13.13,17.18 4 0
codeberg.org/snonux/hexai/cmd/hexai-lsp/main.go:17.18,20.3 2 0
codeberg.org/snonux/hexai/cmd/hexai-lsp/main.go:22.2,22.79 1 0
codeberg.org/snonux/hexai/cmd/hexai-lsp/main.go:22.79,24.3 1 0
codeberg.org/snonux/hexai/internal/appconfig/config.go:63.29,86.2 2 5
codeberg.org/snonux/hexai/internal/appconfig/config.go:90.35,92.19 2 4
codeberg.org/snonux/hexai/internal/appconfig/config.go:92.19,94.3 1 1
codeberg.org/snonux/hexai/internal/appconfig/config.go:96.2,97.16 2 3
codeberg.org/snonux/hexai/internal/appconfig/config.go:97.16,100.3 1 0
codeberg.org/snonux/hexai/internal/appconfig/config.go:100.8,101.85 1 3
codeberg.org/snonux/hexai/internal/appconfig/config.go:101.85,103.4 1 2
codeberg.org/snonux/hexai/internal/appconfig/config.go:109.2,109.50 1 3
codeberg.org/snonux/hexai/internal/appconfig/config.go:109.50,111.3 1 1
codeberg.org/snonux/hexai/internal/appconfig/config.go:112.2,112.12 1 3
codeberg.org/snonux/hexai/internal/appconfig/config.go:116.66,118.16 2 4
codeberg.org/snonux/hexai/internal/appconfig/config.go:118.16,119.43 1 1
codeberg.org/snonux/hexai/internal/appconfig/config.go:119.43,121.4 1 0
codeberg.org/snonux/hexai/internal/appconfig/config.go:122.3,122.18 1 1
codeberg.org/snonux/hexai/internal/appconfig/config.go:124.2,128.45 4 3
codeberg.org/snonux/hexai/internal/appconfig/config.go:128.45,129.20 1 1
codeberg.org/snonux/hexai/internal/appconfig/config.go:129.20,131.4 1 1
codeberg.org/snonux/hexai/internal/appconfig/config.go:132.3,132.18 1 1
codeberg.org/snonux/hexai/internal/appconfig/config.go:134.2,134.19 1 2
codeberg.org/snonux/hexai/internal/appconfig/config.go:134.19,136.3 1 2
codeberg.org/snonux/hexai/internal/appconfig/config.go:137.2,137.22 1 2
codeberg.org/snonux/hexai/internal/appconfig/config.go:140.37,143.2 2 3
codeberg.org/snonux/hexai/internal/appconfig/config.go:146.39,147.25 1 3
codeberg.org/snonux/hexai/internal/appconfig/config.go:147.25,149.3 1 3
codeberg.org/snonux/hexai/internal/appconfig/config.go:150.2,150.56 1 3
codeberg.org/snonux/hexai/internal/appconfig/config.go:150.56,152.3 1 3
codeberg.org/snonux/hexai/internal/appconfig/config.go:153.2,153.34 1 3
codeberg.org/snonux/hexai/internal/appconfig/config.go:153.34,155.3 1 3
codeberg.org/snonux/hexai/internal/appconfig/config.go:156.2,156.32 1 3
codeberg.org/snonux/hexai/internal/appconfig/config.go:156.32,158.3 1 3
codeberg.org/snonux/hexai/internal/appconfig/config.go:159.2,159.32 1 3
codeberg.org/snonux/hexai/internal/appconfig/config.go:159.32,161.3 1 3
codeberg.org/snonux/hexai/internal/appconfig/config.go:162.2,162.36 1 3
codeberg.org/snonux/hexai/internal/appconfig/config.go:162.36,164.3 1 3
codeberg.org/snonux/hexai/internal/appconfig/config.go:165.2,165.38 1 3
codeberg.org/snonux/hexai/internal/appconfig/config.go:165.38,167.3 1 3
codeberg.org/snonux/hexai/internal/appconfig/config.go:168.2,168.36 1 3
codeberg.org/snonux/hexai/internal/appconfig/config.go:168.36,170.3 1 3
codeberg.org/snonux/hexai/internal/appconfig/config.go:171.2,171.36 1 3
codeberg.org/snonux/hexai/internal/appconfig/config.go:171.36,173.3 1 3
codeberg.org/snonux/hexai/internal/appconfig/config.go:174.2,174.38 1 3
codeberg.org/snonux/hexai/internal/appconfig/config.go:174.38,176.3 1 3
codeberg.org/snonux/hexai/internal/appconfig/config.go:177.2,177.55 1 3
codeberg.org/snonux/hexai/internal/appconfig/config.go:177.55,179.3 1 0
codeberg.org/snonux/hexai/internal/appconfig/config.go:180.2,180.56 1 3
codeberg.org/snonux/hexai/internal/appconfig/config.go:180.56,182.3 1 0
codeberg.org/snonux/hexai/internal/appconfig/config.go:183.2,183.55 1 3
codeberg.org/snonux/hexai/internal/appconfig/config.go:183.55,185.3 1 0
codeberg.org/snonux/hexai/internal/appconfig/config.go:186.2,186.33 1 3
codeberg.org/snonux/hexai/internal/appconfig/config.go:186.33,188.3 1 0
codeberg.org/snonux/hexai/internal/appconfig/config.go:189.2,189.53 1 3
codeberg.org/snonux/hexai/internal/appconfig/config.go:189.53,191.3 1 3
codeberg.org/snonux/hexai/internal/appconfig/config.go:195.47,196.58 1 3
codeberg.org/snonux/hexai/internal/appconfig/config.go:196.58,198.3 1 3
codeberg.org/snonux/hexai/internal/appconfig/config.go:199.2,199.56 1 3
codeberg.org/snonux/hexai/internal/appconfig/config.go:199.56,201.3 1 3
codeberg.org/snonux/hexai/internal/appconfig/config.go:202.2,202.36 1 3
codeberg.org/snonux/hexai/internal/appconfig/config.go:202.36,204.3 1 3
codeberg.org/snonux/hexai/internal/appconfig/config.go:205.2,205.58 1 3
codeberg.org/snonux/hexai/internal/appconfig/config.go:205.58,207.3 1 3
codeberg.org/snonux/hexai/internal/appconfig/config.go:208.2,208.56 1 3
codeberg.org/snonux/hexai/internal/appconfig/config.go:208.56,210.3 1 3
codeberg.org/snonux/hexai/internal/appconfig/config.go:211.2,211.36 1 3
codeberg.org/snonux/hexai/internal/appconfig/config.go:211.36,213.3 1 3
codeberg.org/snonux/hexai/internal/appconfig/config.go:214.2,214.59 1 3
codeberg.org/snonux/hexai/internal/appconfig/config.go:214.59,216.3 1 3
codeberg.org/snonux/hexai/internal/appconfig/config.go:217.2,217.57 1 3
codeberg.org/snonux/hexai/internal/appconfig/config.go:217.57,219.3 1 3
codeberg.org/snonux/hexai/internal/appconfig/config.go:220.2,220.37 1 3
codeberg.org/snonux/hexai/internal/appconfig/config.go:220.37,222.3 1 3
codeberg.org/snonux/hexai/internal/appconfig/config.go:225.38,227.72 2 4
codeberg.org/snonux/hexai/internal/appconfig/config.go:227.72,229.3 1 4
codeberg.org/snonux/hexai/internal/appconfig/config.go:229.8,231.17 2 0
codeberg.org/snonux/hexai/internal/appconfig/config.go:231.17,233.4 1 0
codeberg.org/snonux/hexai/internal/appconfig/config.go:234.3,234.70 1 0
codeberg.org/snonux/hexai/internal/appconfig/config.go:236.2,236.24 1 4
codeberg.org/snonux/hexai/internal/appconfig/config.go:243.43,248.34 3 3
codeberg.org/snonux/hexai/internal/appconfig/config.go:248.34,248.76 1 72
codeberg.org/snonux/hexai/internal/appconfig/config.go:249.2,249.41 1 3
codeberg.org/snonux/hexai/internal/appconfig/config.go:249.41,251.14 2 21
codeberg.org/snonux/hexai/internal/appconfig/config.go:251.14,253.4 1 14
codeberg.org/snonux/hexai/internal/appconfig/config.go:254.3,255.17 2 7
codeberg.org/snonux/hexai/internal/appconfig/config.go:255.17,256.21 1 0
codeberg.org/snonux/hexai/internal/appconfig/config.go:256.21,258.5 1 0
codeberg.org/snonux/hexai/internal/appconfig/config.go:259.4,259.19 1 0
codeberg.org/snonux/hexai/internal/appconfig/config.go:261.3,261.17 1 7
codeberg.org/snonux/hexai/internal/appconfig/config.go:263.2,263.51 1 3
codeberg.org/snonux/hexai/internal/appconfig/config.go:263.51,265.14 2 12
codeberg.org/snonux/hexai/internal/appconfig/config.go:265.14,267.4 1 8
codeberg.org/snonux/hexai/internal/appconfig/config.go:268.3,269.17 2 4
codeberg.org/snonux/hexai/internal/appconfig/config.go:269.17,270.21 1 0
codeberg.org/snonux/hexai/internal/appconfig/config.go:270.21,272.5 1 0
codeberg.org/snonux/hexai/internal/appconfig/config.go:273.4,273.21 1 0
codeberg.org/snonux/hexai/internal/appconfig/config.go:275.3,275.18 1 4
codeberg.org/snonux/hexai/internal/appconfig/config.go:278.2,278.47 1 3
codeberg.org/snonux/hexai/internal/appconfig/config.go:278.47,281.3 2 1
codeberg.org/snonux/hexai/internal/appconfig/config.go:282.2,282.48 1 3
codeberg.org/snonux/hexai/internal/appconfig/config.go:282.48,285.3 2 1
codeberg.org/snonux/hexai/internal/appconfig/config.go:286.2,286.57 1 3
codeberg.org/snonux/hexai/internal/appconfig/config.go:286.57,289.3 2 1
codeberg.org/snonux/hexai/internal/appconfig/config.go:290.2,290.55 1 3
codeberg.org/snonux/hexai/internal/appconfig/config.go:290.55,293.3 2 1
codeberg.org/snonux/hexai/internal/appconfig/config.go:294.2,294.54 1 3
codeberg.org/snonux/hexai/internal/appconfig/config.go:294.54,297.3 2 1
codeberg.org/snonux/hexai/internal/appconfig/config.go:298.2,298.61 1 3
codeberg.org/snonux/hexai/internal/appconfig/config.go:298.61,301.3 2 1
codeberg.org/snonux/hexai/internal/appconfig/config.go:302.2,302.59 1 3
codeberg.org/snonux/hexai/internal/appconfig/config.go:302.59,305.3 2 1
codeberg.org/snonux/hexai/internal/appconfig/config.go:306.2,306.59 1 3
codeberg.org/snonux/hexai/internal/appconfig/config.go:306.59,309.3 2 1
codeberg.org/snonux/hexai/internal/appconfig/config.go:310.2,310.60 1 3
codeberg.org/snonux/hexai/internal/appconfig/config.go:310.60,313.3 2 1
codeberg.org/snonux/hexai/internal/appconfig/config.go:314.2,314.54 1 3
codeberg.org/snonux/hexai/internal/appconfig/config.go:314.54,317.27 3 1
codeberg.org/snonux/hexai/internal/appconfig/config.go:317.27,318.42 1 3
codeberg.org/snonux/hexai/internal/appconfig/config.go:318.42,320.5 1 3
codeberg.org/snonux/hexai/internal/appconfig/config.go:322.3,322.13 1 1
codeberg.org/snonux/hexai/internal/appconfig/config.go:324.2,324.47 1 3
codeberg.org/snonux/hexai/internal/appconfig/config.go:324.47,327.3 2 0
codeberg.org/snonux/hexai/internal/appconfig/config.go:328.2,328.48 1 3
codeberg.org/snonux/hexai/internal/appconfig/config.go:328.48,331.3 2 0
codeberg.org/snonux/hexai/internal/appconfig/config.go:332.2,332.47 1 3
codeberg.org/snonux/hexai/internal/appconfig/config.go:332.47,335.3 2 0
codeberg.org/snonux/hexai/internal/appconfig/config.go:336.2,336.49 1 3
codeberg.org/snonux/hexai/internal/appconfig/config.go:336.49,339.27 3 0
codeberg.org/snonux/hexai/internal/appconfig/config.go:339.27,340.42 1 0
codeberg.org/snonux/hexai/internal/appconfig/config.go:340.42,342.5 1 0
codeberg.org/snonux/hexai/internal/appconfig/config.go:344.3,344.13 1 0
codeberg.org/snonux/hexai/internal/appconfig/config.go:346.2,346.44 1 3
codeberg.org/snonux/hexai/internal/appconfig/config.go:346.44,349.3 2 1
codeberg.org/snonux/hexai/internal/appconfig/config.go:352.2,352.51 1 3
codeberg.org/snonux/hexai/internal/appconfig/config.go:352.51,355.3 2 1
codeberg.org/snonux/hexai/internal/appconfig/config.go:356.2,356.48 1 3
codeberg.org/snonux/hexai/internal/appconfig/config.go:356.48,359.3 2 1
codeberg.org/snonux/hexai/internal/appconfig/config.go:360.2,360.60 1 3
codeberg.org/snonux/hexai/internal/appconfig/config.go:360.60,363.3 2 1
codeberg.org/snonux/hexai/internal/appconfig/config.go:365.2,365.51 1 3
codeberg.org/snonux/hexai/internal/appconfig/config.go:365.51,368.3 2 1
codeberg.org/snonux/hexai/internal/appconfig/config.go:369.2,369.48 1 3
codeberg.org/snonux/hexai/internal/appconfig/config.go:369.48,372.3 2 1
codeberg.org/snonux/hexai/internal/appconfig/config.go:373.2,373.60 1 3
codeberg.org/snonux/hexai/internal/appconfig/config.go:373.60,376.3 2 1
codeberg.org/snonux/hexai/internal/appconfig/config.go:378.2,378.52 1 3
codeberg.org/snonux/hexai/internal/appconfig/config.go:378.52,381.3 2 1
codeberg.org/snonux/hexai/internal/appconfig/config.go:382.2,382.49 1 3
codeberg.org/snonux/hexai/internal/appconfig/config.go:382.49,385.3 2 1
codeberg.org/snonux/hexai/internal/appconfig/config.go:386.2,386.61 1 3
codeberg.org/snonux/hexai/internal/appconfig/config.go:386.61,389.3 2 1
codeberg.org/snonux/hexai/internal/appconfig/config.go:391.2,391.10 1 3
codeberg.org/snonux/hexai/internal/appconfig/config.go:391.10,393.3 1 2
codeberg.org/snonux/hexai/internal/appconfig/config.go:394.2,394.13 1 1
codeberg.org/snonux/hexai/internal/hexaicli/run.go:22.95,27.16 4 0
codeberg.org/snonux/hexai/internal/hexaicli/run.go:27.16,30.3 2 0
codeberg.org/snonux/hexai/internal/hexaicli/run.go:32.2,32.64 1 0
codeberg.org/snonux/hexai/internal/hexaicli/run.go:37.124,39.16 2 0
codeberg.org/snonux/hexai/internal/hexaicli/run.go:39.16,42.3 2 0
codeberg.org/snonux/hexai/internal/hexaicli/run.go:43.2,45.74 3 0
codeberg.org/snonux/hexai/internal/hexaicli/run.go:45.74,48.3 2 0
codeberg.org/snonux/hexai/internal/hexaicli/run.go:49.2,49.12 1 0
codeberg.org/snonux/hexai/internal/hexaicli/run.go:53.64,55.82 2 0
codeberg.org/snonux/hexai/internal/hexaicli/run.go:55.82,58.3 2 0
codeberg.org/snonux/hexai/internal/hexaicli/run.go:59.2,60.9 2 0
codeberg.org/snonux/hexai/internal/hexaicli/run.go:61.40,62.59 1 0
codeberg.org/snonux/hexai/internal/hexaicli/run.go:63.23,64.24 1 0
codeberg.org/snonux/hexai/internal/hexaicli/run.go:65.21,66.22 1 0
codeberg.org/snonux/hexai/internal/hexaicli/run.go:67.10,68.91 1 0
codeberg.org/snonux/hexai/internal/hexaicli/run.go:73.65,88.36 3 0
codeberg.org/snonux/hexai/internal/hexaicli/run.go:88.36,90.3 1 0
codeberg.org/snonux/hexai/internal/hexaicli/run.go:92.2,93.36 2 0
codeberg.org/snonux/hexai/internal/hexaicli/run.go:93.36,95.3 1 0
codeberg.org/snonux/hexai/internal/hexaicli/run.go:96.2,96.48 1 0
codeberg.org/snonux/hexai/internal/hexaicli/run.go:100.48,103.40 3 0
codeberg.org/snonux/hexai/internal/hexaicli/run.go:103.40,105.3 1 0
codeberg.org/snonux/hexai/internal/hexaicli/run.go:106.2,109.3 1 0
codeberg.org/snonux/hexai/internal/hexaicli/run.go:113.125,116.40 3 0
codeberg.org/snonux/hexai/internal/hexaicli/run.go:116.40,118.56 2 0
codeberg.org/snonux/hexai/internal/hexaicli/run.go:118.56,121.4 2 0
codeberg.org/snonux/hexai/internal/hexaicli/run.go:121.18,123.4 1 0
codeberg.org/snonux/hexai/internal/hexaicli/run.go:124.3,124.22 1 0
codeberg.org/snonux/hexai/internal/hexaicli/run.go:125.8,127.17 2 0
codeberg.org/snonux/hexai/internal/hexaicli/run.go:127.17,129.4 1 0
codeberg.org/snonux/hexai/internal/hexaicli/run.go:130.3,131.26 2 0
codeberg.org/snonux/hexai/internal/hexaicli/run.go:133.2,136.12 3 0
codeberg.org/snonux/hexai/internal/hexaicli/run.go:140.59,142.2 1 0
codeberg.org/snonux/hexai/internal/hexailsp/run.go:25.85,27.38 2 0
codeberg.org/snonux/hexai/internal/hexailsp/run.go:27.38,29.17 2 0
codeberg.org/snonux/hexai/internal/hexailsp/run.go:29.17,31.4 1 0
codeberg.org/snonux/hexai/internal/hexailsp/run.go:32.3,33.22 2 0
codeberg.org/snonux/hexai/internal/hexailsp/run.go:35.2,37.70 3 0
codeberg.org/snonux/hexai/internal/hexailsp/run.go:42.159,49.37 6 0
codeberg.org/snonux/hexai/internal/hexailsp/run.go:49.37,51.3 1 0
codeberg.org/snonux/hexai/internal/hexailsp/run.go:52.2,52.12 1 0
codeberg.org/snonux/hexai/internal/hexailsp/run.go:57.49,59.30 2 0
codeberg.org/snonux/hexai/internal/hexailsp/run.go:59.30,61.3 1 0
codeberg.org/snonux/hexai/internal/hexailsp/run.go:64.72,65.19 1 0
codeberg.org/snonux/hexai/internal/hexailsp/run.go:65.19,67.3 1 0
codeberg.org/snonux/hexai/internal/hexailsp/run.go:68.2,82.36 3 0
codeberg.org/snonux/hexai/internal/hexailsp/run.go:82.36,84.3 1 0
codeberg.org/snonux/hexai/internal/hexailsp/run.go:86.2,87.36 2 0
codeberg.org/snonux/hexai/internal/hexailsp/run.go:87.36,89.3 1 0
codeberg.org/snonux/hexai/internal/hexailsp/run.go:90.2,90.67 1 0
codeberg.org/snonux/hexai/internal/hexailsp/run.go:90.67,93.3 2 0
codeberg.org/snonux/hexai/internal/hexailsp/run.go:93.8,96.3 2 0
codeberg.org/snonux/hexai/internal/hexailsp/run.go:99.57,100.20 1 0
codeberg.org/snonux/hexai/internal/hexailsp/run.go:100.20,102.3 1 0
codeberg.org/snonux/hexai/internal/hexailsp/run.go:103.2,103.97 1 0
codeberg.org/snonux/hexai/internal/hexailsp/run.go:103.97,105.3 1 0
codeberg.org/snonux/hexai/internal/hexailsp/run.go:108.97,126.2 1 0
codeberg.org/snonux/hexai/internal/llm/copilot.go:66.77,67.38 1 0
codeberg.org/snonux/hexai/internal/llm/copilot.go:67.38,69.3 1 0
codeberg.org/snonux/hexai/internal/llm/copilot.go:70.2,70.36 1 0
codeberg.org/snonux/hexai/internal/llm/copilot.go:70.36,74.3 1 0
codeberg.org/snonux/hexai/internal/llm/copilot.go:75.2,82.3 1 0
codeberg.org/snonux/hexai/internal/llm/copilot.go:85.109,86.39 1 0
codeberg.org/snonux/hexai/internal/llm/copilot.go:86.39,88.3 1 0
codeberg.org/snonux/hexai/internal/llm/copilot.go:90.2,90.45 1 0
codeberg.org/snonux/hexai/internal/llm/copilot.go:90.45,92.3 1 0
codeberg.org/snonux/hexai/internal/llm/copilot.go:93.2,94.27 2 0
codeberg.org/snonux/hexai/internal/llm/copilot.go:94.27,96.3 1 0
codeberg.org/snonux/hexai/internal/llm/copilot.go:97.2,97.19 1 0
codeberg.org/snonux/hexai/internal/llm/copilot.go:97.19,99.3 1 0
codeberg.org/snonux/hexai/internal/llm/copilot.go:100.2,102.29 3 0
codeberg.org/snonux/hexai/internal/llm/copilot.go:102.29,104.3 1 0
codeberg.org/snonux/hexai/internal/llm/copilot.go:105.2,109.16 4 0
codeberg.org/snonux/hexai/internal/llm/copilot.go:109.16,112.3 2 0
codeberg.org/snonux/hexai/internal/llm/copilot.go:114.2,117.16 4 0
codeberg.org/snonux/hexai/internal/llm/copilot.go:117.16,120.3 2 0
codeberg.org/snonux/hexai/internal/llm/copilot.go:121.2,122.57 2 0
codeberg.org/snonux/hexai/internal/llm/copilot.go:122.57,124.3 1 0
codeberg.org/snonux/hexai/internal/llm/copilot.go:125.2,126.16 2 0
codeberg.org/snonux/hexai/internal/llm/copilot.go:126.16,128.3 1 0
codeberg.org/snonux/hexai/internal/llm/copilot.go:129.2,129.27 1 0
codeberg.org/snonux/hexai/internal/llm/copilot.go:129.27,132.3 2 0
codeberg.org/snonux/hexai/internal/llm/copilot.go:133.2,135.21 3 0
codeberg.org/snonux/hexai/internal/llm/copilot.go:139.46,139.66 1 0
codeberg.org/snonux/hexai/internal/llm/copilot.go:140.46,140.71 1 0
codeberg.org/snonux/hexai/internal/llm/copilot.go:143.102,146.29 3 0
codeberg.org/snonux/hexai/internal/llm/copilot.go:146.29,148.3 1 0
codeberg.org/snonux/hexai/internal/llm/copilot.go:149.2,149.24 1 0
codeberg.org/snonux/hexai/internal/llm/copilot.go:149.24,151.3 1 0
codeberg.org/snonux/hexai/internal/llm/copilot.go:151.8,151.31 1 0
codeberg.org/snonux/hexai/internal/llm/copilot.go:151.31,154.3 2 0
codeberg.org/snonux/hexai/internal/llm/copilot.go:155.2,155.21 1 0
codeberg.org/snonux/hexai/internal/llm/copilot.go:155.21,157.3 1 0
codeberg.org/snonux/hexai/internal/llm/copilot.go:158.2,158.21 1 0
codeberg.org/snonux/hexai/internal/llm/copilot.go:158.21,160.3 1 0
codeberg.org/snonux/hexai/internal/llm/copilot.go:161.2,161.12 1 0
codeberg.org/snonux/hexai/internal/llm/copilot.go:164.130,166.16 2 0
codeberg.org/snonux/hexai/internal/llm/copilot.go:166.16,168.3 1 0
codeberg.org/snonux/hexai/internal/llm/copilot.go:169.2,169.28 1 0
codeberg.org/snonux/hexai/internal/llm/copilot.go:169.28,171.3 1 0
codeberg.org/snonux/hexai/internal/llm/copilot.go:172.2,172.29 1 0
codeberg.org/snonux/hexai/internal/llm/copilot.go:175.70,176.53 1 0
codeberg.org/snonux/hexai/internal/llm/copilot.go:176.53,178.3 1 0
codeberg.org/snonux/hexai/internal/llm/copilot.go:179.2,181.74 3 0
codeberg.org/snonux/hexai/internal/llm/copilot.go:181.74,184.3 2 0
codeberg.org/snonux/hexai/internal/llm/copilot.go:185.2,186.69 2 0
codeberg.org/snonux/hexai/internal/llm/copilot.go:189.91,191.64 2 0
codeberg.org/snonux/hexai/internal/llm/copilot.go:191.64,194.3 2 0
codeberg.org/snonux/hexai/internal/llm/copilot.go:195.2,195.17 1 0
codeberg.org/snonux/hexai/internal/llm/copilot.go:204.66,206.82 1 0
codeberg.org/snonux/hexai/internal/llm/copilot.go:206.82,208.3 1 0
codeberg.org/snonux/hexai/internal/llm/copilot.go:209.2,209.39 1 0
codeberg.org/snonux/hexai/internal/llm/copilot.go:209.39,211.3 1 0
codeberg.org/snonux/hexai/internal/llm/copilot.go:212.2,213.16 2 0
codeberg.org/snonux/hexai/internal/llm/copilot.go:213.16,215.3 1 0
codeberg.org/snonux/hexai/internal/llm/copilot.go:216.2,220.16 5 0
codeberg.org/snonux/hexai/internal/llm/copilot.go:220.16,222.3 1 0
codeberg.org/snonux/hexai/internal/llm/copilot.go:223.2,224.53 2 0
codeberg.org/snonux/hexai/internal/llm/copilot.go:224.53,226.3 1 0
codeberg.org/snonux/hexai/internal/llm/copilot.go:227.2,228.64 2 0
codeberg.org/snonux/hexai/internal/llm/copilot.go:228.64,230.3 1 0
codeberg.org/snonux/hexai/internal/llm/copilot.go:231.2,231.40 1 0
codeberg.org/snonux/hexai/internal/llm/copilot.go:231.40,233.3 1 0
codeberg.org/snonux/hexai/internal/llm/copilot.go:235.2,236.18 2 0
codeberg.org/snonux/hexai/internal/llm/copilot.go:236.18,238.3 1 0
codeberg.org/snonux/hexai/internal/llm/copilot.go:239.2,241.12 3 0
codeberg.org/snonux/hexai/internal/llm/copilot.go:246.42,248.20 2 0
codeberg.org/snonux/hexai/internal/llm/copilot.go:248.20,250.3 1 0
codeberg.org/snonux/hexai/internal/llm/copilot.go:251.2,252.16 2 0
codeberg.org/snonux/hexai/internal/llm/copilot.go:252.16,253.59 1 0
codeberg.org/snonux/hexai/internal/llm/copilot.go:253.59,254.48 1 0
codeberg.org/snonux/hexai/internal/llm/copilot.go:254.48,256.5 1 0
codeberg.org/snonux/hexai/internal/llm/copilot.go:258.3,258.21 1 0
codeberg.org/snonux/hexai/internal/llm/copilot.go:260.2,264.22 3 0
codeberg.org/snonux/hexai/internal/llm/copilot.go:264.22,266.3 1 0
codeberg.org/snonux/hexai/internal/llm/copilot.go:267.2,267.34 1 0
codeberg.org/snonux/hexai/internal/llm/copilot.go:270.42,270.100 3 0
codeberg.org/snonux/hexai/internal/llm/copilot.go:274.57,290.2 3 0
codeberg.org/snonux/hexai/internal/llm/copilot.go:292.58,308.2 3 0
codeberg.org/snonux/hexai/internal/llm/copilot.go:310.28,313.19 3 0
codeberg.org/snonux/hexai/internal/llm/copilot.go:313.19,315.3 1 0
codeberg.org/snonux/hexai/internal/llm/copilot.go:316.2,316.18 1 0
codeberg.org/snonux/hexai/internal/llm/copilot.go:322.153,323.39 1 0
codeberg.org/snonux/hexai/internal/llm/copilot.go:323.39,325.3 1 0
codeberg.org/snonux/hexai/internal/llm/copilot.go:326.2,326.45 1 0
codeberg.org/snonux/hexai/internal/llm/copilot.go:326.45,328.3 1 0
codeberg.org/snonux/hexai/internal/llm/copilot.go:329.2,329.12 1 0
codeberg.org/snonux/hexai/internal/llm/copilot.go:329.12,331.3 1 0
codeberg.org/snonux/hexai/internal/llm/copilot.go:332.2,354.16 6 0
codeberg.org/snonux/hexai/internal/llm/copilot.go:354.16,356.3 1 0
codeberg.org/snonux/hexai/internal/llm/copilot.go:357.2,358.53 2 0
codeberg.org/snonux/hexai/internal/llm/copilot.go:358.53,360.3 1 0
codeberg.org/snonux/hexai/internal/llm/copilot.go:362.2,365.27 4 0
codeberg.org/snonux/hexai/internal/llm/copilot.go:365.27,366.39 1 0
codeberg.org/snonux/hexai/internal/llm/copilot.go:366.39,367.12 1 0
codeberg.org/snonux/hexai/internal/llm/copilot.go:369.3,375.88 2 0
codeberg.org/snonux/hexai/internal/llm/copilot.go:375.88,376.12 1 0
codeberg.org/snonux/hexai/internal/llm/copilot.go:378.3,378.34 1 0
codeberg.org/snonux/hexai/internal/llm/copilot.go:378.34,380.4 1 0
codeberg.org/snonux/hexai/internal/llm/copilot.go:382.2,383.25 2 0
codeberg.org/snonux/hexai/internal/llm/copilot.go:383.25,384.60 1 0
codeberg.org/snonux/hexai/internal/llm/copilot.go:384.60,386.4 1 0
codeberg.org/snonux/hexai/internal/llm/copilot.go:388.2,388.17 1 0
codeberg.org/snonux/hexai/internal/llm/ollama.go:44.68,45.38 1 0
codeberg.org/snonux/hexai/internal/llm/ollama.go:45.38,47.3 1 0
codeberg.org/snonux/hexai/internal/llm/ollama.go:48.2,48.36 1 0
codeberg.org/snonux/hexai/internal/llm/ollama.go:48.36,50.3 1 0
codeberg.org/snonux/hexai/internal/llm/ollama.go:51.2,57.3 1 0
codeberg.org/snonux/hexai/internal/llm/ollama.go:60.108,62.27 2 0
codeberg.org/snonux/hexai/internal/llm/ollama.go:62.27,64.3 1 0
codeberg.org/snonux/hexai/internal/llm/ollama.go:65.2,65.19 1 0
codeberg.org/snonux/hexai/internal/llm/ollama.go:65.19,67.3 1 0
codeberg.org/snonux/hexai/internal/llm/ollama.go:69.2,73.16 5 0
codeberg.org/snonux/hexai/internal/llm/ollama.go:73.16,75.3 1 0
codeberg.org/snonux/hexai/internal/llm/ollama.go:77.2,80.16 4 0
codeberg.org/snonux/hexai/internal/llm/ollama.go:80.16,83.3 2 0
codeberg.org/snonux/hexai/internal/llm/ollama.go:84.2,85.56 2 0
codeberg.org/snonux/hexai/internal/llm/ollama.go:85.56,87.3 1 0
codeberg.org/snonux/hexai/internal/llm/ollama.go:89.2,90.64 2 0
codeberg.org/snonux/hexai/internal/llm/ollama.go:90.64,93.3 2 0
codeberg.org/snonux/hexai/internal/llm/ollama.go:94.2,94.50 1 0
codeberg.org/snonux/hexai/internal/llm/ollama.go:94.50,97.3 2 0
codeberg.org/snonux/hexai/internal/llm/ollama.go:98.2,100.21 3 0
codeberg.org/snonux/hexai/internal/llm/ollama.go:104.45,104.64 1 0
codeberg.org/snonux/hexai/internal/llm/ollama.go:105.45,105.70 1 0
codeberg.org/snonux/hexai/internal/llm/ollama.go:108.126,110.27 2 0
codeberg.org/snonux/hexai/internal/llm/ollama.go:110.27,112.3 1 0
codeberg.org/snonux/hexai/internal/llm/ollama.go:113.2,113.19 1 0
codeberg.org/snonux/hexai/internal/llm/ollama.go:113.19,115.3 1 0
codeberg.org/snonux/hexai/internal/llm/ollama.go:117.2,121.16 5 0
codeberg.org/snonux/hexai/internal/llm/ollama.go:121.16,123.3 1 0
codeberg.org/snonux/hexai/internal/llm/ollama.go:125.2,128.16 4 0
codeberg.org/snonux/hexai/internal/llm/ollama.go:128.16,131.3 2 0
codeberg.org/snonux/hexai/internal/llm/ollama.go:132.2,133.56 2 0
codeberg.org/snonux/hexai/internal/llm/ollama.go:133.56,135.3 1 0
codeberg.org/snonux/hexai/internal/llm/ollama.go:137.2,138.6 2 0
codeberg.org/snonux/hexai/internal/llm/ollama.go:138.6,140.41 2 0
codeberg.org/snonux/hexai/internal/llm/ollama.go:140.41,141.30 1 0
codeberg.org/snonux/hexai/internal/llm/ollama.go:141.30,142.10 1 0
codeberg.org/snonux/hexai/internal/llm/ollama.go:144.4,145.14 2 0
codeberg.org/snonux/hexai/internal/llm/ollama.go:147.3,147.40 1 0
codeberg.org/snonux/hexai/internal/llm/ollama.go:147.40,150.4 2 0
codeberg.org/snonux/hexai/internal/llm/ollama.go:151.3,151.58 1 0
codeberg.org/snonux/hexai/internal/llm/ollama.go:151.58,153.4 1 0
codeberg.org/snonux/hexai/internal/llm/ollama.go:154.3,154.14 1 0
codeberg.org/snonux/hexai/internal/llm/ollama.go:154.14,155.9 1 0
codeberg.org/snonux/hexai/internal/llm/ollama.go:158.2,159.12 2 0
codeberg.org/snonux/hexai/internal/llm/ollama.go:163.76,165.29 2 0
codeberg.org/snonux/hexai/internal/llm/ollama.go:165.29,167.3 1 0
codeberg.org/snonux/hexai/internal/llm/ollama.go:168.2,168.89 1 0
codeberg.org/snonux/hexai/internal/llm/ollama.go:171.109,174.29 3 0
codeberg.org/snonux/hexai/internal/llm/ollama.go:174.29,176.3 1 0
codeberg.org/snonux/hexai/internal/llm/ollama.go:177.2,178.24 2 0
codeberg.org/snonux/hexai/internal/llm/ollama.go:178.24,180.3 1 0
codeberg.org/snonux/hexai/internal/llm/ollama.go:180.8,180.31 1 0
codeberg.org/snonux/hexai/internal/llm/ollama.go:180.31,182.3 1 0
codeberg.org/snonux/hexai/internal/llm/ollama.go:183.2,183.21 1 0
codeberg.org/snonux/hexai/internal/llm/ollama.go:183.21,185.3 1 0
codeberg.org/snonux/hexai/internal/llm/ollama.go:186.2,186.21 1 0
codeberg.org/snonux/hexai/internal/llm/ollama.go:186.21,188.3 1 0
codeberg.org/snonux/hexai/internal/llm/ollama.go:189.2,189.22 1 0
codeberg.org/snonux/hexai/internal/llm/ollama.go:189.22,191.3 1 0
codeberg.org/snonux/hexai/internal/llm/ollama.go:192.2,192.12 1 0
codeberg.org/snonux/hexai/internal/llm/ollama.go:195.100,197.16 2 0
codeberg.org/snonux/hexai/internal/llm/ollama.go:197.16,199.3 1 0
codeberg.org/snonux/hexai/internal/llm/ollama.go:200.2,201.29 2 0
codeberg.org/snonux/hexai/internal/llm/ollama.go:204.69,205.53 1 0
codeberg.org/snonux/hexai/internal/llm/ollama.go:205.53,207.3 1 0
codeberg.org/snonux/hexai/internal/llm/ollama.go:208.2,210.43 3 0
codeberg.org/snonux/hexai/internal/llm/ollama.go:210.43,213.3 2 0
codeberg.org/snonux/hexai/internal/llm/ollama.go:214.2,215.68 2 0
codeberg.org/snonux/hexai/internal/llm/openai.go:78.76,79.38 1 0
codeberg.org/snonux/hexai/internal/llm/openai.go:79.38,81.3 1 0
codeberg.org/snonux/hexai/internal/llm/openai.go:82.2,82.36 1 0
codeberg.org/snonux/hexai/internal/llm/openai.go:82.36,84.3 1 0
codeberg.org/snonux/hexai/internal/llm/openai.go:85.2,92.3 1 0
codeberg.org/snonux/hexai/internal/llm/openai.go:95.108,96.20 1 0
codeberg.org/snonux/hexai/internal/llm/openai.go:96.20,98.3 1 0
codeberg.org/snonux/hexai/internal/llm/openai.go:99.2,100.27 2 0
codeberg.org/snonux/hexai/internal/llm/openai.go:100.27,102.3 1 0
codeberg.org/snonux/hexai/internal/llm/openai.go:103.2,103.19 1 0
codeberg.org/snonux/hexai/internal/llm/openai.go:103.19,105.3 1 0
codeberg.org/snonux/hexai/internal/llm/openai.go:106.2,110.16 5 0
codeberg.org/snonux/hexai/internal/llm/openai.go:110.16,113.3 2 0
codeberg.org/snonux/hexai/internal/llm/openai.go:114.2,119.16 4 0
codeberg.org/snonux/hexai/internal/llm/openai.go:119.16,122.3 2 0
codeberg.org/snonux/hexai/internal/llm/openai.go:123.2,124.56 2 0
codeberg.org/snonux/hexai/internal/llm/openai.go:124.56,126.3 1 0
codeberg.org/snonux/hexai/internal/llm/openai.go:127.2,128.16 2 0
codeberg.org/snonux/hexai/internal/llm/openai.go:128.16,130.3 1 0
codeberg.org/snonux/hexai/internal/llm/openai.go:131.2,131.27 1 0
codeberg.org/snonux/hexai/internal/llm/openai.go:131.27,134.3 2 0
codeberg.org/snonux/hexai/internal/llm/openai.go:135.2,137.21 3 0
codeberg.org/snonux/hexai/internal/llm/openai.go:141.45,141.64 1 0
codeberg.org/snonux/hexai/internal/llm/openai.go:142.45,142.70 1 0
codeberg.org/snonux/hexai/internal/llm/openai.go:146.126,147.20 1 0
codeberg.org/snonux/hexai/internal/llm/openai.go:147.20,149.3 1 0
codeberg.org/snonux/hexai/internal/llm/openai.go:150.2,151.27 2 0
codeberg.org/snonux/hexai/internal/llm/openai.go:151.27,153.3 1 0
codeberg.org/snonux/hexai/internal/llm/openai.go:154.2,154.19 1 0
codeberg.org/snonux/hexai/internal/llm/openai.go:154.19,156.3 1 0
codeberg.org/snonux/hexai/internal/llm/openai.go:157.2,161.16 5 0
codeberg.org/snonux/hexai/internal/llm/openai.go:161.16,164.3 2 0
codeberg.org/snonux/hexai/internal/llm/openai.go:165.2,170.16 4 0
codeberg.org/snonux/hexai/internal/llm/openai.go:170.16,173.3 2 0
codeberg.org/snonux/hexai/internal/llm/openai.go:174.2,175.56 2 0
codeberg.org/snonux/hexai/internal/llm/openai.go:175.56,177.3 1 0
codeberg.org/snonux/hexai/internal/llm/openai.go:179.2,179.64 1 0
codeberg.org/snonux/hexai/internal/llm/openai.go:179.64,181.3 1 0
codeberg.org/snonux/hexai/internal/llm/openai.go:182.2,183.12 2 0
codeberg.org/snonux/hexai/internal/llm/openai.go:187.56,187.104 1 0
codeberg.org/snonux/hexai/internal/llm/openai.go:190.76,192.29 2 0
codeberg.org/snonux/hexai/internal/llm/openai.go:192.29,194.3 1 0
codeberg.org/snonux/hexai/internal/llm/openai.go:195.2,195.89 1 0
codeberg.org/snonux/hexai/internal/llm/openai.go:198.105,201.29 3 0
codeberg.org/snonux/hexai/internal/llm/openai.go:201.29,203.3 1 0
codeberg.org/snonux/hexai/internal/llm/openai.go:204.2,204.24 1 0
codeberg.org/snonux/hexai/internal/llm/openai.go:204.24,206.3 1 0
codeberg.org/snonux/hexai/internal/llm/openai.go:206.8,206.31 1 0
codeberg.org/snonux/hexai/internal/llm/openai.go:206.31,209.3 2 0
codeberg.org/snonux/hexai/internal/llm/openai.go:210.2,210.21 1 0
codeberg.org/snonux/hexai/internal/llm/openai.go:210.21,212.3 1 0
codeberg.org/snonux/hexai/internal/llm/openai.go:213.2,213.21 1 0
codeberg.org/snonux/hexai/internal/llm/openai.go:213.21,215.3 1 0
codeberg.org/snonux/hexai/internal/llm/openai.go:216.2,216.12 1 0
codeberg.org/snonux/hexai/internal/llm/openai.go:219.127,221.16 2 0
codeberg.org/snonux/hexai/internal/llm/openai.go:221.16,223.3 1 0
codeberg.org/snonux/hexai/internal/llm/openai.go:224.2,225.28 2 0
codeberg.org/snonux/hexai/internal/llm/openai.go:225.28,227.3 1 0
codeberg.org/snonux/hexai/internal/llm/openai.go:228.2,228.29 1 0
codeberg.org/snonux/hexai/internal/llm/openai.go:231.152,233.16 2 0
codeberg.org/snonux/hexai/internal/llm/openai.go:233.16,235.3 1 0
codeberg.org/snonux/hexai/internal/llm/openai.go:236.2,238.28 3 0
codeberg.org/snonux/hexai/internal/llm/openai.go:238.28,240.3 1 0
codeberg.org/snonux/hexai/internal/llm/openai.go:241.2,241.29 1 0
codeberg.org/snonux/hexai/internal/llm/openai.go:244.69,245.53 1 0
codeberg.org/snonux/hexai/internal/llm/openai.go:245.53,247.3 1 0
codeberg.org/snonux/hexai/internal/llm/openai.go:248.2,250.55 3 0
codeberg.org/snonux/hexai/internal/llm/openai.go:250.55,253.3 2 0
codeberg.org/snonux/hexai/internal/llm/openai.go:254.2,255.68 2 0
codeberg.org/snonux/hexai/internal/llm/openai.go:258.85,260.64 2 0
codeberg.org/snonux/hexai/internal/llm/openai.go:260.64,263.3 2 0
codeberg.org/snonux/hexai/internal/llm/openai.go:264.2,264.17 1 0
codeberg.org/snonux/hexai/internal/llm/openai.go:267.90,273.21 5 0
codeberg.org/snonux/hexai/internal/llm/openai.go:273.21,275.41 2 0
codeberg.org/snonux/hexai/internal/llm/openai.go:275.41,276.12 1 0
codeberg.org/snonux/hexai/internal/llm/openai.go:278.3,279.45 2 0
codeberg.org/snonux/hexai/internal/llm/openai.go:279.45,280.9 1 0
codeberg.org/snonux/hexai/internal/llm/openai.go:282.3,283.65 2 0
codeberg.org/snonux/hexai/internal/llm/openai.go:283.65,284.12 1 0
codeberg.org/snonux/hexai/internal/llm/openai.go:286.3,286.54 1 0
codeberg.org/snonux/hexai/internal/llm/openai.go:286.54,289.4 2 0
codeberg.org/snonux/hexai/internal/llm/openai.go:290.3,290.36 1 0
codeberg.org/snonux/hexai/internal/llm/openai.go:290.36,291.30 1 0
codeberg.org/snonux/hexai/internal/llm/openai.go:291.30,293.5 1 0
codeberg.org/snonux/hexai/internal/llm/openai.go:296.2,296.38 1 0
codeberg.org/snonux/hexai/internal/llm/openai.go:296.38,299.3 2 0
codeberg.org/snonux/hexai/internal/llm/openai.go:300.2,300.12 1 0
codeberg.org/snonux/hexai/internal/llm/provider.go:58.47,58.73 1 0
codeberg.org/snonux/hexai/internal/llm/provider.go:58.73,58.92 1 0
codeberg.org/snonux/hexai/internal/llm/provider.go:59.47,59.73 1 0
codeberg.org/snonux/hexai/internal/llm/provider.go:59.73,59.94 1 0
codeberg.org/snonux/hexai/internal/llm/provider.go:60.47,60.73 1 0
codeberg.org/snonux/hexai/internal/llm/provider.go:60.73,60.92 1 0
codeberg.org/snonux/hexai/internal/llm/provider.go:61.45,62.26 1 0
codeberg.org/snonux/hexai/internal/llm/provider.go:62.26,62.66 1 0
codeberg.org/snonux/hexai/internal/llm/provider.go:85.84,87.13 2 0
codeberg.org/snonux/hexai/internal/llm/provider.go:87.13,89.3 1 0
codeberg.org/snonux/hexai/internal/llm/provider.go:90.2,90.11 1 0
codeberg.org/snonux/hexai/internal/llm/provider.go:91.16,92.44 1 0
codeberg.org/snonux/hexai/internal/llm/provider.go:92.44,94.4 1 0
codeberg.org/snonux/hexai/internal/llm/provider.go:96.3,96.35 1 0
codeberg.org/snonux/hexai/internal/llm/provider.go:96.35,99.4 2 0
codeberg.org/snonux/hexai/internal/llm/provider.go:100.3,100.97 1 0
codeberg.org/snonux/hexai/internal/llm/provider.go:101.16,102.35 1 0
codeberg.org/snonux/hexai/internal/llm/provider.go:102.35,105.4 2 0
codeberg.org/snonux/hexai/internal/llm/provider.go:106.3,106.83 1 0
codeberg.org/snonux/hexai/internal/llm/provider.go:107.17,108.45 1 0
codeberg.org/snonux/hexai/internal/llm/provider.go:108.45,110.4 1 0
codeberg.org/snonux/hexai/internal/llm/provider.go:111.3,111.36 1 0
codeberg.org/snonux/hexai/internal/llm/provider.go:111.36,114.4 2 0
codeberg.org/snonux/hexai/internal/llm/provider.go:115.3,115.102 1 0
codeberg.org/snonux/hexai/internal/llm/provider.go:116.10,117.55 1 0
codeberg.org/snonux/hexai/internal/llm/util.go:6.47,6.77 1 0
codeberg.org/snonux/hexai/internal/logging/chatlogger.go:9.48,11.2 1 0
codeberg.org/snonux/hexai/internal/logging/chatlogger.go:18.3,20.12 2 0
codeberg.org/snonux/hexai/internal/logging/chatlogger.go:20.12,22.3 1 0
codeberg.org/snonux/hexai/internal/logging/chatlogger.go:23.2,25.29 2 0
codeberg.org/snonux/hexai/internal/logging/chatlogger.go:25.29,28.3 1 0
codeberg.org/snonux/hexai/internal/logging/logging.go:27.26,27.37 1 0
codeberg.org/snonux/hexai/internal/logging/logging.go:30.47,31.16 1 0
codeberg.org/snonux/hexai/internal/logging/logging.go:31.16,33.3 1 0
codeberg.org/snonux/hexai/internal/logging/logging.go:34.2,35.48 2 0
codeberg.org/snonux/hexai/internal/logging/logging.go:43.32,43.55 1 0
codeberg.org/snonux/hexai/internal/logging/logging.go:46.37,47.25 1 0
codeberg.org/snonux/hexai/internal/logging/logging.go:47.25,48.32 1 0
codeberg.org/snonux/hexai/internal/logging/logging.go:48.32,50.4 1 0
codeberg.org/snonux/hexai/internal/logging/logging.go:51.3,51.37 1 0
codeberg.org/snonux/hexai/internal/logging/logging.go:53.2,53.10 1 0
codeberg.org/snonux/hexai/internal/lsp/context.go:16.96,18.14 2 0
codeberg.org/snonux/hexai/internal/lsp/context.go:19.17,20.19 1 0
codeberg.org/snonux/hexai/internal/lsp/context.go:21.16,22.41 1 0
codeberg.org/snonux/hexai/internal/lsp/context.go:23.26,24.14 1 0
codeberg.org/snonux/hexai/internal/lsp/context.go:24.14,26.4 1 0
codeberg.org/snonux/hexai/internal/lsp/context.go:27.3,27.19 1 0
codeberg.org/snonux/hexai/internal/lsp/context.go:28.21,29.38 1 0
codeberg.org/snonux/hexai/internal/lsp/context.go:30.10,32.19 1 0
codeberg.org/snonux/hexai/internal/lsp/context.go:36.65,38.35 2 0
codeberg.org/snonux/hexai/internal/lsp/context.go:38.35,41.3 2 0
codeberg.org/snonux/hexai/internal/lsp/context.go:42.2,45.15 4 0
codeberg.org/snonux/hexai/internal/lsp/context.go:45.15,47.3 1 0
codeberg.org/snonux/hexai/internal/lsp/context.go:48.2,49.13 2 0
codeberg.org/snonux/hexai/internal/lsp/context.go:49.13,51.3 1 0
codeberg.org/snonux/hexai/internal/lsp/context.go:52.2,53.57 2 0
codeberg.org/snonux/hexai/internal/lsp/context.go:56.53,58.14 2 0
codeberg.org/snonux/hexai/internal/lsp/context.go:58.14,61.3 2 0
codeberg.org/snonux/hexai/internal/lsp/context.go:62.2,62.59 1 0
codeberg.org/snonux/hexai/internal/lsp/context.go:67.64,68.20 1 0
codeberg.org/snonux/hexai/internal/lsp/context.go:68.20,70.3 1 0
codeberg.org/snonux/hexai/internal/lsp/context.go:71.2,72.27 2 0
codeberg.org/snonux/hexai/internal/lsp/context.go:72.27,74.3 1 0
codeberg.org/snonux/hexai/internal/lsp/context.go:76.2,77.21 2 0
codeberg.org/snonux/hexai/internal/lsp/context.go:77.21,79.3 1 0
codeberg.org/snonux/hexai/internal/lsp/context.go:80.2,80.53 1 0
codeberg.org/snonux/hexai/internal/lsp/context.go:80.53,82.3 1 0
codeberg.org/snonux/hexai/internal/lsp/context.go:83.2,83.19 1 0
codeberg.org/snonux/hexai/internal/lsp/document.go:15.48,19.2 3 0
codeberg.org/snonux/hexai/internal/lsp/document.go:21.45,25.2 3 0
codeberg.org/snonux/hexai/internal/lsp/document.go:27.33,31.2 3 0
codeberg.org/snonux/hexai/internal/lsp/document.go:33.52,37.2 3 0
codeberg.org/snonux/hexai/internal/lsp/document.go:40.37,43.2 2 0
codeberg.org/snonux/hexai/internal/lsp/document.go:45.96,47.35 2 0
codeberg.org/snonux/hexai/internal/lsp/document.go:47.35,49.3 1 0
codeberg.org/snonux/hexai/internal/lsp/document.go:50.2,51.13 2 0
codeberg.org/snonux/hexai/internal/lsp/document.go:51.13,53.3 1 0
codeberg.org/snonux/hexai/internal/lsp/document.go:54.2,54.25 1 0
codeberg.org/snonux/hexai/internal/lsp/document.go:54.25,56.3 1 0
codeberg.org/snonux/hexai/internal/lsp/document.go:57.2,58.16 2 0
codeberg.org/snonux/hexai/internal/lsp/document.go:58.16,60.3 1 0
codeberg.org/snonux/hexai/internal/lsp/document.go:61.2,61.26 1 0
codeberg.org/snonux/hexai/internal/lsp/document.go:61.26,63.3 1 0
codeberg.org/snonux/hexai/internal/lsp/document.go:64.2,64.28 1 0
codeberg.org/snonux/hexai/internal/lsp/document.go:64.28,66.85 2 0
codeberg.org/snonux/hexai/internal/lsp/document.go:66.85,68.9 2 0
codeberg.org/snonux/hexai/internal/lsp/document.go:71.2,71.39 1 0
codeberg.org/snonux/hexai/internal/lsp/document.go:78.71,80.35 2 0
codeberg.org/snonux/hexai/internal/lsp/document.go:80.35,82.3 1 0
codeberg.org/snonux/hexai/internal/lsp/document.go:83.2,84.13 2 0
codeberg.org/snonux/hexai/internal/lsp/document.go:84.13,86.3 1 0
codeberg.org/snonux/hexai/internal/lsp/document.go:87.2,87.25 1 0
codeberg.org/snonux/hexai/internal/lsp/document.go:87.25,89.3 1 0
codeberg.org/snonux/hexai/internal/lsp/document.go:91.2,92.28 2 0
codeberg.org/snonux/hexai/internal/lsp/document.go:92.28,93.44 1 0
codeberg.org/snonux/hexai/internal/lsp/document.go:93.44,95.9 2 0
codeberg.org/snonux/hexai/internal/lsp/document.go:98.3,98.40 1 0
codeberg.org/snonux/hexai/internal/lsp/document.go:98.40,99.9 1 0
codeberg.org/snonux/hexai/internal/lsp/document.go:102.2,102.20 1 0
codeberg.org/snonux/hexai/internal/lsp/document.go:102.20,104.3 1 0
codeberg.org/snonux/hexai/internal/lsp/document.go:106.2,106.35 1 0
codeberg.org/snonux/hexai/internal/lsp/document.go:106.35,109.17 3 0
codeberg.org/snonux/hexai/internal/lsp/document.go:109.17,110.15 1 0
codeberg.org/snonux/hexai/internal/lsp/document.go:110.15,112.5 1 0
codeberg.org/snonux/hexai/internal/lsp/document.go:114.4,114.29 1 0
codeberg.org/snonux/hexai/internal/lsp/document.go:114.29,116.5 1 0
codeberg.org/snonux/hexai/internal/lsp/document.go:119.2,119.13 1 0
codeberg.org/snonux/hexai/internal/lsp/document.go:122.46,123.28 1 0
codeberg.org/snonux/hexai/internal/lsp/document.go:123.28,124.29 1 0
codeberg.org/snonux/hexai/internal/lsp/document.go:124.29,126.4 1 0
codeberg.org/snonux/hexai/internal/lsp/document.go:128.2,128.14 1 0
codeberg.org/snonux/hexai/internal/lsp/document.go:131.31,133.18 2 0
codeberg.org/snonux/hexai/internal/lsp/document.go:133.18,135.3 1 0
codeberg.org/snonux/hexai/internal/lsp/document.go:136.2,136.10 1 0
codeberg.org/snonux/hexai/internal/lsp/document.go:139.33,141.49 2 0
codeberg.org/snonux/hexai/internal/lsp/document.go:141.49,143.3 1 0
codeberg.org/snonux/hexai/internal/lsp/document.go:144.2,144.10 1 0
codeberg.org/snonux/hexai/internal/lsp/handlers.go:10.38,11.41 1 0
codeberg.org/snonux/hexai/internal/lsp/handlers.go:11.41,14.3 2 0
codeberg.org/snonux/hexai/internal/lsp/handlers.go:15.2,15.22 1 0
codeberg.org/snonux/hexai/internal/lsp/handlers.go:15.22,17.3 1 0
codeberg.org/snonux/hexai/internal/lsp/handlers.go:28.60,30.31 2 0
codeberg.org/snonux/hexai/internal/lsp/handlers.go:30.31,31.99 1 0
codeberg.org/snonux/hexai/internal/lsp/handlers.go:31.99,34.4 2 0
codeberg.org/snonux/hexai/internal/lsp/handlers.go:36.2,36.16 1 0
codeberg.org/snonux/hexai/internal/lsp/handlers.go:48.86,54.50 3 0
codeberg.org/snonux/hexai/internal/lsp/handlers.go:54.50,56.3 1 0
codeberg.org/snonux/hexai/internal/lsp/handlers.go:57.2,57.44 1 0
codeberg.org/snonux/hexai/internal/lsp/handlers.go:57.44,58.51 1 0
codeberg.org/snonux/hexai/internal/lsp/handlers.go:58.51,63.4 4 0
codeberg.org/snonux/hexai/internal/lsp/handlers.go:65.2,65.46 1 0
codeberg.org/snonux/hexai/internal/lsp/handlers.go:65.46,66.52 1 0
codeberg.org/snonux/hexai/internal/lsp/handlers.go:66.52,71.4 4 0
codeberg.org/snonux/hexai/internal/lsp/handlers.go:73.2,73.44 1 0
codeberg.org/snonux/hexai/internal/lsp/handlers.go:73.44,75.3 1 0
codeberg.org/snonux/hexai/internal/lsp/handlers.go:76.2,76.43 1 0
codeberg.org/snonux/hexai/internal/lsp/handlers.go:76.43,78.3 1 0
codeberg.org/snonux/hexai/internal/lsp/handlers.go:79.2,79.44 1 0
codeberg.org/snonux/hexai/internal/lsp/handlers.go:79.44,81.3 1 0
codeberg.org/snonux/hexai/internal/lsp/handlers.go:82.2,82.21 1 0
codeberg.org/snonux/hexai/internal/lsp/handlers.go:82.21,84.3 1 0
codeberg.org/snonux/hexai/internal/lsp/handlers.go:86.2,87.30 2 0
codeberg.org/snonux/hexai/internal/lsp/handlers.go:87.30,88.63 1 0
codeberg.org/snonux/hexai/internal/lsp/handlers.go:88.63,90.4 1 0
codeberg.org/snonux/hexai/internal/lsp/handlers.go:92.2,93.33 2 0
codeberg.org/snonux/hexai/internal/lsp/handlers.go:117.72,120.2 2 0
codeberg.org/snonux/hexai/internal/lsp/handlers.go:191.151,194.24 2 0
codeberg.org/snonux/hexai/internal/lsp/handlers.go:194.24,196.3 1 0
codeberg.org/snonux/hexai/internal/lsp/handlers.go:197.2,199.24 3 0
codeberg.org/snonux/hexai/internal/lsp/handlers.go:199.24,201.3 1 0
codeberg.org/snonux/hexai/internal/lsp/handlers.go:202.2,204.24 3 0
codeberg.org/snonux/hexai/internal/lsp/handlers.go:204.24,207.3 2 0
codeberg.org/snonux/hexai/internal/lsp/handlers.go:208.2,209.32 2 0
codeberg.org/snonux/hexai/internal/lsp/handlers.go:209.32,211.3 1 0
codeberg.org/snonux/hexai/internal/lsp/handlers.go:212.2,213.14 2 0
codeberg.org/snonux/hexai/internal/lsp/handlers.go:213.14,215.3 1 0
codeberg.org/snonux/hexai/internal/lsp/handlers.go:217.2,231.12 1 0
codeberg.org/snonux/hexai/internal/lsp/handlers.go:234.64,238.9 4 0
codeberg.org/snonux/hexai/internal/lsp/handlers.go:238.9,240.3 1 0
codeberg.org/snonux/hexai/internal/lsp/handlers.go:242.2,243.16 2 0
codeberg.org/snonux/hexai/internal/lsp/handlers.go:246.56,249.24 3 0
codeberg.org/snonux/hexai/internal/lsp/handlers.go:249.24,251.3 1 0
codeberg.org/snonux/hexai/internal/lsp/handlers.go:252.2,252.44 1 0
codeberg.org/snonux/hexai/internal/lsp/handlers.go:252.44,255.33 3 0
codeberg.org/snonux/hexai/internal/lsp/handlers.go:255.33,260.4 3 0
codeberg.org/snonux/hexai/internal/lsp/handlers.go:261.3,261.9 1 0
codeberg.org/snonux/hexai/internal/lsp/handlers.go:264.2,265.29 2 0
codeberg.org/snonux/hexai/internal/lsp/handlers.go:268.51,272.37 2 0
codeberg.org/snonux/hexai/internal/lsp/handlers.go:272.37,273.15 1 0
codeberg.org/snonux/hexai/internal/lsp/handlers.go:273.15,275.9 2 0
codeberg.org/snonux/hexai/internal/lsp/handlers.go:278.2,278.14 1 0
codeberg.org/snonux/hexai/internal/lsp/handlers.go:278.14,280.3 1 0
codeberg.org/snonux/hexai/internal/lsp/handlers.go:281.2,281.50 1 0
codeberg.org/snonux/hexai/internal/lsp/handlers.go:288.74,290.22 1 0
codeberg.org/snonux/hexai/internal/lsp/handlers.go:290.22,295.49 2 0
codeberg.org/snonux/hexai/internal/lsp/handlers.go:295.49,297.4 1 0
codeberg.org/snonux/hexai/internal/lsp/handlers.go:297.9,300.4 2 0
codeberg.org/snonux/hexai/internal/lsp/handlers.go:303.3,303.115 1 0
codeberg.org/snonux/hexai/internal/lsp/handlers.go:303.115,305.4 1 0
codeberg.org/snonux/hexai/internal/lsp/handlers.go:307.3,307.27 1 0
codeberg.org/snonux/hexai/internal/lsp/handlers.go:307.27,309.4 1 0
codeberg.org/snonux/hexai/internal/lsp/handlers.go:311.3,311.27 1 0
codeberg.org/snonux/hexai/internal/lsp/handlers.go:311.27,312.34 1 0
codeberg.org/snonux/hexai/internal/lsp/handlers.go:312.34,313.38 1 0
codeberg.org/snonux/hexai/internal/lsp/handlers.go:313.38,314.35 1 0
codeberg.org/snonux/hexai/internal/lsp/handlers.go:314.35,316.7 1 0
codeberg.org/snonux/hexai/internal/lsp/handlers.go:318.5,318.17 1 0
codeberg.org/snonux/hexai/internal/lsp/handlers.go:321.4,321.16 1 0
codeberg.org/snonux/hexai/internal/lsp/handlers.go:326.2,327.36 2 0
codeberg.org/snonux/hexai/internal/lsp/handlers.go:327.36,329.3 1 0
codeberg.org/snonux/hexai/internal/lsp/handlers.go:331.2,331.114 1 0
codeberg.org/snonux/hexai/internal/lsp/handlers.go:331.114,333.3 1 0
codeberg.org/snonux/hexai/internal/lsp/handlers.go:334.2,335.35 2 0
codeberg.org/snonux/hexai/internal/lsp/handlers.go:335.35,336.14 1 0
codeberg.org/snonux/hexai/internal/lsp/handlers.go:336.14,338.4 1 0
codeberg.org/snonux/hexai/internal/lsp/handlers.go:340.2,340.14 1 0
codeberg.org/snonux/hexai/internal/lsp/handlers.go:343.137,348.24 5 0
codeberg.org/snonux/hexai/internal/lsp/handlers.go:348.24,350.3 1 0
codeberg.org/snonux/hexai/internal/lsp/handlers.go:351.2,361.4 1 0
codeberg.org/snonux/hexai/internal/lsp/handlers.go:436.74,445.2 1 0
codeberg.org/snonux/hexai/internal/lsp/handlers_codeaction.go:17.48,19.55 2 0
codeberg.org/snonux/hexai/internal/lsp/handlers_codeaction.go:19.55,20.23 1 0
codeberg.org/snonux/hexai/internal/lsp/handlers_codeaction.go:20.23,22.4 1 0
codeberg.org/snonux/hexai/internal/lsp/handlers_codeaction.go:23.3,23.9 1 0
codeberg.org/snonux/hexai/internal/lsp/handlers_codeaction.go:25.2,26.57 2 0
codeberg.org/snonux/hexai/internal/lsp/handlers_codeaction.go:26.57,27.23 1 0
codeberg.org/snonux/hexai/internal/lsp/handlers_codeaction.go:27.23,29.4 1 0
codeberg.org/snonux/hexai/internal/lsp/handlers_codeaction.go:30.3,30.9 1 0
codeberg.org/snonux/hexai/internal/lsp/handlers_codeaction.go:32.2,35.53 3 0
codeberg.org/snonux/hexai/internal/lsp/handlers_codeaction.go:35.53,37.3 1 0
codeberg.org/snonux/hexai/internal/lsp/handlers_codeaction.go:38.2,38.57 1 0
codeberg.org/snonux/hexai/internal/lsp/handlers_codeaction.go:38.57,40.3 1 0
codeberg.org/snonux/hexai/internal/lsp/handlers_codeaction.go:41.2,41.54 1 0
codeberg.org/snonux/hexai/internal/lsp/handlers_codeaction.go:41.54,43.3 1 0
codeberg.org/snonux/hexai/internal/lsp/handlers_codeaction.go:44.2,44.51 1 0
codeberg.org/snonux/hexai/internal/lsp/handlers_codeaction.go:44.51,46.3 1 0
codeberg.org/snonux/hexai/internal/lsp/handlers_codeaction.go:47.2,47.22 1 0
codeberg.org/snonux/hexai/internal/lsp/handlers_codeaction.go:47.22,49.3 1 0
codeberg.org/snonux/hexai/internal/lsp/handlers_codeaction.go:52.85,53.85 1 0
codeberg.org/snonux/hexai/internal/lsp/handlers_codeaction.go:53.85,64.3 4 0
codeberg.org/snonux/hexai/internal/lsp/handlers_codeaction.go:65.2,65.12 1 0
codeberg.org/snonux/hexai/internal/lsp/handlers_codeaction.go:68.89,70.21 2 0
codeberg.org/snonux/hexai/internal/lsp/handlers_codeaction.go:70.21,72.3 1 0
codeberg.org/snonux/hexai/internal/lsp/handlers_codeaction.go:73.2,82.12 4 0
codeberg.org/snonux/hexai/internal/lsp/handlers_codeaction.go:85.70,86.45 1 0
codeberg.org/snonux/hexai/internal/lsp/handlers_codeaction.go:86.45,88.3 1 0
codeberg.org/snonux/hexai/internal/lsp/handlers_codeaction.go:89.2,97.58 2 0
codeberg.org/snonux/hexai/internal/lsp/handlers_codeaction.go:97.58,99.3 1 0
codeberg.org/snonux/hexai/internal/lsp/handlers_codeaction.go:100.2,100.22 1 0
codeberg.org/snonux/hexai/internal/lsp/handlers_codeaction.go:101.17,108.72 7 0
codeberg.org/snonux/hexai/internal/lsp/handlers_codeaction.go:108.72,109.66 1 0
codeberg.org/snonux/hexai/internal/lsp/handlers_codeaction.go:109.66,113.5 3 0
codeberg.org/snonux/hexai/internal/lsp/handlers_codeaction.go:114.9,116.4 1 0
codeberg.org/snonux/hexai/internal/lsp/handlers_codeaction.go:117.21,121.43 4 0
codeberg.org/snonux/hexai/internal/lsp/handlers_codeaction.go:121.43,122.24 1 0
codeberg.org/snonux/hexai/internal/lsp/handlers_codeaction.go:122.24,124.5 1 0
codeberg.org/snonux/hexai/internal/lsp/handlers_codeaction.go:124.10,126.5 1 0
codeberg.org/snonux/hexai/internal/lsp/handlers_codeaction.go:128.3,134.72 7 0
codeberg.org/snonux/hexai/internal/lsp/handlers_codeaction.go:134.72,135.66 1 0
codeberg.org/snonux/hexai/internal/lsp/handlers_codeaction.go:135.66,139.5 3 0
codeberg.org/snonux/hexai/internal/lsp/handlers_codeaction.go:140.9,142.4 1 0
codeberg.org/snonux/hexai/internal/lsp/handlers_codeaction.go:143.18,150.72 7 0
codeberg.org/snonux/hexai/internal/lsp/handlers_codeaction.go:150.72,151.66 1 0
codeberg.org/snonux/hexai/internal/lsp/handlers_codeaction.go:151.66,155.5 3 0
codeberg.org/snonux/hexai/internal/lsp/handlers_codeaction.go:156.9,158.4 1 0
codeberg.org/snonux/hexai/internal/lsp/handlers_codeaction.go:159.17,160.92 1 0
codeberg.org/snonux/hexai/internal/lsp/handlers_codeaction.go:160.92,168.4 4 0
codeberg.org/snonux/hexai/internal/lsp/handlers_codeaction.go:170.2,170.18 1 0
codeberg.org/snonux/hexai/internal/lsp/handlers_codeaction.go:173.55,175.56 2 0
codeberg.org/snonux/hexai/internal/lsp/handlers_codeaction.go:175.56,176.23 1 0
codeberg.org/snonux/hexai/internal/lsp/handlers_codeaction.go:176.23,178.4 1 0
codeberg.org/snonux/hexai/internal/lsp/handlers_codeaction.go:179.3,179.9 1 0
codeberg.org/snonux/hexai/internal/lsp/handlers_codeaction.go:181.2,181.49 1 0
codeberg.org/snonux/hexai/internal/lsp/handlers_codeaction.go:181.49,184.3 2 0
codeberg.org/snonux/hexai/internal/lsp/handlers_codeaction.go:185.2,185.26 1 0
codeberg.org/snonux/hexai/internal/lsp/handlers_codeaction.go:191.85,192.22 1 0
codeberg.org/snonux/hexai/internal/lsp/handlers_codeaction.go:192.22,194.3 1 0
codeberg.org/snonux/hexai/internal/lsp/handlers_codeaction.go:195.2,196.53 2 0
codeberg.org/snonux/hexai/internal/lsp/handlers_codeaction.go:196.53,198.3 1 0
codeberg.org/snonux/hexai/internal/lsp/handlers_codeaction.go:199.2,199.31 1 0
codeberg.org/snonux/hexai/internal/lsp/handlers_codeaction.go:199.31,201.3 1 0
codeberg.org/snonux/hexai/internal/lsp/handlers_codeaction.go:202.2,203.36 2 0
codeberg.org/snonux/hexai/internal/lsp/handlers_codeaction.go:203.36,204.34 1 0
codeberg.org/snonux/hexai/internal/lsp/handlers_codeaction.go:204.34,206.4 1 0
codeberg.org/snonux/hexai/internal/lsp/handlers_codeaction.go:208.2,208.12 1 0
codeberg.org/snonux/hexai/internal/lsp/handlers_codeaction.go:212.37,214.32 1 0
codeberg.org/snonux/hexai/internal/lsp/handlers_codeaction.go:214.32,216.3 1 0
codeberg.org/snonux/hexai/internal/lsp/handlers_codeaction.go:217.2,217.32 1 0
codeberg.org/snonux/hexai/internal/lsp/handlers_codeaction.go:217.32,219.3 1 0
codeberg.org/snonux/hexai/internal/lsp/handlers_codeaction.go:221.2,221.29 1 0
codeberg.org/snonux/hexai/internal/lsp/handlers_codeaction.go:221.29,223.3 1 0
codeberg.org/snonux/hexai/internal/lsp/handlers_codeaction.go:225.2,225.29 1 0
codeberg.org/snonux/hexai/internal/lsp/handlers_codeaction.go:225.29,227.3 1 0
codeberg.org/snonux/hexai/internal/lsp/handlers_codeaction.go:228.2,228.13 1 0
codeberg.org/snonux/hexai/internal/lsp/handlers_codeaction.go:231.34,232.22 1 0
codeberg.org/snonux/hexai/internal/lsp/handlers_codeaction.go:232.22,234.3 1 0
codeberg.org/snonux/hexai/internal/lsp/handlers_codeaction.go:235.2,235.34 1 0
codeberg.org/snonux/hexai/internal/lsp/handlers_codeaction.go:238.37,239.22 1 0
codeberg.org/snonux/hexai/internal/lsp/handlers_codeaction.go:239.22,241.3 1 0
codeberg.org/snonux/hexai/internal/lsp/handlers_codeaction.go:242.2,242.34 1 0
codeberg.org/snonux/hexai/internal/lsp/handlers_codeaction.go:247.76,249.80 2 0
codeberg.org/snonux/hexai/internal/lsp/handlers_codeaction.go:249.80,251.3 1 0
codeberg.org/snonux/hexai/internal/lsp/handlers_codeaction.go:253.2,253.71 1 0
codeberg.org/snonux/hexai/internal/lsp/handlers_codeaction.go:253.71,255.3 1 0
codeberg.org/snonux/hexai/internal/lsp/handlers_codeaction.go:257.2,258.41 2 0
codeberg.org/snonux/hexai/internal/lsp/handlers_codeaction.go:258.41,260.3 1 0
codeberg.org/snonux/hexai/internal/lsp/handlers_codeaction.go:261.2,268.12 4 0
codeberg.org/snonux/hexai/internal/lsp/handlers_codeaction.go:272.86,273.24 1 0
codeberg.org/snonux/hexai/internal/lsp/handlers_codeaction.go:273.24,275.3 1 0
codeberg.org/snonux/hexai/internal/lsp/handlers_codeaction.go:276.2,276.34 1 0
codeberg.org/snonux/hexai/internal/lsp/handlers_codeaction.go:276.34,278.3 1 0
codeberg.org/snonux/hexai/internal/lsp/handlers_codeaction.go:279.2,287.12 4 0
codeberg.org/snonux/hexai/internal/lsp/handlers_codeaction.go:290.95,292.76 2 0
codeberg.org/snonux/hexai/internal/lsp/handlers_codeaction.go:292.76,294.3 1 0
codeberg.org/snonux/hexai/internal/lsp/handlers_codeaction.go:296.2,297.21 2 0
codeberg.org/snonux/hexai/internal/lsp/handlers_codeaction.go:297.21,299.3 1 0
codeberg.org/snonux/hexai/internal/lsp/handlers_codeaction.go:300.2,302.36 3 0
codeberg.org/snonux/hexai/internal/lsp/handlers_codeaction.go:302.36,304.3 1 0
codeberg.org/snonux/hexai/internal/lsp/handlers_codeaction.go:305.2,307.39 3 0
codeberg.org/snonux/hexai/internal/lsp/handlers_codeaction.go:307.39,309.3 1 0
codeberg.org/snonux/hexai/internal/lsp/handlers_codeaction.go:311.2,315.26 3 0
codeberg.org/snonux/hexai/internal/lsp/handlers_codeaction.go:315.26,321.22 4 0
codeberg.org/snonux/hexai/internal/lsp/handlers_codeaction.go:321.22,324.4 2 0
codeberg.org/snonux/hexai/internal/lsp/handlers_codeaction.go:325.3,327.102 2 0
codeberg.org/snonux/hexai/internal/lsp/handlers_codeaction.go:327.102,329.4 1 0
codeberg.org/snonux/hexai/internal/lsp/handlers_codeaction.go:330.3,337.40 6 0
codeberg.org/snonux/hexai/internal/lsp/handlers_codeaction.go:337.40,339.4 1 0
codeberg.org/snonux/hexai/internal/lsp/handlers_codeaction.go:340.3,342.19 2 0
codeberg.org/snonux/hexai/internal/lsp/handlers_codeaction.go:342.19,344.4 1 0
codeberg.org/snonux/hexai/internal/lsp/handlers_codeaction.go:345.3,346.33 2 0
codeberg.org/snonux/hexai/internal/lsp/handlers_codeaction.go:349.2,350.15 2 0
codeberg.org/snonux/hexai/internal/lsp/handlers_codeaction.go:350.15,352.3 1 0
codeberg.org/snonux/hexai/internal/lsp/handlers_codeaction.go:353.2,368.13 13 0
codeberg.org/snonux/hexai/internal/lsp/handlers_codeaction.go:368.13,371.3 2 0
codeberg.org/snonux/hexai/internal/lsp/handlers_codeaction.go:372.2,373.32 2 0
codeberg.org/snonux/hexai/internal/lsp/handlers_codeaction.go:377.62,378.39 1 0
codeberg.org/snonux/hexai/internal/lsp/handlers_codeaction.go:378.39,380.3 1 0
codeberg.org/snonux/hexai/internal/lsp/handlers_codeaction.go:381.2,383.16 3 0
codeberg.org/snonux/hexai/internal/lsp/handlers_codeaction.go:383.16,385.3 1 0
codeberg.org/snonux/hexai/internal/lsp/handlers_codeaction.go:386.2,387.29 2 0
codeberg.org/snonux/hexai/internal/lsp/handlers_codeaction.go:390.35,391.41 1 0
codeberg.org/snonux/hexai/internal/lsp/handlers_codeaction.go:391.41,393.3 1 0
codeberg.org/snonux/hexai/internal/lsp/handlers_codeaction.go:394.2,394.14 1 0
codeberg.org/snonux/hexai/internal/lsp/handlers_codeaction.go:398.48,399.27 1 0
codeberg.org/snonux/hexai/internal/lsp/handlers_codeaction.go:399.27,401.39 2 0
codeberg.org/snonux/hexai/internal/lsp/handlers_codeaction.go:401.39,404.45 2 0
codeberg.org/snonux/hexai/internal/lsp/handlers_codeaction.go:404.45,406.5 1 0
codeberg.org/snonux/hexai/internal/lsp/handlers_codeaction.go:407.4,407.46 1 0
codeberg.org/snonux/hexai/internal/lsp/handlers_codeaction.go:407.46,409.5 1 0
codeberg.org/snonux/hexai/internal/lsp/handlers_codeaction.go:410.4,410.46 1 0
codeberg.org/snonux/hexai/internal/lsp/handlers_codeaction.go:410.46,412.5 1 0
codeberg.org/snonux/hexai/internal/lsp/handlers_codeaction.go:413.4,413.15 1 0
codeberg.org/snonux/hexai/internal/lsp/handlers_codeaction.go:416.2,416.11 1 0
codeberg.org/snonux/hexai/internal/lsp/handlers_codeaction.go:420.63,421.13 1 0
codeberg.org/snonux/hexai/internal/lsp/handlers_codeaction.go:421.13,423.3 1 0
codeberg.org/snonux/hexai/internal/lsp/handlers_codeaction.go:424.2,424.23 1 0
codeberg.org/snonux/hexai/internal/lsp/handlers_codeaction.go:424.23,426.3 1 0
codeberg.org/snonux/hexai/internal/lsp/handlers_codeaction.go:428.2,429.28 2 0
codeberg.org/snonux/hexai/internal/lsp/handlers_codeaction.go:429.28,430.42 1 0
codeberg.org/snonux/hexai/internal/lsp/handlers_codeaction.go:430.42,432.9 2 0
codeberg.org/snonux/hexai/internal/lsp/handlers_codeaction.go:434.3,434.38 1 0
codeberg.org/snonux/hexai/internal/lsp/handlers_codeaction.go:434.38,435.9 1 0
codeberg.org/snonux/hexai/internal/lsp/handlers_codeaction.go:438.2,438.17 1 0
codeberg.org/snonux/hexai/internal/lsp/handlers_codeaction.go:438.17,440.3 1 0
codeberg.org/snonux/hexai/internal/lsp/handlers_codeaction.go:442.2,444.38 3 0
codeberg.org/snonux/hexai/internal/lsp/handlers_codeaction.go:444.38,446.32 2 0
codeberg.org/snonux/hexai/internal/lsp/handlers_codeaction.go:446.32,447.17 1 0
codeberg.org/snonux/hexai/internal/lsp/handlers_codeaction.go:448.13,450.20 2 0
codeberg.org/snonux/hexai/internal/lsp/handlers_codeaction.go:451.13,452.18 1 0
codeberg.org/snonux/hexai/internal/lsp/handlers_codeaction.go:452.18,454.6 1 0
codeberg.org/snonux/hexai/internal/lsp/handlers_codeaction.go:455.5,455.31 1 0
codeberg.org/snonux/hexai/internal/lsp/handlers_codeaction.go:455.31,457.6 1 0
codeberg.org/snonux/hexai/internal/lsp/handlers_codeaction.go:462.2,462.15 1 0
codeberg.org/snonux/hexai/internal/lsp/handlers_codeaction.go:462.15,464.3 1 0
codeberg.org/snonux/hexai/internal/lsp/handlers_codeaction.go:465.2,465.18 1 0
codeberg.org/snonux/hexai/internal/lsp/handlers_codeaction.go:469.65,470.24 1 0
codeberg.org/snonux/hexai/internal/lsp/handlers_codeaction.go:470.24,477.71 7 0
codeberg.org/snonux/hexai/internal/lsp/handlers_codeaction.go:477.71,479.21 2 0
codeberg.org/snonux/hexai/internal/lsp/handlers_codeaction.go:479.21,481.5 1 0
codeberg.org/snonux/hexai/internal/lsp/handlers_codeaction.go:482.9,484.4 1 0
codeberg.org/snonux/hexai/internal/lsp/handlers_codeaction.go:487.2,488.16 2 0
codeberg.org/snonux/hexai/internal/lsp/handlers_codeaction.go:488.16,490.3 1 0
codeberg.org/snonux/hexai/internal/lsp/handlers_codeaction.go:491.2,491.115 1 0
codeberg.org/snonux/hexai/internal/lsp/handlers_codeaction.go:495.43,499.39 3 0
codeberg.org/snonux/hexai/internal/lsp/handlers_codeaction.go:499.39,501.3 1 0
codeberg.org/snonux/hexai/internal/lsp/handlers_codeaction.go:502.2,504.34 2 0
codeberg.org/snonux/hexai/internal/lsp/handlers_codeaction.go:504.34,506.63 1 0
codeberg.org/snonux/hexai/internal/lsp/handlers_codeaction.go:506.63,508.4 1 0
codeberg.org/snonux/hexai/internal/lsp/handlers_codeaction.go:511.2,511.42 1 0
codeberg.org/snonux/hexai/internal/lsp/handlers_codeaction.go:511.42,513.3 1 0
codeberg.org/snonux/hexai/internal/lsp/handlers_codeaction.go:514.2,514.11 1 0
codeberg.org/snonux/hexai/internal/lsp/handlers_codeaction.go:517.37,518.16 1 0
codeberg.org/snonux/hexai/internal/lsp/handlers_codeaction.go:518.16,520.3 1 0
codeberg.org/snonux/hexai/internal/lsp/handlers_codeaction.go:521.2,522.32 2 0
codeberg.org/snonux/hexai/internal/lsp/handlers_codeaction.go:522.32,524.3 1 0
codeberg.org/snonux/hexai/internal/lsp/handlers_codeaction.go:525.2,525.18 1 0
codeberg.org/snonux/hexai/internal/lsp/handlers_completion.go:15.48,18.55 3 0
codeberg.org/snonux/hexai/internal/lsp/handlers_completion.go:18.55,25.19 5 0
codeberg.org/snonux/hexai/internal/lsp/handlers_completion.go:25.19,27.4 1 0
codeberg.org/snonux/hexai/internal/lsp/handlers_completion.go:28.3,28.25 1 0
codeberg.org/snonux/hexai/internal/lsp/handlers_completion.go:28.25,32.10 4 0
codeberg.org/snonux/hexai/internal/lsp/handlers_completion.go:32.10,35.5 2 0
codeberg.org/snonux/hexai/internal/lsp/handlers_completion.go:38.2,39.73 2 0
codeberg.org/snonux/hexai/internal/lsp/handlers_completion.go:44.67,45.22 1 0
codeberg.org/snonux/hexai/internal/lsp/handlers_completion.go:45.22,47.3 1 0
codeberg.org/snonux/hexai/internal/lsp/handlers_completion.go:48.2,52.48 2 0
codeberg.org/snonux/hexai/internal/lsp/handlers_completion.go:52.48,54.3 1 0
codeberg.org/snonux/hexai/internal/lsp/handlers_completion.go:54.8,57.3 2 0
codeberg.org/snonux/hexai/internal/lsp/handlers_completion.go:58.2,58.46 1 0
codeberg.org/snonux/hexai/internal/lsp/handlers_completion.go:63.99,66.2 1 0
codeberg.org/snonux/hexai/internal/lsp/handlers_completion.go:68.98,71.2 1 0
codeberg.org/snonux/hexai/internal/lsp/handlers_completion.go:73.160,78.52 4 0
codeberg.org/snonux/hexai/internal/lsp/handlers_completion.go:78.52,81.3 2 0
codeberg.org/snonux/hexai/internal/lsp/handlers_completion.go:82.2,82.51 1 0
codeberg.org/snonux/hexai/internal/lsp/handlers_completion.go:82.51,84.3 1 0
codeberg.org/snonux/hexai/internal/lsp/handlers_completion.go:86.2,91.86 4 0
codeberg.org/snonux/hexai/internal/lsp/handlers_completion.go:91.86,96.3 2 0
codeberg.org/snonux/hexai/internal/lsp/handlers_completion.go:97.2,97.58 1 0
codeberg.org/snonux/hexai/internal/lsp/handlers_completion.go:97.58,100.3 2 0
codeberg.org/snonux/hexai/internal/lsp/handlers_completion.go:102.2,102.83 1 0
codeberg.org/snonux/hexai/internal/lsp/handlers_completion.go:102.83,105.3 2 0
codeberg.org/snonux/hexai/internal/lsp/handlers_completion.go:108.2,108.126 1 0
codeberg.org/snonux/hexai/internal/lsp/handlers_completion.go:108.126,110.3 1 0
codeberg.org/snonux/hexai/internal/lsp/handlers_completion.go:113.2,116.29 3 0
codeberg.org/snonux/hexai/internal/lsp/handlers_completion.go:116.29,118.3 1 0
codeberg.org/snonux/hexai/internal/lsp/handlers_completion.go:119.2,121.32 3 0
codeberg.org/snonux/hexai/internal/lsp/handlers_completion.go:121.32,123.3 1 0
codeberg.org/snonux/hexai/internal/lsp/handlers_completion.go:125.2,126.29 2 0
codeberg.org/snonux/hexai/internal/lsp/handlers_completion.go:126.29,128.3 1 0
codeberg.org/snonux/hexai/internal/lsp/handlers_completion.go:129.2,132.16 3 0
codeberg.org/snonux/hexai/internal/lsp/handlers_completion.go:132.16,136.3 3 0
codeberg.org/snonux/hexai/internal/lsp/handlers_completion.go:137.2,141.19 4 0
codeberg.org/snonux/hexai/internal/lsp/handlers_completion.go:141.19,143.3 1 0
codeberg.org/snonux/hexai/internal/lsp/handlers_completion.go:144.2,145.75 2 0
codeberg.org/snonux/hexai/internal/lsp/handlers_completion.go:149.38,150.16 1 0
codeberg.org/snonux/hexai/internal/lsp/handlers_completion.go:150.16,152.3 1 0
codeberg.org/snonux/hexai/internal/lsp/handlers_completion.go:153.2,156.42 2 0
codeberg.org/snonux/hexai/internal/lsp/handlers_completion.go:156.42,158.3 1 0
codeberg.org/snonux/hexai/internal/lsp/handlers_completion.go:158.8,161.3 2 0
codeberg.org/snonux/hexai/internal/lsp/handlers_completion.go:162.2,162.27 1 0
codeberg.org/snonux/hexai/internal/lsp/handlers_completion.go:166.91,168.24 2 0
codeberg.org/snonux/hexai/internal/lsp/handlers_completion.go:168.24,170.3 1 0
codeberg.org/snonux/hexai/internal/lsp/handlers_completion.go:171.2,171.40 1 0
codeberg.org/snonux/hexai/internal/lsp/handlers_completion.go:171.40,172.35 1 0
codeberg.org/snonux/hexai/internal/lsp/handlers_completion.go:172.35,174.4 1 0
codeberg.org/snonux/hexai/internal/lsp/handlers_completion.go:175.3,176.37 2 0
codeberg.org/snonux/hexai/internal/lsp/handlers_completion.go:176.37,177.18 1 0
codeberg.org/snonux/hexai/internal/lsp/handlers_completion.go:177.18,180.5 2 0
codeberg.org/snonux/hexai/internal/lsp/handlers_completion.go:183.2,183.14 1 0
codeberg.org/snonux/hexai/internal/lsp/handlers_completion.go:187.119,191.24 2 0
codeberg.org/snonux/hexai/internal/lsp/handlers_completion.go:191.24,193.3 1 0
codeberg.org/snonux/hexai/internal/lsp/handlers_completion.go:194.2,195.13 2 0
codeberg.org/snonux/hexai/internal/lsp/handlers_completion.go:195.13,197.68 2 0
codeberg.org/snonux/hexai/internal/lsp/handlers_completion.go:197.68,199.4 1 0
codeberg.org/snonux/hexai/internal/lsp/handlers_completion.go:201.2,201.19 1 0
codeberg.org/snonux/hexai/internal/lsp/handlers_completion.go:201.19,203.3 1 0
codeberg.org/snonux/hexai/internal/lsp/handlers_completion.go:205.2,206.12 2 0
codeberg.org/snonux/hexai/internal/lsp/handlers_completion.go:206.12,208.28 2 0
codeberg.org/snonux/hexai/internal/lsp/handlers_completion.go:208.28,210.12 2 0
codeberg.org/snonux/hexai/internal/lsp/handlers_completion.go:212.3,212.8 1 0
codeberg.org/snonux/hexai/internal/lsp/handlers_completion.go:214.2,216.50 3 0
codeberg.org/snonux/hexai/internal/lsp/handlers_completion.go:216.50,218.3 1 0
codeberg.org/snonux/hexai/internal/lsp/handlers_completion.go:219.2,219.23 1 0
codeberg.org/snonux/hexai/internal/lsp/handlers_completion.go:223.193,225.9 2 0
codeberg.org/snonux/hexai/internal/lsp/handlers_completion.go:225.9,227.3 1 0
codeberg.org/snonux/hexai/internal/lsp/handlers_completion.go:228.2,233.32 6 0
codeberg.org/snonux/hexai/internal/lsp/handlers_completion.go:233.32,235.3 1 0
codeberg.org/snonux/hexai/internal/lsp/handlers_completion.go:236.2,237.24 2 0
codeberg.org/snonux/hexai/internal/lsp/handlers_completion.go:237.24,239.3 1 0
codeberg.org/snonux/hexai/internal/lsp/handlers_completion.go:240.2,246.30 5 0
codeberg.org/snonux/hexai/internal/lsp/handlers_completion.go:246.30,248.3 1 0
codeberg.org/snonux/hexai/internal/lsp/handlers_completion.go:249.2,250.40 2 0
codeberg.org/snonux/hexai/internal/lsp/handlers_completion.go:250.40,252.20 2 0
codeberg.org/snonux/hexai/internal/lsp/handlers_completion.go:252.20,254.21 2 0
codeberg.org/snonux/hexai/internal/lsp/handlers_completion.go:254.21,256.5 1 0
codeberg.org/snonux/hexai/internal/lsp/handlers_completion.go:257.4,257.54 1 0
codeberg.org/snonux/hexai/internal/lsp/handlers_completion.go:257.54,259.21 2 0
codeberg.org/snonux/hexai/internal/lsp/handlers_completion.go:259.21,261.6 1 0
codeberg.org/snonux/hexai/internal/lsp/handlers_completion.go:263.4,263.40 1 0
codeberg.org/snonux/hexai/internal/lsp/handlers_completion.go:263.40,267.5 3 0
codeberg.org/snonux/hexai/internal/lsp/handlers_completion.go:269.8,269.23 1 0
codeberg.org/snonux/hexai/internal/lsp/handlers_completion.go:269.23,271.3 1 0
codeberg.org/snonux/hexai/internal/lsp/handlers_completion.go:272.2,272.19 1 0
codeberg.org/snonux/hexai/internal/lsp/handlers_completion.go:277.55,279.12 2 0
codeberg.org/snonux/hexai/internal/lsp/handlers_completion.go:279.12,281.3 1 0
codeberg.org/snonux/hexai/internal/lsp/handlers_completion.go:282.2,282.6 1 0
codeberg.org/snonux/hexai/internal/lsp/handlers_completion.go:282.6,286.20 4 0
codeberg.org/snonux/hexai/internal/lsp/handlers_completion.go:286.20,288.4 1 0
codeberg.org/snonux/hexai/internal/lsp/handlers_completion.go:289.3,290.17 2 0
codeberg.org/snonux/hexai/internal/lsp/handlers_completion.go:290.17,292.4 1 0
codeberg.org/snonux/hexai/internal/lsp/handlers_completion.go:293.3,295.10 3 0
codeberg.org/snonux/hexai/internal/lsp/handlers_completion.go:296.21,298.10 2 0
codeberg.org/snonux/hexai/internal/lsp/handlers_completion.go:299.18,299.18 0 0
codeberg.org/snonux/hexai/internal/lsp/handlers_completion.go:307.60,309.19 2 0
codeberg.org/snonux/hexai/internal/lsp/handlers_completion.go:309.19,311.3 1 0
codeberg.org/snonux/hexai/internal/lsp/handlers_completion.go:312.2,313.6 2 0
codeberg.org/snonux/hexai/internal/lsp/handlers_completion.go:313.6,317.23 4 0
codeberg.org/snonux/hexai/internal/lsp/handlers_completion.go:317.23,321.11 4 0
codeberg.org/snonux/hexai/internal/lsp/handlers_completion.go:322.22,324.17 2 0
codeberg.org/snonux/hexai/internal/lsp/handlers_completion.go:325.19,327.13 1 0
codeberg.org/snonux/hexai/internal/lsp/handlers_completion.go:331.3,333.14 3 0
codeberg.org/snonux/hexai/internal/lsp/handlers_completion.go:338.177,344.33 3 0
codeberg.org/snonux/hexai/internal/lsp/handlers_completion.go:344.33,346.3 1 0
codeberg.org/snonux/hexai/internal/lsp/handlers_completion.go:347.2,347.18 1 0
codeberg.org/snonux/hexai/internal/lsp/handlers_completion.go:347.18,349.3 1 0
codeberg.org/snonux/hexai/internal/lsp/handlers_completion.go:350.2,350.17 1 0
codeberg.org/snonux/hexai/internal/lsp/handlers_completion.go:354.101,356.57 2 0
codeberg.org/snonux/hexai/internal/lsp/handlers_completion.go:356.57,357.78 1 0
codeberg.org/snonux/hexai/internal/lsp/handlers_completion.go:357.78,359.4 1 0
codeberg.org/snonux/hexai/internal/lsp/handlers_completion.go:361.2,361.19 1 0
codeberg.org/snonux/hexai/internal/lsp/handlers_completion.go:361.19,363.3 1 0
codeberg.org/snonux/hexai/internal/lsp/handlers_completion.go:364.2,364.19 1 0
codeberg.org/snonux/hexai/internal/lsp/handlers_completion.go:364.19,366.3 1 0
codeberg.org/snonux/hexai/internal/lsp/handlers_completion.go:367.2,367.56 1 0
codeberg.org/snonux/hexai/internal/lsp/handlers_completion.go:367.56,368.57 1 0
codeberg.org/snonux/hexai/internal/lsp/handlers_completion.go:368.57,370.4 1 0
codeberg.org/snonux/hexai/internal/lsp/handlers_completion.go:372.2,372.16 1 0
codeberg.org/snonux/hexai/internal/lsp/handlers_document.go:21.45,23.55 2 0
codeberg.org/snonux/hexai/internal/lsp/handlers_document.go:23.55,26.3 2 0
codeberg.org/snonux/hexai/internal/lsp/handlers_document.go:29.47,31.55 2 0
codeberg.org/snonux/hexai/internal/lsp/handlers_document.go:31.55,32.32 1 0
codeberg.org/snonux/hexai/internal/lsp/handlers_document.go:32.32,34.4 1 0
codeberg.org/snonux/hexai/internal/lsp/handlers_document.go:35.3,37.44 2 0
codeberg.org/snonux/hexai/internal/lsp/handlers_document.go:41.46,43.55 2 0
codeberg.org/snonux/hexai/internal/lsp/handlers_document.go:43.55,46.3 2 0
codeberg.org/snonux/hexai/internal/lsp/handlers_document.go:52.76,54.14 2 0
codeberg.org/snonux/hexai/internal/lsp/handlers_document.go:54.14,56.3 1 0
codeberg.org/snonux/hexai/internal/lsp/handlers_document.go:58.2,59.14 2 0
codeberg.org/snonux/hexai/internal/lsp/handlers_document.go:59.14,61.3 1 0
codeberg.org/snonux/hexai/internal/lsp/handlers_document.go:62.2,62.26 1 0
codeberg.org/snonux/hexai/internal/lsp/handlers_document.go:62.26,64.3 1 0
codeberg.org/snonux/hexai/internal/lsp/handlers_document.go:65.2,66.13 2 0
codeberg.org/snonux/hexai/internal/lsp/handlers_document.go:66.13,68.3 1 0
codeberg.org/snonux/hexai/internal/lsp/handlers_document.go:69.2,69.30 1 0
codeberg.org/snonux/hexai/internal/lsp/handlers_document.go:69.30,71.3 1 0
codeberg.org/snonux/hexai/internal/lsp/handlers_document.go:73.2,74.28 2 0
codeberg.org/snonux/hexai/internal/lsp/handlers_document.go:74.28,77.3 2 0
codeberg.org/snonux/hexai/internal/lsp/handlers_document.go:78.2,83.43 5 0
codeberg.org/snonux/hexai/internal/lsp/handlers_document.go:83.43,86.3 2 0
codeberg.org/snonux/hexai/internal/lsp/handlers_document.go:87.2,87.27 1 0
codeberg.org/snonux/hexai/internal/lsp/handlers_document.go:95.50,96.24 1 0
codeberg.org/snonux/hexai/internal/lsp/handlers_document.go:96.24,98.3 1 0
codeberg.org/snonux/hexai/internal/lsp/handlers_document.go:99.2,100.35 2 0
codeberg.org/snonux/hexai/internal/lsp/handlers_document.go:100.35,102.3 1 0
codeberg.org/snonux/hexai/internal/lsp/handlers_document.go:103.2,103.30 1 0
codeberg.org/snonux/hexai/internal/lsp/handlers_document.go:103.30,106.14 2 0
codeberg.org/snonux/hexai/internal/lsp/handlers_document.go:106.14,107.39 1 0
codeberg.org/snonux/hexai/internal/lsp/handlers_document.go:107.39,109.13 2 0
codeberg.org/snonux/hexai/internal/lsp/handlers_document.go:111.4,111.9 1 0
codeberg.org/snonux/hexai/internal/lsp/handlers_document.go:113.3,113.12 1 0
codeberg.org/snonux/hexai/internal/lsp/handlers_document.go:113.12,114.12 1 0
codeberg.org/snonux/hexai/internal/lsp/handlers_document.go:117.3,117.25 1 0
codeberg.org/snonux/hexai/internal/lsp/handlers_document.go:117.25,118.12 1 0
codeberg.org/snonux/hexai/internal/lsp/handlers_document.go:121.3,121.37 1 0
codeberg.org/snonux/hexai/internal/lsp/handlers_document.go:121.37,122.12 1 0
codeberg.org/snonux/hexai/internal/lsp/handlers_document.go:125.3,125.12 1 0
codeberg.org/snonux/hexai/internal/lsp/handlers_document.go:125.12,126.12 1 0
codeberg.org/snonux/hexai/internal/lsp/handlers_document.go:128.3,130.38 3 0
codeberg.org/snonux/hexai/internal/lsp/handlers_document.go:130.38,131.19 1 0
codeberg.org/snonux/hexai/internal/lsp/handlers_document.go:131.19,133.10 2 0
codeberg.org/snonux/hexai/internal/lsp/handlers_document.go:136.3,136.17 1 0
codeberg.org/snonux/hexai/internal/lsp/handlers_document.go:136.17,137.12 1 0
codeberg.org/snonux/hexai/internal/lsp/handlers_document.go:140.3,141.63 2 0
codeberg.org/snonux/hexai/internal/lsp/handlers_document.go:141.63,143.4 1 0
codeberg.org/snonux/hexai/internal/lsp/handlers_document.go:144.3,144.80 1 0
codeberg.org/snonux/hexai/internal/lsp/handlers_document.go:144.80,145.12 1 0
codeberg.org/snonux/hexai/internal/lsp/handlers_document.go:148.3,151.19 4 0
codeberg.org/snonux/hexai/internal/lsp/handlers_document.go:151.19,152.12 1 0
codeberg.org/snonux/hexai/internal/lsp/handlers_document.go:154.3,156.38 3 0
codeberg.org/snonux/hexai/internal/lsp/handlers_document.go:156.38,166.18 9 0
codeberg.org/snonux/hexai/internal/lsp/handlers_document.go:166.18,169.5 2 0
codeberg.org/snonux/hexai/internal/lsp/handlers_document.go:170.4,171.17 2 0
codeberg.org/snonux/hexai/internal/lsp/handlers_document.go:171.17,173.5 1 0
codeberg.org/snonux/hexai/internal/lsp/handlers_document.go:174.4,174.61 1 0
codeberg.org/snonux/hexai/internal/lsp/handlers_document.go:177.3,177.8 1 0
codeberg.org/snonux/hexai/internal/lsp/handlers_document.go:183.110,185.14 2 0
codeberg.org/snonux/hexai/internal/lsp/handlers_document.go:185.14,187.3 1 0
codeberg.org/snonux/hexai/internal/lsp/handlers_document.go:189.2,200.54 8 0
codeberg.org/snonux/hexai/internal/lsp/handlers_document.go:205.96,207.14 2 0
codeberg.org/snonux/hexai/internal/lsp/handlers_document.go:207.14,209.3 1 0
codeberg.org/snonux/hexai/internal/lsp/handlers_document.go:210.2,213.31 4 0
codeberg.org/snonux/hexai/internal/lsp/handlers_document.go:213.31,214.53 1 0
codeberg.org/snonux/hexai/internal/lsp/handlers_document.go:214.53,216.4 1 0
codeberg.org/snonux/hexai/internal/lsp/handlers_document.go:217.3,217.12 1 0
codeberg.org/snonux/hexai/internal/lsp/handlers_document.go:217.12,218.9 1 0
codeberg.org/snonux/hexai/internal/lsp/handlers_document.go:220.3,220.61 1 0
codeberg.org/snonux/hexai/internal/lsp/handlers_document.go:220.61,221.9 1 0
codeberg.org/snonux/hexai/internal/lsp/handlers_document.go:223.3,224.14 2 0
codeberg.org/snonux/hexai/internal/lsp/handlers_document.go:224.14,226.36 2 0
codeberg.org/snonux/hexai/internal/lsp/handlers_document.go:226.36,229.13 3 0
codeberg.org/snonux/hexai/internal/lsp/handlers_document.go:231.4,231.9 1 0
codeberg.org/snonux/hexai/internal/lsp/handlers_document.go:233.3,233.53 1 0
codeberg.org/snonux/hexai/internal/lsp/handlers_document.go:233.53,235.4 1 0
codeberg.org/snonux/hexai/internal/lsp/handlers_document.go:236.3,236.12 1 0
codeberg.org/snonux/hexai/internal/lsp/handlers_document.go:236.12,237.9 1 0
codeberg.org/snonux/hexai/internal/lsp/handlers_document.go:239.3,242.6 4 0
codeberg.org/snonux/hexai/internal/lsp/handlers_document.go:244.2,245.26 2 0
codeberg.org/snonux/hexai/internal/lsp/handlers_document.go:245.26,246.35 1 0
codeberg.org/snonux/hexai/internal/lsp/handlers_document.go:246.35,248.4 1 0
codeberg.org/snonux/hexai/internal/lsp/handlers_document.go:249.3,249.35 1 0
codeberg.org/snonux/hexai/internal/lsp/handlers_document.go:249.35,251.4 1 0
codeberg.org/snonux/hexai/internal/lsp/handlers_document.go:253.2,254.13 2 0
codeberg.org/snonux/hexai/internal/lsp/handlers_document.go:258.45,260.17 2 0
codeberg.org/snonux/hexai/internal/lsp/handlers_document.go:260.17,262.3 1 0
codeberg.org/snonux/hexai/internal/lsp/handlers_document.go:264.2,264.50 1 0
codeberg.org/snonux/hexai/internal/lsp/handlers_document.go:264.50,266.40 2 0
codeberg.org/snonux/hexai/internal/lsp/handlers_document.go:266.40,267.18 1 0
codeberg.org/snonux/hexai/internal/lsp/handlers_document.go:267.18,269.5 1 0
codeberg.org/snonux/hexai/internal/lsp/handlers_document.go:273.2,274.14 2 0
codeberg.org/snonux/hexai/internal/lsp/handlers_document.go:275.21,276.48 1 0
codeberg.org/snonux/hexai/internal/lsp/handlers_document.go:277.10,278.12 1 0
codeberg.org/snonux/hexai/internal/lsp/handlers_document.go:283.68,290.2 6 0
codeberg.org/snonux/hexai/internal/lsp/handlers_document.go:293.46,300.2 6 0
codeberg.org/snonux/hexai/internal/lsp/handlers_document.go:303.61,318.2 9 0
codeberg.org/snonux/hexai/internal/lsp/handlers_document.go:322.59,323.12 1 0
codeberg.org/snonux/hexai/internal/lsp/handlers_document.go:323.12,326.3 2 0
codeberg.org/snonux/hexai/internal/lsp/handlers_execute.go:8.52,10.55 2 0
codeberg.org/snonux/hexai/internal/lsp/handlers_execute.go:10.55,13.3 2 0
codeberg.org/snonux/hexai/internal/lsp/handlers_execute.go:14.2,14.19 1 0
codeberg.org/snonux/hexai/internal/lsp/handlers_execute.go:15.28,16.28 1 0
codeberg.org/snonux/hexai/internal/lsp/handlers_execute.go:16.28,20.58 3 0
codeberg.org/snonux/hexai/internal/lsp/handlers_execute.go:20.58,22.5 1 0
codeberg.org/snonux/hexai/internal/lsp/handlers_execute.go:23.4,23.17 1 0
codeberg.org/snonux/hexai/internal/lsp/handlers_execute.go:23.17,25.5 1 0
codeberg.org/snonux/hexai/internal/lsp/handlers_execute.go:27.3,28.9 2 0
codeberg.org/snonux/hexai/internal/lsp/handlers_execute.go:29.10,32.9 2 0
codeberg.org/snonux/hexai/internal/lsp/handlers_init.go:11.48,13.24 2 0
codeberg.org/snonux/hexai/internal/lsp/handlers_init.go:13.24,15.3 1 0
codeberg.org/snonux/hexai/internal/lsp/handlers_init.go:16.2,27.27 2 0
codeberg.org/snonux/hexai/internal/lsp/handlers_init.go:30.38,32.2 1 0
codeberg.org/snonux/hexai/internal/lsp/handlers_init.go:34.46,36.2 1 0
codeberg.org/snonux/hexai/internal/lsp/handlers_init.go:38.31,41.2 2 0
codeberg.org/snonux/hexai/internal/lsp/handlers_utils.go:21.55,23.32 2 0
codeberg.org/snonux/hexai/internal/lsp/handlers_utils.go:23.32,25.3 1 0
codeberg.org/snonux/hexai/internal/lsp/handlers_utils.go:26.2,26.13 1 0
codeberg.org/snonux/hexai/internal/lsp/handlers_utils.go:30.41,35.2 4 0
codeberg.org/snonux/hexai/internal/lsp/handlers_utils.go:37.41,42.2 4 0
codeberg.org/snonux/hexai/internal/lsp/handlers_utils.go:44.32,47.23 3 0
codeberg.org/snonux/hexai/internal/lsp/handlers_utils.go:47.23,49.3 1 0
codeberg.org/snonux/hexai/internal/lsp/handlers_utils.go:50.2,51.24 2 0
codeberg.org/snonux/hexai/internal/lsp/handlers_utils.go:51.24,53.3 1 0
codeberg.org/snonux/hexai/internal/lsp/handlers_utils.go:54.2,57.15 4 0
codeberg.org/snonux/hexai/internal/lsp/handlers_utils.go:57.15,59.3 1 0
codeberg.org/snonux/hexai/internal/lsp/handlers_utils.go:60.2,63.211 4 0
codeberg.org/snonux/hexai/internal/lsp/handlers_utils.go:67.51,68.41 1 0
codeberg.org/snonux/hexai/internal/lsp/handlers_utils.go:68.41,70.3 1 0
codeberg.org/snonux/hexai/internal/lsp/handlers_utils.go:71.2,73.71 3 0
codeberg.org/snonux/hexai/internal/lsp/handlers_utils.go:76.110,77.14 1 0
codeberg.org/snonux/hexai/internal/lsp/handlers_utils.go:77.14,81.3 3 0
codeberg.org/snonux/hexai/internal/lsp/handlers_utils.go:82.2,84.18 3 0
[...]
codeberg.org/snonux/hexai/internal/lsp/handlers_document.go:322.59,323.12 1 1
codeberg.org/snonux/hexai/internal/lsp/handlers_document.go:323.12,326.3 2 1
codeberg.org/snonux/hexai/internal/lsp/handlers_execute.go:8.52,10.55 2 1
codeberg.org/snonux/hexai/internal/lsp/handlers_execute.go:10.55,13.3 2 0
codeberg.org/snonux/hexai/internal/lsp/handlers_execute.go:14.2,14.19 1 1
codeberg.org/snonux/hexai/internal/lsp/handlers_execute.go:15.28,16.28 1 1
codeberg.org/snonux/hexai/internal/lsp/handlers_execute.go:16.28,20.58 3 1
codeberg.org/snonux/hexai/internal/lsp/handlers_execute.go:20.58,22.5 1 1
codeberg.org/snonux/hexai/internal/lsp/handlers_execute.go:23.4,23.17 1 1
codeberg.org/snonux/hexai/internal/lsp/handlers_execute.go:23.17,25.5 1 1
codeberg.org/snonux/hexai/internal/lsp/handlers_execute.go:27.3,28.9 2 1
codeberg.org/snonux/hexai/internal/lsp/handlers_execute.go:29.10,32.9 2 0
codeberg.org/snonux/hexai/internal/lsp/handlers_init.go:11.48,13.24 2 2
codeberg.org/snonux/hexai/internal/lsp/handlers_init.go:13.24,15.3 1 0
codeberg.org/snonux/hexai/internal/lsp/handlers_init.go:16.2,27.27 2 2
codeberg.org/snonux/hexai/internal/lsp/handlers_init.go:30.38,32.2 1 0
codeberg.org/snonux/hexai/internal/lsp/handlers_init.go:34.46,36.2 1 1
codeberg.org/snonux/hexai/internal/lsp/handlers_init.go:38.31,41.2 2 0
codeberg.org/snonux/hexai/internal/lsp/handlers_utils.go:21.55,23.32 2 12
codeberg.org/snonux/hexai/internal/lsp/handlers_utils.go:23.32,25.3 1 0
codeberg.org/snonux/hexai/internal/lsp/handlers_utils.go:26.2,26.13 1 12
codeberg.org/snonux/hexai/internal/lsp/handlers_utils.go:30.41,35.2 4 8
codeberg.org/snonux/hexai/internal/lsp/handlers_utils.go:37.41,42.2 4 8
codeberg.org/snonux/hexai/internal/lsp/handlers_utils.go:44.32,47.23 3 8
codeberg.org/snonux/hexai/internal/lsp/handlers_utils.go:47.23,49.3 1 8
codeberg.org/snonux/hexai/internal/lsp/handlers_utils.go:50.2,51.24 2 8
codeberg.org/snonux/hexai/internal/lsp/handlers_utils.go:51.24,53.3 1 8
codeberg.org/snonux/hexai/internal/lsp/handlers_utils.go:54.2,57.15 4 8
codeberg.org/snonux/hexai/internal/lsp/handlers_utils.go:57.15,59.3 1 0
codeberg.org/snonux/hexai/internal/lsp/handlers_utils.go:60.2,63.211 4 8
codeberg.org/snonux/hexai/internal/lsp/handlers_utils.go:67.51,68.41 1 11
codeberg.org/snonux/hexai/internal/lsp/handlers_utils.go:68.41,70.3 1 6
codeberg.org/snonux/hexai/internal/lsp/handlers_utils.go:71.2,73.71 3 5
codeberg.org/snonux/hexai/internal/lsp/handlers_utils.go:76.110,77.14 1 13
codeberg.org/snonux/hexai/internal/lsp/handlers_utils.go:77.14,81.3 3 2
codeberg.org/snonux/hexai/internal/lsp/handlers_utils.go:82.2,84.18 3 11
codeberg.org/snonux/hexai/internal/lsp/handlers_utils.go:87.118,88.14 1 16
codeberg.org/snonux/hexai/internal/lsp/handlers_utils.go:88.14,91.16 3 3
codeberg.org/snonux/hexai/internal/lsp/handlers_utils.go:91.16,94.35 3 3
codeberg.org/snonux/hexai/internal/lsp/handlers_utils.go:94.35,96.5 1 3
codeberg.org/snonux/hexai/internal/lsp/handlers_utils.go:97.4,97.36 1 3
codeberg.org/snonux/hexai/internal/lsp/handlers_utils.go:97.36,99.5 1 2
codeberg.org/snonux/hexai/internal/lsp/handlers_utils.go:100.4,102.59 3 3
codeberg.org/snonux/hexai/internal/lsp/handlers_utils.go:102.59,104.5 1 3
codeberg.org/snonux/hexai/internal/lsp/handlers_utils.go:105.4,105.21 1 3
codeberg.org/snonux/hexai/internal/lsp/handlers_utils.go:108.2,111.19 4 13
codeberg.org/snonux/hexai/internal/lsp/handlers_utils.go:114.51,115.23 1 22
codeberg.org/snonux/hexai/internal/lsp/handlers_utils.go:115.23,117.3 1 0
codeberg.org/snonux/hexai/internal/lsp/handlers_utils.go:118.2,118.13 1 22
codeberg.org/snonux/hexai/internal/lsp/handlers_utils.go:118.13,120.100 2 38
codeberg.org/snonux/hexai/internal/lsp/handlers_utils.go:120.100,122.12 2 20
codeberg.org/snonux/hexai/internal/lsp/handlers_utils.go:124.3,124.8 1 18
codeberg.org/snonux/hexai/internal/lsp/handlers_utils.go:126.2,126.11 1 22
codeberg.org/snonux/hexai/internal/lsp/handlers_utils.go:129.32,131.2 1 24
codeberg.org/snonux/hexai/internal/lsp/handlers_utils.go:134.44,135.50 1 20
codeberg.org/snonux/hexai/internal/lsp/handlers_utils.go:135.50,137.3 1 3
codeberg.org/snonux/hexai/internal/lsp/handlers_utils.go:138.2,138.35 1 17
codeberg.org/snonux/hexai/internal/lsp/handlers_utils.go:141.40,143.20 2 3
codeberg.org/snonux/hexai/internal/lsp/handlers_utils.go:143.20,144.40 1 10
codeberg.org/snonux/hexai/internal/lsp/handlers_utils.go:144.40,146.12 2 7
codeberg.org/snonux/hexai/internal/lsp/handlers_utils.go:148.3,148.8 1 3
codeberg.org/snonux/hexai/internal/lsp/handlers_utils.go:150.2,150.12 1 3
codeberg.org/snonux/hexai/internal/lsp/handlers_utils.go:150.12,152.3 1 0
codeberg.org/snonux/hexai/internal/lsp/handlers_utils.go:153.2,153.17 1 3
codeberg.org/snonux/hexai/internal/lsp/handlers_utils.go:156.52,157.38 1 3
codeberg.org/snonux/hexai/internal/lsp/handlers_utils.go:157.38,159.3 1 0
codeberg.org/snonux/hexai/internal/lsp/handlers_utils.go:160.2,161.27 2 3
codeberg.org/snonux/hexai/internal/lsp/handlers_utils.go:161.27,162.34 1 8
codeberg.org/snonux/hexai/internal/lsp/handlers_utils.go:162.34,163.12 1 1
codeberg.org/snonux/hexai/internal/lsp/handlers_utils.go:165.3,165.36 1 7
codeberg.org/snonux/hexai/internal/lsp/handlers_utils.go:165.36,166.12 1 0
codeberg.org/snonux/hexai/internal/lsp/handlers_utils.go:168.3,168.25 1 7
codeberg.org/snonux/hexai/internal/lsp/handlers_utils.go:170.2,170.34 1 3
codeberg.org/snonux/hexai/internal/lsp/handlers_utils.go:178.64,180.22 2 49
codeberg.org/snonux/hexai/internal/lsp/handlers_utils.go:180.22,183.12 2 64
codeberg.org/snonux/hexai/internal/lsp/handlers_utils.go:183.12,185.4 1 27
codeberg.org/snonux/hexai/internal/lsp/handlers_utils.go:186.3,188.74 2 37
codeberg.org/snonux/hexai/internal/lsp/handlers_utils.go:188.74,190.12 2 21
codeberg.org/snonux/hexai/internal/lsp/handlers_utils.go:193.3,194.12 2 16
codeberg.org/snonux/hexai/internal/lsp/handlers_utils.go:194.12,196.4 1 1
codeberg.org/snonux/hexai/internal/lsp/handlers_utils.go:197.3,198.48 2 15
codeberg.org/snonux/hexai/internal/lsp/handlers_utils.go:198.48,200.12 2 1
codeberg.org/snonux/hexai/internal/lsp/handlers_utils.go:202.3,203.18 2 14
codeberg.org/snonux/hexai/internal/lsp/handlers_utils.go:203.18,205.12 2 0
codeberg.org/snonux/hexai/internal/lsp/handlers_utils.go:207.3,208.29 2 14
codeberg.org/snonux/hexai/internal/lsp/handlers_utils.go:210.2,210.24 1 7
codeberg.org/snonux/hexai/internal/lsp/handlers_utils.go:216.41,220.31 3 19
codeberg.org/snonux/hexai/internal/lsp/handlers_utils.go:220.31,222.3 1 16
codeberg.org/snonux/hexai/internal/lsp/handlers_utils.go:223.2,223.29 1 3
codeberg.org/snonux/hexai/internal/lsp/handlers_utils.go:223.29,225.3 1 1
codeberg.org/snonux/hexai/internal/lsp/handlers_utils.go:226.2,226.31 1 2
codeberg.org/snonux/hexai/internal/lsp/handlers_utils.go:226.31,228.32 2 2
codeberg.org/snonux/hexai/internal/lsp/handlers_utils.go:228.32,230.4 1 2
codeberg.org/snonux/hexai/internal/lsp/handlers_utils.go:232.2,232.14 1 0
codeberg.org/snonux/hexai/internal/lsp/handlers_utils.go:236.83,239.102 2 18
codeberg.org/snonux/hexai/internal/lsp/handlers_utils.go:239.102,241.36 2 4
codeberg.org/snonux/hexai/internal/lsp/handlers_utils.go:241.36,243.136 2 4
codeberg.org/snonux/hexai/internal/lsp/handlers_utils.go:243.136,245.5 1 20
codeberg.org/snonux/hexai/internal/lsp/handlers_utils.go:246.4,248.34 3 4
codeberg.org/snonux/hexai/internal/lsp/handlers_utils.go:248.34,250.5 1 4
codeberg.org/snonux/hexai/internal/lsp/handlers_utils.go:254.2,254.65 1 14
codeberg.org/snonux/hexai/internal/lsp/handlers_utils.go:254.65,255.53 1 2
codeberg.org/snonux/hexai/internal/lsp/handlers_utils.go:255.53,257.37 2 2
codeberg.org/snonux/hexai/internal/lsp/handlers_utils.go:257.37,259.137 2 2
codeberg.org/snonux/hexai/internal/lsp/handlers_utils.go:259.137,261.6 1 4
codeberg.org/snonux/hexai/internal/lsp/handlers_utils.go:262.5,264.35 3 2
codeberg.org/snonux/hexai/internal/lsp/handlers_utils.go:264.35,266.6 1 2
codeberg.org/snonux/hexai/internal/lsp/handlers_utils.go:270.2,270.19 1 12
codeberg.org/snonux/hexai/internal/lsp/handlers_utils.go:274.80,275.22 1 18
codeberg.org/snonux/hexai/internal/lsp/handlers_utils.go:275.22,277.3 1 0
codeberg.org/snonux/hexai/internal/lsp/handlers_utils.go:278.2,280.40 3 18
codeberg.org/snonux/hexai/internal/lsp/handlers_utils.go:280.40,282.3 1 5
codeberg.org/snonux/hexai/internal/lsp/handlers_utils.go:283.2,283.34 1 13
codeberg.org/snonux/hexai/internal/lsp/handlers_utils.go:283.34,284.31 1 100
codeberg.org/snonux/hexai/internal/lsp/handlers_utils.go:284.31,285.12 1 77
codeberg.org/snonux/hexai/internal/lsp/handlers_utils.go:287.3,288.16 2 23
codeberg.org/snonux/hexai/internal/lsp/handlers_utils.go:288.16,289.12 1 0
codeberg.org/snonux/hexai/internal/lsp/handlers_utils.go:291.3,291.32 1 23
codeberg.org/snonux/hexai/internal/lsp/handlers_utils.go:291.32,293.4 1 0
codeberg.org/snonux/hexai/internal/lsp/handlers_utils.go:295.2,295.19 1 13
codeberg.org/snonux/hexai/internal/lsp/handlers_utils.go:298.36,300.2 1 100
codeberg.org/snonux/hexai/internal/lsp/handlers_utils.go:303.39,305.13 2 31
codeberg.org/snonux/hexai/internal/lsp/handlers_utils.go:305.13,307.3 1 0
codeberg.org/snonux/hexai/internal/lsp/handlers_utils.go:308.2,310.66 3 31
codeberg.org/snonux/hexai/internal/lsp/handlers_utils.go:310.66,312.3 1 0
codeberg.org/snonux/hexai/internal/lsp/handlers_utils.go:313.2,314.54 2 31
codeberg.org/snonux/hexai/internal/lsp/handlers_utils.go:314.54,316.3 1 0
codeberg.org/snonux/hexai/internal/lsp/handlers_utils.go:317.2,317.51 1 31
codeberg.org/snonux/hexai/internal/lsp/handlers_utils.go:317.51,319.3 1 0
codeberg.org/snonux/hexai/internal/lsp/handlers_utils.go:320.2,322.69 3 31
codeberg.org/snonux/hexai/internal/lsp/handlers_utils.go:322.69,325.3 2 8
codeberg.org/snonux/hexai/internal/lsp/handlers_utils.go:326.2,326.10 1 23
codeberg.org/snonux/hexai/internal/lsp/handlers_utils.go:330.43,332.13 2 10
codeberg.org/snonux/hexai/internal/lsp/handlers_utils.go:332.13,334.3 1 0
codeberg.org/snonux/hexai/internal/lsp/handlers_utils.go:335.2,336.11 2 10
codeberg.org/snonux/hexai/internal/lsp/handlers_utils.go:336.11,338.3 1 2
codeberg.org/snonux/hexai/internal/lsp/handlers_utils.go:339.2,340.14 2 8
codeberg.org/snonux/hexai/internal/lsp/handlers_utils.go:340.14,342.3 1 2
codeberg.org/snonux/hexai/internal/lsp/handlers_utils.go:343.2,344.19 2 6
codeberg.org/snonux/hexai/internal/lsp/handlers_utils.go:348.56,350.89 2 17
codeberg.org/snonux/hexai/internal/lsp/handlers_utils.go:350.89,352.3 1 3
codeberg.org/snonux/hexai/internal/lsp/handlers_utils.go:353.2,353.14 1 14
codeberg.org/snonux/hexai/internal/lsp/handlers_utils.go:357.52,358.32 1 4
codeberg.org/snonux/hexai/internal/lsp/handlers_utils.go:358.32,360.28 2 3
codeberg.org/snonux/hexai/internal/lsp/handlers_utils.go:360.28,362.4 1 0
codeberg.org/snonux/hexai/internal/lsp/handlers_utils.go:363.3,363.34 1 3
codeberg.org/snonux/hexai/internal/lsp/handlers_utils.go:363.34,365.4 1 0
codeberg.org/snonux/hexai/internal/lsp/handlers_utils.go:366.3,366.42 1 3
codeberg.org/snonux/hexai/internal/lsp/handlers_utils.go:366.42,368.4 1 1
codeberg.org/snonux/hexai/internal/lsp/handlers_utils.go:369.3,369.49 1 2
codeberg.org/snonux/hexai/internal/lsp/handlers_utils.go:371.2,374.27 3 1
codeberg.org/snonux/hexai/internal/lsp/handlers_utils.go:374.27,376.3 1 0
codeberg.org/snonux/hexai/internal/lsp/handlers_utils.go:377.2,377.36 1 1
codeberg.org/snonux/hexai/internal/lsp/handlers_utils.go:377.36,379.3 1 0
codeberg.org/snonux/hexai/internal/lsp/handlers_utils.go:380.2,383.49 3 1
codeberg.org/snonux/hexai/internal/lsp/handlers_utils.go:383.49,385.24 2 1
codeberg.org/snonux/hexai/internal/lsp/handlers_utils.go:385.24,387.4 1 1
codeberg.org/snonux/hexai/internal/lsp/handlers_utils.go:390.2,391.25 2 1
codeberg.org/snonux/hexai/internal/lsp/handlers_utils.go:391.25,393.3 1 0
codeberg.org/snonux/hexai/internal/lsp/handlers_utils.go:394.2,394.33 1 1
codeberg.org/snonux/hexai/internal/lsp/handlers_utils.go:394.33,396.3 1 0
codeberg.org/snonux/hexai/internal/lsp/handlers_utils.go:397.2,398.19 2 1
codeberg.org/snonux/hexai/internal/lsp/handlers_utils.go:402.67,404.35 2 12
codeberg.org/snonux/hexai/internal/lsp/handlers_utils.go:404.35,406.3 1 11
codeberg.org/snonux/hexai/internal/lsp/handlers_utils.go:407.2,408.31 2 1
codeberg.org/snonux/hexai/internal/lsp/handlers_utils.go:408.31,410.3 1 4
codeberg.org/snonux/hexai/internal/lsp/handlers_utils.go:411.2,411.14 1 1
codeberg.org/snonux/hexai/internal/lsp/handlers_utils.go:414.69,415.32 1 7
codeberg.org/snonux/hexai/internal/lsp/handlers_utils.go:415.32,417.3 1 3
codeberg.org/snonux/hexai/internal/lsp/handlers_utils.go:418.2,418.47 1 4
codeberg.org/snonux/hexai/internal/lsp/handlers_utils.go:421.45,423.22 2 51
codeberg.org/snonux/hexai/internal/lsp/handlers_utils.go:423.22,427.12 3 53
codeberg.org/snonux/hexai/internal/lsp/handlers_utils.go:427.12,429.4 1 32
codeberg.org/snonux/hexai/internal/lsp/handlers_utils.go:430.3,432.32 3 21
codeberg.org/snonux/hexai/internal/lsp/handlers_utils.go:432.32,434.4 1 7
codeberg.org/snonux/hexai/internal/lsp/handlers_utils.go:435.3,436.46 2 14
codeberg.org/snonux/hexai/internal/lsp/handlers_utils.go:436.46,438.12 2 4
codeberg.org/snonux/hexai/internal/lsp/handlers_utils.go:441.3,442.12 2 10
codeberg.org/snonux/hexai/internal/lsp/handlers_utils.go:442.12,444.4 1 0
codeberg.org/snonux/hexai/internal/lsp/handlers_utils.go:445.3,446.49 2 10
codeberg.org/snonux/hexai/internal/lsp/handlers_utils.go:446.49,448.12 2 1
codeberg.org/snonux/hexai/internal/lsp/handlers_utils.go:450.3,450.14 1 9
codeberg.org/snonux/hexai/internal/lsp/handlers_utils.go:452.2,452.14 1 3
codeberg.org/snonux/hexai/internal/lsp/handlers_utils.go:455.67,458.28 3 5
codeberg.org/snonux/hexai/internal/lsp/handlers_utils.go:458.28,460.12 2 9
codeberg.org/snonux/hexai/internal/lsp/handlers_utils.go:460.12,461.9 1 4
codeberg.org/snonux/hexai/internal/lsp/handlers_utils.go:463.3,465.12 3 5
codeberg.org/snonux/hexai/internal/lsp/handlers_utils.go:465.12,466.9 1 0
codeberg.org/snonux/hexai/internal/lsp/handlers_utils.go:468.3,468.43 1 5
codeberg.org/snonux/hexai/internal/lsp/handlers_utils.go:468.43,470.12 2 0
codeberg.org/snonux/hexai/internal/lsp/handlers_utils.go:472.3,472.34 1 5
codeberg.org/snonux/hexai/internal/lsp/handlers_utils.go:472.34,474.12 2 0
codeberg.org/snonux/hexai/internal/lsp/handlers_utils.go:476.3,477.48 2 5
codeberg.org/snonux/hexai/internal/lsp/handlers_utils.go:477.48,479.12 2 0
codeberg.org/snonux/hexai/internal/lsp/handlers_utils.go:481.3,481.25 1 5
codeberg.org/snonux/hexai/internal/lsp/handlers_utils.go:481.25,483.12 2 0
codeberg.org/snonux/hexai/internal/lsp/handlers_utils.go:485.3,486.50 2 5
codeberg.org/snonux/hexai/internal/lsp/handlers_utils.go:486.50,488.4 1 4
codeberg.org/snonux/hexai/internal/lsp/handlers_utils.go:489.3,490.22 2 5
codeberg.org/snonux/hexai/internal/lsp/handlers_utils.go:492.2,492.14 1 5
codeberg.org/snonux/hexai/internal/lsp/server.go:86.90,89.20 3 5
codeberg.org/snonux/hexai/internal/lsp/server.go:89.20,91.3 1 5
codeberg.org/snonux/hexai/internal/lsp/server.go:92.2,94.23 3 5
codeberg.org/snonux/hexai/internal/lsp/server.go:94.23,96.3 1 5
codeberg.org/snonux/hexai/internal/lsp/server.go:97.2,98.22 2 5
codeberg.org/snonux/hexai/internal/lsp/server.go:98.22,100.3 1 5
codeberg.org/snonux/hexai/internal/lsp/server.go:101.2,102.27 2 5
codeberg.org/snonux/hexai/internal/lsp/server.go:102.27,104.3 1 5
codeberg.org/snonux/hexai/internal/lsp/server.go:105.2,111.38 6 5
codeberg.org/snonux/hexai/internal/lsp/server.go:111.38,114.3 1 5
codeberg.org/snonux/hexai/internal/lsp/server.go:114.8,116.3 1 0
codeberg.org/snonux/hexai/internal/lsp/server.go:117.2,120.35 4 5
codeberg.org/snonux/hexai/internal/lsp/server.go:120.35,122.3 1 0
codeberg.org/snonux/hexai/internal/lsp/server.go:123.2,123.35 1 5
codeberg.org/snonux/hexai/internal/lsp/server.go:123.35,125.3 1 0
codeberg.org/snonux/hexai/internal/lsp/server.go:127.2,127.46 1 5
codeberg.org/snonux/hexai/internal/lsp/server.go:127.46,129.3 1 4
codeberg.org/snonux/hexai/internal/lsp/server.go:129.8,131.3 1 1
codeberg.org/snonux/hexai/internal/lsp/server.go:132.2,132.47 1 5
codeberg.org/snonux/hexai/internal/lsp/server.go:132.47,134.3 1 4
codeberg.org/snonux/hexai/internal/lsp/server.go:134.8,136.3 1 1
codeberg.org/snonux/hexai/internal/lsp/server.go:137.2,137.46 1 5
codeberg.org/snonux/hexai/internal/lsp/server.go:137.46,139.3 1 3
codeberg.org/snonux/hexai/internal/lsp/server.go:139.8,141.3 1 2
codeberg.org/snonux/hexai/internal/lsp/server.go:142.2,142.33 1 5
codeberg.org/snonux/hexai/internal/lsp/server.go:142.33,144.3 1 3
codeberg.org/snonux/hexai/internal/lsp/server.go:144.8,146.3 1 2
codeberg.org/snonux/hexai/internal/lsp/server.go:149.2,149.24 1 5
codeberg.org/snonux/hexai/internal/lsp/server.go:149.24,151.3 1 5
codeberg.org/snonux/hexai/internal/lsp/server.go:152.2,152.25 1 5
codeberg.org/snonux/hexai/internal/lsp/server.go:152.25,154.3 1 5
codeberg.org/snonux/hexai/internal/lsp/server.go:155.2,155.24 1 5
codeberg.org/snonux/hexai/internal/lsp/server.go:155.24,157.3 1 5
codeberg.org/snonux/hexai/internal/lsp/server.go:158.2,158.29 1 5
codeberg.org/snonux/hexai/internal/lsp/server.go:158.29,160.3 1 5
codeberg.org/snonux/hexai/internal/lsp/server.go:162.2,164.47 1 5
codeberg.org/snonux/hexai/internal/lsp/server.go:164.47,164.72 1 0
codeberg.org/snonux/hexai/internal/lsp/server.go:166.47,166.65 1 0
codeberg.org/snonux/hexai/internal/lsp/server.go:175.2,175.10 1 5
codeberg.org/snonux/hexai/internal/lsp/server.go:178.30,179.6 1 0
codeberg.org/snonux/hexai/internal/lsp/server.go:179.6,181.20 2 0
codeberg.org/snonux/hexai/internal/lsp/server.go:181.20,183.4 1 0
codeberg.org/snonux/hexai/internal/lsp/server.go:184.3,184.17 1 0
codeberg.org/snonux/hexai/internal/lsp/server.go:184.17,186.4 1 0
codeberg.org/snonux/hexai/internal/lsp/server.go:187.3,188.52 2 0
codeberg.org/snonux/hexai/internal/lsp/server.go:188.52,190.12 2 0
codeberg.org/snonux/hexai/internal/lsp/server.go:192.3,192.23 1 0
codeberg.org/snonux/hexai/internal/lsp/server.go:192.23,194.12 1 0
codeberg.org/snonux/hexai/internal/lsp/server.go:196.3,197.15 2 0
codeberg.org/snonux/hexai/internal/lsp/server.go:197.15,199.4 1 0
codeberg.org/snonux/hexai/internal/lsp/transport.go:15.48,18.6 3 1
codeberg.org/snonux/hexai/internal/lsp/transport.go:18.6,20.17 2 2
codeberg.org/snonux/hexai/internal/lsp/transport.go:20.17,22.4 1 0
codeberg.org/snonux/hexai/internal/lsp/transport.go:23.3,23.17 1 2
codeberg.org/snonux/hexai/internal/lsp/transport.go:23.17,24.9 1 1
codeberg.org/snonux/hexai/internal/lsp/transport.go:26.3,27.22 2 1
codeberg.org/snonux/hexai/internal/lsp/transport.go:27.22,28.12 1 0
codeberg.org/snonux/hexai/internal/lsp/transport.go:30.3,32.14 3 1
codeberg.org/snonux/hexai/internal/lsp/transport.go:33.25,35.18 2 1
codeberg.org/snonux/hexai/internal/lsp/transport.go:35.18,37.5 1 0
codeberg.org/snonux/hexai/internal/lsp/transport.go:38.4,38.21 1 1
codeberg.org/snonux/hexai/internal/lsp/transport.go:41.2,41.24 1 1
codeberg.org/snonux/hexai/internal/lsp/transport.go:41.24,43.3 1 0
codeberg.org/snonux/hexai/internal/lsp/transport.go:44.2,45.50 2 1
codeberg.org/snonux/hexai/internal/lsp/transport.go:45.50,47.3 1 0
codeberg.org/snonux/hexai/internal/lsp/transport.go:48.2,48.17 1 1
codeberg.org/snonux/hexai/internal/lsp/transport.go:51.38,53.16 2 17
codeberg.org/snonux/hexai/internal/lsp/transport.go:53.16,56.3 2 0
codeberg.org/snonux/hexai/internal/lsp/transport.go:57.2,58.57 2 17
codeberg.org/snonux/hexai/internal/lsp/transport.go:58.57,61.3 2 0
codeberg.org/snonux/hexai/internal/lsp/transport.go:62.2,62.45 1 17
codeberg.org/snonux/hexai/internal/lsp/transport.go:62.45,65.3 2 0
codeberg.org/snonux/hexai/internal/testutil/fixtures.go:4.33,6.2 1 1
codeberg.org/snonux/hexai/internal/testutil/fixtures.go:9.34,11.2 1 1
codeberg.org/snonux/hexai/internal/testutil/fixtures.go:14.43,16.2 1 1
codeberg.org/snonux/hexai/internal/testutil/fixtures.go:19.33,21.2 1 0
codeberg.org/snonux/hexai/internal/testutil/fixtures.go:24.29,26.2 1 0
